#! /opt/homebrew/Cellar/icarus-verilog/12.0/bin/vvp
:ivl_version "12.0 (stable)";
:ivl_delay_selection "TYPICAL";
:vpi_time_precision - 12;
:vpi_module "/opt/homebrew/Cellar/icarus-verilog/12.0/lib/ivl/system.vpi";
:vpi_module "/opt/homebrew/Cellar/icarus-verilog/12.0/lib/ivl/vhdl_sys.vpi";
:vpi_module "/opt/homebrew/Cellar/icarus-verilog/12.0/lib/ivl/vhdl_textio.vpi";
:vpi_module "/opt/homebrew/Cellar/icarus-verilog/12.0/lib/ivl/v2005_math.vpi";
:vpi_module "/opt/homebrew/Cellar/icarus-verilog/12.0/lib/ivl/va_math.vpi";
S_0x12070f480 .scope module, "mips" "mips" 2 12;
 .timescale -9 -12;
v0x1207579c0_0 .net "BusA", 31 0, v0x1207547f0_0;  1 drivers
v0x120757ab0_0 .net "BusB", 31 0, v0x1207548a0_0;  1 drivers
v0x120757b40_0 .net "BusB2", 31 0, v0x120750c00_0;  1 drivers
v0x120757c10_0 .net "BusW", 31 0, v0x1207468b0_0;  1 drivers
v0x120757ca0_0 .net "BusW2", 31 0, v0x120757240_0;  1 drivers
v0x120757db0_0 .net "aluCtr", 2 0, v0x120751150_0;  1 drivers
v0x120757e80_0 .net "aluSrc", 0 0, v0x120751220_0;  1 drivers
v0x120757f50_0 .var "clk", 0 0;
v0x120757fe0_0 .net "dmData", 31 0, v0x120753a30_0;  1 drivers
v0x1207580f0_0 .net "ext_op", 1 0, v0x1207512d0_0;  1 drivers
v0x1207581c0_0 .net "funct", 5 0, v0x120751e10_0;  1 drivers
v0x120758290_0 .net "imm16", 15 0, v0x120751ee0_0;  1 drivers
v0x120758360_0 .net "imm26", 25 0, v0x120751f70_0;  1 drivers
v0x120758430_0 .net "imm32", 31 0, v0x120754030_0;  1 drivers
v0x1207584c0_0 .net "instr", 31 0, v0x120755600_0;  1 drivers
v0x120758550_0 .net "mem2Reg", 0 0, v0x120751420_0;  1 drivers
v0x120758620_0 .net "memWrite", 0 0, v0x120751500_0;  1 drivers
v0x1207587f0_0 .net "nPC_sel", 1 0, v0x1207515a0_0;  1 drivers
v0x120758880_0 .net "opcode", 5 0, v0x120752090_0;  1 drivers
v0x120758910_0 .net "pc", 31 0, v0x120756b90_0;  1 drivers
v0x1207589e0_0 .net "pcReset", 0 0, v0x120751700_0;  1 drivers
v0x120758ab0_0 .net "rd", 4 0, v0x120752170_0;  1 drivers
v0x120758b80_0 .net "regDst", 0 0, v0x120751810_0;  1 drivers
v0x120758c50_0 .net "regWrite", 0 0, v0x1207518a0_0;  1 drivers
v0x120758d20_0 .net "rs", 4 0, v0x120752210_0;  1 drivers
v0x120758df0_0 .net "rt", 4 0, v0x1207522c0_0;  1 drivers
v0x120758e80_0 .net "rw", 4 0, v0x120757810_0;  1 drivers
v0x120758f50_0 .net "shamt", 4 0, v0x120752370_0;  1 drivers
v0x120758fe0_0 .net "zero", 0 0, v0x1207506d0_0;  1 drivers
S_0x12070d820 .scope module, "ALU" "alu" 2 101, 3 1 0, S_0x12070f480;
 .timescale 0 0;
    .port_info 0 /INPUT 32 "srcA";
    .port_info 1 /INPUT 32 "srcB";
    .port_info 2 /INPUT 3 "ctrl";
    .port_info 3 /OUTPUT 1 "zero";
    .port_info 4 /OUTPUT 32 "aluResu";
v0x1207468b0_0 .var "aluResu", 31 0;
v0x1207504b0_0 .net "ctrl", 2 0, v0x120751150_0;  alias, 1 drivers
v0x120750560_0 .net "srcA", 31 0, v0x1207547f0_0;  alias, 1 drivers
v0x120750620_0 .net "srcB", 31 0, v0x120750c00_0;  alias, 1 drivers
v0x1207506d0_0 .var "zero", 0 0;
E_0x120716b90 .event anyedge, v0x1207504b0_0, v0x120750560_0, v0x120750620_0, v0x1207468b0_0;
S_0x120750830 .scope module, "ALUSrcMux" "mux32" 2 90, 4 1 0, S_0x12070f480;
 .timescale 0 0;
    .port_info 0 /INPUT 1 "sel";
    .port_info 1 /INPUT 32 "a";
    .port_info 2 /INPUT 32 "b";
    .port_info 3 /OUTPUT 32 "c";
v0x120750ab0_0 .net "a", 31 0, v0x1207548a0_0;  alias, 1 drivers
v0x120750b50_0 .net "b", 31 0, v0x120754030_0;  alias, 1 drivers
v0x120750c00_0 .var "c", 31 0;
v0x120750cd0_0 .net "sel", 0 0, v0x120751220_0;  alias, 1 drivers
E_0x120750a50 .event anyedge, v0x120750cd0_0, v0x120750ab0_0, v0x120750b50_0;
S_0x120750dc0 .scope module, "CTRL" "ctrl" 2 36, 5 1 0, S_0x12070f480;
 .timescale 0 0;
    .port_info 0 /INPUT 6 "op";
    .port_info 1 /INPUT 6 "funct";
    .port_info 2 /OUTPUT 1 "mem2Reg";
    .port_info 3 /OUTPUT 1 "memWrite";
    .port_info 4 /OUTPUT 1 "aluSrc";
    .port_info 5 /OUTPUT 1 "regDst";
    .port_info 6 /OUTPUT 1 "regWrite";
    .port_info 7 /OUTPUT 2 "nPC_sel";
    .port_info 8 /OUTPUT 1 "pcReset";
    .port_info 9 /OUTPUT 2 "ext_op";
    .port_info 10 /OUTPUT 3 "aluCtr";
v0x120751150_0 .var "aluCtr", 2 0;
v0x120751220_0 .var "aluSrc", 0 0;
v0x1207512d0_0 .var "ext_op", 1 0;
v0x120751380_0 .net "funct", 5 0, v0x120751e10_0;  alias, 1 drivers
v0x120751420_0 .var "mem2Reg", 0 0;
v0x120751500_0 .var "memWrite", 0 0;
v0x1207515a0_0 .var "nPC_sel", 1 0;
v0x120751650_0 .net "op", 5 0, v0x120752090_0;  alias, 1 drivers
v0x120751700_0 .var "pcReset", 0 0;
v0x120751810_0 .var "regDst", 0 0;
v0x1207518a0_0 .var "regWrite", 0 0;
v0x120751940_0 .var "tempcode", 12 0;
E_0x1207510f0 .event anyedge, v0x120751650_0, v0x120751380_0, v0x120751940_0;
S_0x120751b00 .scope module, "DIV" "divider" 2 50, 6 1 0, S_0x12070f480;
 .timescale 0 0;
    .port_info 0 /INPUT 32 "instr";
    .port_info 1 /OUTPUT 6 "opcode";
    .port_info 2 /OUTPUT 5 "rs";
    .port_info 3 /OUTPUT 5 "rt";
    .port_info 4 /OUTPUT 5 "rd";
    .port_info 5 /OUTPUT 5 "shamt";
    .port_info 6 /OUTPUT 6 "funct";
    .port_info 7 /OUTPUT 16 "imm16";
    .port_info 8 /OUTPUT 26 "imm26";
v0x120751e10_0 .var "funct", 5 0;
v0x120751ee0_0 .var "imm16", 15 0;
v0x120751f70_0 .var "imm26", 25 0;
v0x120752000_0 .net "instr", 31 0, v0x120755600_0;  alias, 1 drivers
v0x120752090_0 .var "opcode", 5 0;
v0x120752170_0 .var "rd", 4 0;
v0x120752210_0 .var "rs", 4 0;
v0x1207522c0_0 .var "rt", 4 0;
v0x120752370_0 .var "shamt", 4 0;
E_0x1207514b0 .event anyedge, v0x120752000_0;
S_0x120752580 .scope module, "DM" "dm" 2 71, 7 1 0, S_0x12070f480;
 .timescale 0 0;
    .port_info 0 /INPUT 32 "addr";
    .port_info 1 /INPUT 32 "wd";
    .port_info 2 /INPUT 1 "wrEn";
    .port_info 3 /INPUT 1 "clk";
    .port_info 4 /OUTPUT 32 "rd";
v0x120752840_0 .net "addr", 31 0, v0x1207468b0_0;  alias, 1 drivers
v0x1207528f0_0 .net "clk", 0 0, v0x120757f50_0;  1 drivers
v0x120752980 .array "dataMem", 0 255, 31 0;
v0x120753a30_0 .var "rd", 31 0;
v0x120753ae0_0 .net "wd", 31 0, v0x1207548a0_0;  alias, 1 drivers
v0x120753bc0_0 .net "wrEn", 0 0, v0x120751500_0;  alias, 1 drivers
E_0x1207527a0 .event posedge, v0x1207528f0_0;
v0x120752980_0 .array/port v0x120752980, 0;
v0x120752980_1 .array/port v0x120752980, 1;
v0x120752980_2 .array/port v0x120752980, 2;
E_0x120752800/0 .event anyedge, v0x1207468b0_0, v0x120752980_0, v0x120752980_1, v0x120752980_2;
v0x120752980_3 .array/port v0x120752980, 3;
v0x120752980_4 .array/port v0x120752980, 4;
v0x120752980_5 .array/port v0x120752980, 5;
v0x120752980_6 .array/port v0x120752980, 6;
E_0x120752800/1 .event anyedge, v0x120752980_3, v0x120752980_4, v0x120752980_5, v0x120752980_6;
v0x120752980_7 .array/port v0x120752980, 7;
v0x120752980_8 .array/port v0x120752980, 8;
v0x120752980_9 .array/port v0x120752980, 9;
v0x120752980_10 .array/port v0x120752980, 10;
E_0x120752800/2 .event anyedge, v0x120752980_7, v0x120752980_8, v0x120752980_9, v0x120752980_10;
v0x120752980_11 .array/port v0x120752980, 11;
v0x120752980_12 .array/port v0x120752980, 12;
v0x120752980_13 .array/port v0x120752980, 13;
v0x120752980_14 .array/port v0x120752980, 14;
E_0x120752800/3 .event anyedge, v0x120752980_11, v0x120752980_12, v0x120752980_13, v0x120752980_14;
v0x120752980_15 .array/port v0x120752980, 15;
v0x120752980_16 .array/port v0x120752980, 16;
v0x120752980_17 .array/port v0x120752980, 17;
v0x120752980_18 .array/port v0x120752980, 18;
E_0x120752800/4 .event anyedge, v0x120752980_15, v0x120752980_16, v0x120752980_17, v0x120752980_18;
v0x120752980_19 .array/port v0x120752980, 19;
v0x120752980_20 .array/port v0x120752980, 20;
v0x120752980_21 .array/port v0x120752980, 21;
v0x120752980_22 .array/port v0x120752980, 22;
E_0x120752800/5 .event anyedge, v0x120752980_19, v0x120752980_20, v0x120752980_21, v0x120752980_22;
v0x120752980_23 .array/port v0x120752980, 23;
v0x120752980_24 .array/port v0x120752980, 24;
v0x120752980_25 .array/port v0x120752980, 25;
v0x120752980_26 .array/port v0x120752980, 26;
E_0x120752800/6 .event anyedge, v0x120752980_23, v0x120752980_24, v0x120752980_25, v0x120752980_26;
v0x120752980_27 .array/port v0x120752980, 27;
v0x120752980_28 .array/port v0x120752980, 28;
v0x120752980_29 .array/port v0x120752980, 29;
v0x120752980_30 .array/port v0x120752980, 30;
E_0x120752800/7 .event anyedge, v0x120752980_27, v0x120752980_28, v0x120752980_29, v0x120752980_30;
v0x120752980_31 .array/port v0x120752980, 31;
v0x120752980_32 .array/port v0x120752980, 32;
v0x120752980_33 .array/port v0x120752980, 33;
v0x120752980_34 .array/port v0x120752980, 34;
E_0x120752800/8 .event anyedge, v0x120752980_31, v0x120752980_32, v0x120752980_33, v0x120752980_34;
v0x120752980_35 .array/port v0x120752980, 35;
v0x120752980_36 .array/port v0x120752980, 36;
v0x120752980_37 .array/port v0x120752980, 37;
v0x120752980_38 .array/port v0x120752980, 38;
E_0x120752800/9 .event anyedge, v0x120752980_35, v0x120752980_36, v0x120752980_37, v0x120752980_38;
v0x120752980_39 .array/port v0x120752980, 39;
v0x120752980_40 .array/port v0x120752980, 40;
v0x120752980_41 .array/port v0x120752980, 41;
v0x120752980_42 .array/port v0x120752980, 42;
E_0x120752800/10 .event anyedge, v0x120752980_39, v0x120752980_40, v0x120752980_41, v0x120752980_42;
v0x120752980_43 .array/port v0x120752980, 43;
v0x120752980_44 .array/port v0x120752980, 44;
v0x120752980_45 .array/port v0x120752980, 45;
v0x120752980_46 .array/port v0x120752980, 46;
E_0x120752800/11 .event anyedge, v0x120752980_43, v0x120752980_44, v0x120752980_45, v0x120752980_46;
v0x120752980_47 .array/port v0x120752980, 47;
v0x120752980_48 .array/port v0x120752980, 48;
v0x120752980_49 .array/port v0x120752980, 49;
v0x120752980_50 .array/port v0x120752980, 50;
E_0x120752800/12 .event anyedge, v0x120752980_47, v0x120752980_48, v0x120752980_49, v0x120752980_50;
v0x120752980_51 .array/port v0x120752980, 51;
v0x120752980_52 .array/port v0x120752980, 52;
v0x120752980_53 .array/port v0x120752980, 53;
v0x120752980_54 .array/port v0x120752980, 54;
E_0x120752800/13 .event anyedge, v0x120752980_51, v0x120752980_52, v0x120752980_53, v0x120752980_54;
v0x120752980_55 .array/port v0x120752980, 55;
v0x120752980_56 .array/port v0x120752980, 56;
v0x120752980_57 .array/port v0x120752980, 57;
v0x120752980_58 .array/port v0x120752980, 58;
E_0x120752800/14 .event anyedge, v0x120752980_55, v0x120752980_56, v0x120752980_57, v0x120752980_58;
v0x120752980_59 .array/port v0x120752980, 59;
v0x120752980_60 .array/port v0x120752980, 60;
v0x120752980_61 .array/port v0x120752980, 61;
v0x120752980_62 .array/port v0x120752980, 62;
E_0x120752800/15 .event anyedge, v0x120752980_59, v0x120752980_60, v0x120752980_61, v0x120752980_62;
v0x120752980_63 .array/port v0x120752980, 63;
v0x120752980_64 .array/port v0x120752980, 64;
v0x120752980_65 .array/port v0x120752980, 65;
v0x120752980_66 .array/port v0x120752980, 66;
E_0x120752800/16 .event anyedge, v0x120752980_63, v0x120752980_64, v0x120752980_65, v0x120752980_66;
v0x120752980_67 .array/port v0x120752980, 67;
v0x120752980_68 .array/port v0x120752980, 68;
v0x120752980_69 .array/port v0x120752980, 69;
v0x120752980_70 .array/port v0x120752980, 70;
E_0x120752800/17 .event anyedge, v0x120752980_67, v0x120752980_68, v0x120752980_69, v0x120752980_70;
v0x120752980_71 .array/port v0x120752980, 71;
v0x120752980_72 .array/port v0x120752980, 72;
v0x120752980_73 .array/port v0x120752980, 73;
v0x120752980_74 .array/port v0x120752980, 74;
E_0x120752800/18 .event anyedge, v0x120752980_71, v0x120752980_72, v0x120752980_73, v0x120752980_74;
v0x120752980_75 .array/port v0x120752980, 75;
v0x120752980_76 .array/port v0x120752980, 76;
v0x120752980_77 .array/port v0x120752980, 77;
v0x120752980_78 .array/port v0x120752980, 78;
E_0x120752800/19 .event anyedge, v0x120752980_75, v0x120752980_76, v0x120752980_77, v0x120752980_78;
v0x120752980_79 .array/port v0x120752980, 79;
v0x120752980_80 .array/port v0x120752980, 80;
v0x120752980_81 .array/port v0x120752980, 81;
v0x120752980_82 .array/port v0x120752980, 82;
E_0x120752800/20 .event anyedge, v0x120752980_79, v0x120752980_80, v0x120752980_81, v0x120752980_82;
v0x120752980_83 .array/port v0x120752980, 83;
v0x120752980_84 .array/port v0x120752980, 84;
v0x120752980_85 .array/port v0x120752980, 85;
v0x120752980_86 .array/port v0x120752980, 86;
E_0x120752800/21 .event anyedge, v0x120752980_83, v0x120752980_84, v0x120752980_85, v0x120752980_86;
v0x120752980_87 .array/port v0x120752980, 87;
v0x120752980_88 .array/port v0x120752980, 88;
v0x120752980_89 .array/port v0x120752980, 89;
v0x120752980_90 .array/port v0x120752980, 90;
E_0x120752800/22 .event anyedge, v0x120752980_87, v0x120752980_88, v0x120752980_89, v0x120752980_90;
v0x120752980_91 .array/port v0x120752980, 91;
v0x120752980_92 .array/port v0x120752980, 92;
v0x120752980_93 .array/port v0x120752980, 93;
v0x120752980_94 .array/port v0x120752980, 94;
E_0x120752800/23 .event anyedge, v0x120752980_91, v0x120752980_92, v0x120752980_93, v0x120752980_94;
v0x120752980_95 .array/port v0x120752980, 95;
v0x120752980_96 .array/port v0x120752980, 96;
v0x120752980_97 .array/port v0x120752980, 97;
v0x120752980_98 .array/port v0x120752980, 98;
E_0x120752800/24 .event anyedge, v0x120752980_95, v0x120752980_96, v0x120752980_97, v0x120752980_98;
v0x120752980_99 .array/port v0x120752980, 99;
v0x120752980_100 .array/port v0x120752980, 100;
v0x120752980_101 .array/port v0x120752980, 101;
v0x120752980_102 .array/port v0x120752980, 102;
E_0x120752800/25 .event anyedge, v0x120752980_99, v0x120752980_100, v0x120752980_101, v0x120752980_102;
v0x120752980_103 .array/port v0x120752980, 103;
v0x120752980_104 .array/port v0x120752980, 104;
v0x120752980_105 .array/port v0x120752980, 105;
v0x120752980_106 .array/port v0x120752980, 106;
E_0x120752800/26 .event anyedge, v0x120752980_103, v0x120752980_104, v0x120752980_105, v0x120752980_106;
v0x120752980_107 .array/port v0x120752980, 107;
v0x120752980_108 .array/port v0x120752980, 108;
v0x120752980_109 .array/port v0x120752980, 109;
v0x120752980_110 .array/port v0x120752980, 110;
E_0x120752800/27 .event anyedge, v0x120752980_107, v0x120752980_108, v0x120752980_109, v0x120752980_110;
v0x120752980_111 .array/port v0x120752980, 111;
v0x120752980_112 .array/port v0x120752980, 112;
v0x120752980_113 .array/port v0x120752980, 113;
v0x120752980_114 .array/port v0x120752980, 114;
E_0x120752800/28 .event anyedge, v0x120752980_111, v0x120752980_112, v0x120752980_113, v0x120752980_114;
v0x120752980_115 .array/port v0x120752980, 115;
v0x120752980_116 .array/port v0x120752980, 116;
v0x120752980_117 .array/port v0x120752980, 117;
v0x120752980_118 .array/port v0x120752980, 118;
E_0x120752800/29 .event anyedge, v0x120752980_115, v0x120752980_116, v0x120752980_117, v0x120752980_118;
v0x120752980_119 .array/port v0x120752980, 119;
v0x120752980_120 .array/port v0x120752980, 120;
v0x120752980_121 .array/port v0x120752980, 121;
v0x120752980_122 .array/port v0x120752980, 122;
E_0x120752800/30 .event anyedge, v0x120752980_119, v0x120752980_120, v0x120752980_121, v0x120752980_122;
v0x120752980_123 .array/port v0x120752980, 123;
v0x120752980_124 .array/port v0x120752980, 124;
v0x120752980_125 .array/port v0x120752980, 125;
v0x120752980_126 .array/port v0x120752980, 126;
E_0x120752800/31 .event anyedge, v0x120752980_123, v0x120752980_124, v0x120752980_125, v0x120752980_126;
v0x120752980_127 .array/port v0x120752980, 127;
v0x120752980_128 .array/port v0x120752980, 128;
v0x120752980_129 .array/port v0x120752980, 129;
v0x120752980_130 .array/port v0x120752980, 130;
E_0x120752800/32 .event anyedge, v0x120752980_127, v0x120752980_128, v0x120752980_129, v0x120752980_130;
v0x120752980_131 .array/port v0x120752980, 131;
v0x120752980_132 .array/port v0x120752980, 132;
v0x120752980_133 .array/port v0x120752980, 133;
v0x120752980_134 .array/port v0x120752980, 134;
E_0x120752800/33 .event anyedge, v0x120752980_131, v0x120752980_132, v0x120752980_133, v0x120752980_134;
v0x120752980_135 .array/port v0x120752980, 135;
v0x120752980_136 .array/port v0x120752980, 136;
v0x120752980_137 .array/port v0x120752980, 137;
v0x120752980_138 .array/port v0x120752980, 138;
E_0x120752800/34 .event anyedge, v0x120752980_135, v0x120752980_136, v0x120752980_137, v0x120752980_138;
v0x120752980_139 .array/port v0x120752980, 139;
v0x120752980_140 .array/port v0x120752980, 140;
v0x120752980_141 .array/port v0x120752980, 141;
v0x120752980_142 .array/port v0x120752980, 142;
E_0x120752800/35 .event anyedge, v0x120752980_139, v0x120752980_140, v0x120752980_141, v0x120752980_142;
v0x120752980_143 .array/port v0x120752980, 143;
v0x120752980_144 .array/port v0x120752980, 144;
v0x120752980_145 .array/port v0x120752980, 145;
v0x120752980_146 .array/port v0x120752980, 146;
E_0x120752800/36 .event anyedge, v0x120752980_143, v0x120752980_144, v0x120752980_145, v0x120752980_146;
v0x120752980_147 .array/port v0x120752980, 147;
v0x120752980_148 .array/port v0x120752980, 148;
v0x120752980_149 .array/port v0x120752980, 149;
v0x120752980_150 .array/port v0x120752980, 150;
E_0x120752800/37 .event anyedge, v0x120752980_147, v0x120752980_148, v0x120752980_149, v0x120752980_150;
v0x120752980_151 .array/port v0x120752980, 151;
v0x120752980_152 .array/port v0x120752980, 152;
v0x120752980_153 .array/port v0x120752980, 153;
v0x120752980_154 .array/port v0x120752980, 154;
E_0x120752800/38 .event anyedge, v0x120752980_151, v0x120752980_152, v0x120752980_153, v0x120752980_154;
v0x120752980_155 .array/port v0x120752980, 155;
v0x120752980_156 .array/port v0x120752980, 156;
v0x120752980_157 .array/port v0x120752980, 157;
v0x120752980_158 .array/port v0x120752980, 158;
E_0x120752800/39 .event anyedge, v0x120752980_155, v0x120752980_156, v0x120752980_157, v0x120752980_158;
v0x120752980_159 .array/port v0x120752980, 159;
v0x120752980_160 .array/port v0x120752980, 160;
v0x120752980_161 .array/port v0x120752980, 161;
v0x120752980_162 .array/port v0x120752980, 162;
E_0x120752800/40 .event anyedge, v0x120752980_159, v0x120752980_160, v0x120752980_161, v0x120752980_162;
v0x120752980_163 .array/port v0x120752980, 163;
v0x120752980_164 .array/port v0x120752980, 164;
v0x120752980_165 .array/port v0x120752980, 165;
v0x120752980_166 .array/port v0x120752980, 166;
E_0x120752800/41 .event anyedge, v0x120752980_163, v0x120752980_164, v0x120752980_165, v0x120752980_166;
v0x120752980_167 .array/port v0x120752980, 167;
v0x120752980_168 .array/port v0x120752980, 168;
v0x120752980_169 .array/port v0x120752980, 169;
v0x120752980_170 .array/port v0x120752980, 170;
E_0x120752800/42 .event anyedge, v0x120752980_167, v0x120752980_168, v0x120752980_169, v0x120752980_170;
v0x120752980_171 .array/port v0x120752980, 171;
v0x120752980_172 .array/port v0x120752980, 172;
v0x120752980_173 .array/port v0x120752980, 173;
v0x120752980_174 .array/port v0x120752980, 174;
E_0x120752800/43 .event anyedge, v0x120752980_171, v0x120752980_172, v0x120752980_173, v0x120752980_174;
v0x120752980_175 .array/port v0x120752980, 175;
v0x120752980_176 .array/port v0x120752980, 176;
v0x120752980_177 .array/port v0x120752980, 177;
v0x120752980_178 .array/port v0x120752980, 178;
E_0x120752800/44 .event anyedge, v0x120752980_175, v0x120752980_176, v0x120752980_177, v0x120752980_178;
v0x120752980_179 .array/port v0x120752980, 179;
v0x120752980_180 .array/port v0x120752980, 180;
v0x120752980_181 .array/port v0x120752980, 181;
v0x120752980_182 .array/port v0x120752980, 182;
E_0x120752800/45 .event anyedge, v0x120752980_179, v0x120752980_180, v0x120752980_181, v0x120752980_182;
v0x120752980_183 .array/port v0x120752980, 183;
v0x120752980_184 .array/port v0x120752980, 184;
v0x120752980_185 .array/port v0x120752980, 185;
v0x120752980_186 .array/port v0x120752980, 186;
E_0x120752800/46 .event anyedge, v0x120752980_183, v0x120752980_184, v0x120752980_185, v0x120752980_186;
v0x120752980_187 .array/port v0x120752980, 187;
v0x120752980_188 .array/port v0x120752980, 188;
v0x120752980_189 .array/port v0x120752980, 189;
v0x120752980_190 .array/port v0x120752980, 190;
E_0x120752800/47 .event anyedge, v0x120752980_187, v0x120752980_188, v0x120752980_189, v0x120752980_190;
v0x120752980_191 .array/port v0x120752980, 191;
v0x120752980_192 .array/port v0x120752980, 192;
v0x120752980_193 .array/port v0x120752980, 193;
v0x120752980_194 .array/port v0x120752980, 194;
E_0x120752800/48 .event anyedge, v0x120752980_191, v0x120752980_192, v0x120752980_193, v0x120752980_194;
v0x120752980_195 .array/port v0x120752980, 195;
v0x120752980_196 .array/port v0x120752980, 196;
v0x120752980_197 .array/port v0x120752980, 197;
v0x120752980_198 .array/port v0x120752980, 198;
E_0x120752800/49 .event anyedge, v0x120752980_195, v0x120752980_196, v0x120752980_197, v0x120752980_198;
v0x120752980_199 .array/port v0x120752980, 199;
v0x120752980_200 .array/port v0x120752980, 200;
v0x120752980_201 .array/port v0x120752980, 201;
v0x120752980_202 .array/port v0x120752980, 202;
E_0x120752800/50 .event anyedge, v0x120752980_199, v0x120752980_200, v0x120752980_201, v0x120752980_202;
v0x120752980_203 .array/port v0x120752980, 203;
v0x120752980_204 .array/port v0x120752980, 204;
v0x120752980_205 .array/port v0x120752980, 205;
v0x120752980_206 .array/port v0x120752980, 206;
E_0x120752800/51 .event anyedge, v0x120752980_203, v0x120752980_204, v0x120752980_205, v0x120752980_206;
v0x120752980_207 .array/port v0x120752980, 207;
v0x120752980_208 .array/port v0x120752980, 208;
v0x120752980_209 .array/port v0x120752980, 209;
v0x120752980_210 .array/port v0x120752980, 210;
E_0x120752800/52 .event anyedge, v0x120752980_207, v0x120752980_208, v0x120752980_209, v0x120752980_210;
v0x120752980_211 .array/port v0x120752980, 211;
v0x120752980_212 .array/port v0x120752980, 212;
v0x120752980_213 .array/port v0x120752980, 213;
v0x120752980_214 .array/port v0x120752980, 214;
E_0x120752800/53 .event anyedge, v0x120752980_211, v0x120752980_212, v0x120752980_213, v0x120752980_214;
v0x120752980_215 .array/port v0x120752980, 215;
v0x120752980_216 .array/port v0x120752980, 216;
v0x120752980_217 .array/port v0x120752980, 217;
v0x120752980_218 .array/port v0x120752980, 218;
E_0x120752800/54 .event anyedge, v0x120752980_215, v0x120752980_216, v0x120752980_217, v0x120752980_218;
v0x120752980_219 .array/port v0x120752980, 219;
v0x120752980_220 .array/port v0x120752980, 220;
v0x120752980_221 .array/port v0x120752980, 221;
v0x120752980_222 .array/port v0x120752980, 222;
E_0x120752800/55 .event anyedge, v0x120752980_219, v0x120752980_220, v0x120752980_221, v0x120752980_222;
v0x120752980_223 .array/port v0x120752980, 223;
v0x120752980_224 .array/port v0x120752980, 224;
v0x120752980_225 .array/port v0x120752980, 225;
v0x120752980_226 .array/port v0x120752980, 226;
E_0x120752800/56 .event anyedge, v0x120752980_223, v0x120752980_224, v0x120752980_225, v0x120752980_226;
v0x120752980_227 .array/port v0x120752980, 227;
v0x120752980_228 .array/port v0x120752980, 228;
v0x120752980_229 .array/port v0x120752980, 229;
v0x120752980_230 .array/port v0x120752980, 230;
E_0x120752800/57 .event anyedge, v0x120752980_227, v0x120752980_228, v0x120752980_229, v0x120752980_230;
v0x120752980_231 .array/port v0x120752980, 231;
v0x120752980_232 .array/port v0x120752980, 232;
v0x120752980_233 .array/port v0x120752980, 233;
v0x120752980_234 .array/port v0x120752980, 234;
E_0x120752800/58 .event anyedge, v0x120752980_231, v0x120752980_232, v0x120752980_233, v0x120752980_234;
v0x120752980_235 .array/port v0x120752980, 235;
v0x120752980_236 .array/port v0x120752980, 236;
v0x120752980_237 .array/port v0x120752980, 237;
v0x120752980_238 .array/port v0x120752980, 238;
E_0x120752800/59 .event anyedge, v0x120752980_235, v0x120752980_236, v0x120752980_237, v0x120752980_238;
v0x120752980_239 .array/port v0x120752980, 239;
v0x120752980_240 .array/port v0x120752980, 240;
v0x120752980_241 .array/port v0x120752980, 241;
v0x120752980_242 .array/port v0x120752980, 242;
E_0x120752800/60 .event anyedge, v0x120752980_239, v0x120752980_240, v0x120752980_241, v0x120752980_242;
v0x120752980_243 .array/port v0x120752980, 243;
v0x120752980_244 .array/port v0x120752980, 244;
v0x120752980_245 .array/port v0x120752980, 245;
v0x120752980_246 .array/port v0x120752980, 246;
E_0x120752800/61 .event anyedge, v0x120752980_243, v0x120752980_244, v0x120752980_245, v0x120752980_246;
v0x120752980_247 .array/port v0x120752980, 247;
v0x120752980_248 .array/port v0x120752980, 248;
v0x120752980_249 .array/port v0x120752980, 249;
v0x120752980_250 .array/port v0x120752980, 250;
E_0x120752800/62 .event anyedge, v0x120752980_247, v0x120752980_248, v0x120752980_249, v0x120752980_250;
v0x120752980_251 .array/port v0x120752980, 251;
v0x120752980_252 .array/port v0x120752980, 252;
v0x120752980_253 .array/port v0x120752980, 253;
v0x120752980_254 .array/port v0x120752980, 254;
E_0x120752800/63 .event anyedge, v0x120752980_251, v0x120752980_252, v0x120752980_253, v0x120752980_254;
v0x120752980_255 .array/port v0x120752980, 255;
E_0x120752800/64 .event anyedge, v0x120752980_255;
E_0x120752800 .event/or E_0x120752800/0, E_0x120752800/1, E_0x120752800/2, E_0x120752800/3, E_0x120752800/4, E_0x120752800/5, E_0x120752800/6, E_0x120752800/7, E_0x120752800/8, E_0x120752800/9, E_0x120752800/10, E_0x120752800/11, E_0x120752800/12, E_0x120752800/13, E_0x120752800/14, E_0x120752800/15, E_0x120752800/16, E_0x120752800/17, E_0x120752800/18, E_0x120752800/19, E_0x120752800/20, E_0x120752800/21, E_0x120752800/22, E_0x120752800/23, E_0x120752800/24, E_0x120752800/25, E_0x120752800/26, E_0x120752800/27, E_0x120752800/28, E_0x120752800/29, E_0x120752800/30, E_0x120752800/31, E_0x120752800/32, E_0x120752800/33, E_0x120752800/34, E_0x120752800/35, E_0x120752800/36, E_0x120752800/37, E_0x120752800/38, E_0x120752800/39, E_0x120752800/40, E_0x120752800/41, E_0x120752800/42, E_0x120752800/43, E_0x120752800/44, E_0x120752800/45, E_0x120752800/46, E_0x120752800/47, E_0x120752800/48, E_0x120752800/49, E_0x120752800/50, E_0x120752800/51, E_0x120752800/52, E_0x120752800/53, E_0x120752800/54, E_0x120752800/55, E_0x120752800/56, E_0x120752800/57, E_0x120752800/58, E_0x120752800/59, E_0x120752800/60, E_0x120752800/61, E_0x120752800/62, E_0x120752800/63, E_0x120752800/64;
S_0x120753cd0 .scope module, "EXT" "ext" 2 96, 8 1 0, S_0x12070f480;
 .timescale 0 0;
    .port_info 0 /INPUT 16 "data16";
    .port_info 1 /INPUT 2 "ext_op";
    .port_info 2 /OUTPUT 32 "data32";
v0x120753f60_0 .net "data16", 15 0, v0x120751ee0_0;  alias, 1 drivers
v0x120754030_0 .var "data32", 31 0;
v0x1207540c0_0 .net "ext_op", 1 0, v0x1207512d0_0;  alias, 1 drivers
E_0x120753f00 .event anyedge, v0x1207512d0_0, v0x120751ee0_0;
S_0x1207541b0 .scope module, "GPR" "gpr" 2 108, 9 1 0, S_0x12070f480;
 .timescale 0 0;
    .port_info 0 /INPUT 5 "ra";
    .port_info 1 /INPUT 5 "rb";
    .port_info 2 /INPUT 5 "rw";
    .port_info 3 /INPUT 32 "wd3";
    .port_info 4 /INPUT 1 "clk";
    .port_info 5 /INPUT 1 "we3";
    .port_info 6 /OUTPUT 32 "rd1";
    .port_info 7 /OUTPUT 32 "rd2";
v0x1207545d0_0 .net "clk", 0 0, v0x120757f50_0;  alias, 1 drivers
v0x120754670_0 .net "ra", 4 0, v0x120752210_0;  alias, 1 drivers
v0x120754720_0 .net "rb", 4 0, v0x1207522c0_0;  alias, 1 drivers
v0x1207547f0_0 .var "rd1", 31 0;
v0x1207548a0_0 .var "rd2", 31 0;
v0x1207549b0 .array "reg32", 0 31, 31 0;
v0x120754d20_0 .net "rw", 4 0, v0x120757810_0;  alias, 1 drivers
v0x120754dd0_0 .net "wd3", 31 0, v0x120757240_0;  alias, 1 drivers
v0x120754e80_0 .net "we3", 0 0, v0x1207518a0_0;  alias, 1 drivers
v0x1207549b0_0 .array/port v0x1207549b0, 0;
v0x1207549b0_1 .array/port v0x1207549b0, 1;
v0x1207549b0_2 .array/port v0x1207549b0, 2;
E_0x120754470/0 .event anyedge, v0x120752210_0, v0x1207549b0_0, v0x1207549b0_1, v0x1207549b0_2;
v0x1207549b0_3 .array/port v0x1207549b0, 3;
v0x1207549b0_4 .array/port v0x1207549b0, 4;
v0x1207549b0_5 .array/port v0x1207549b0, 5;
v0x1207549b0_6 .array/port v0x1207549b0, 6;
E_0x120754470/1 .event anyedge, v0x1207549b0_3, v0x1207549b0_4, v0x1207549b0_5, v0x1207549b0_6;
v0x1207549b0_7 .array/port v0x1207549b0, 7;
v0x1207549b0_8 .array/port v0x1207549b0, 8;
v0x1207549b0_9 .array/port v0x1207549b0, 9;
v0x1207549b0_10 .array/port v0x1207549b0, 10;
E_0x120754470/2 .event anyedge, v0x1207549b0_7, v0x1207549b0_8, v0x1207549b0_9, v0x1207549b0_10;
v0x1207549b0_11 .array/port v0x1207549b0, 11;
v0x1207549b0_12 .array/port v0x1207549b0, 12;
v0x1207549b0_13 .array/port v0x1207549b0, 13;
v0x1207549b0_14 .array/port v0x1207549b0, 14;
E_0x120754470/3 .event anyedge, v0x1207549b0_11, v0x1207549b0_12, v0x1207549b0_13, v0x1207549b0_14;
v0x1207549b0_15 .array/port v0x1207549b0, 15;
v0x1207549b0_16 .array/port v0x1207549b0, 16;
v0x1207549b0_17 .array/port v0x1207549b0, 17;
v0x1207549b0_18 .array/port v0x1207549b0, 18;
E_0x120754470/4 .event anyedge, v0x1207549b0_15, v0x1207549b0_16, v0x1207549b0_17, v0x1207549b0_18;
v0x1207549b0_19 .array/port v0x1207549b0, 19;
v0x1207549b0_20 .array/port v0x1207549b0, 20;
v0x1207549b0_21 .array/port v0x1207549b0, 21;
v0x1207549b0_22 .array/port v0x1207549b0, 22;
E_0x120754470/5 .event anyedge, v0x1207549b0_19, v0x1207549b0_20, v0x1207549b0_21, v0x1207549b0_22;
v0x1207549b0_23 .array/port v0x1207549b0, 23;
v0x1207549b0_24 .array/port v0x1207549b0, 24;
v0x1207549b0_25 .array/port v0x1207549b0, 25;
v0x1207549b0_26 .array/port v0x1207549b0, 26;
E_0x120754470/6 .event anyedge, v0x1207549b0_23, v0x1207549b0_24, v0x1207549b0_25, v0x1207549b0_26;
v0x1207549b0_27 .array/port v0x1207549b0, 27;
v0x1207549b0_28 .array/port v0x1207549b0, 28;
v0x1207549b0_29 .array/port v0x1207549b0, 29;
v0x1207549b0_30 .array/port v0x1207549b0, 30;
E_0x120754470/7 .event anyedge, v0x1207549b0_27, v0x1207549b0_28, v0x1207549b0_29, v0x1207549b0_30;
v0x1207549b0_31 .array/port v0x1207549b0, 31;
E_0x120754470/8 .event anyedge, v0x1207549b0_31, v0x1207522c0_0;
E_0x120754470 .event/or E_0x120754470/0, E_0x120754470/1, E_0x120754470/2, E_0x120754470/3, E_0x120754470/4, E_0x120754470/5, E_0x120754470/6, E_0x120754470/7, E_0x120754470/8;
S_0x120755000 .scope module, "IFU" "ifu" 2 61, 10 3 0, S_0x12070f480;
 .timescale 0 0;
    .port_info 0 /INPUT 32 "imm32";
    .port_info 1 /INPUT 1 "clk";
    .port_info 2 /INPUT 1 "reset";
    .port_info 3 /INPUT 1 "zero";
    .port_info 4 /INPUT 2 "nPC_sel";
    .port_info 5 /INPUT 26 "imm26";
    .port_info 6 /OUTPUT 32 "pc";
    .port_info 7 /OUTPUT 32 "instr";
v0x120756790_0 .net "clk", 0 0, v0x120757f50_0;  alias, 1 drivers
v0x120756860_0 .net "imm26", 25 0, v0x120751f70_0;  alias, 1 drivers
v0x120756900_0 .net "imm32", 31 0, v0x120754030_0;  alias, 1 drivers
v0x1207569f0_0 .net "instr", 31 0, v0x120755600_0;  alias, 1 drivers
v0x120756ac0_0 .net "nPC_sel", 1 0, v0x1207515a0_0;  alias, 1 drivers
v0x120756b90_0 .var "pc", 31 0;
v0x120756c20_0 .net "reset", 0 0, v0x120751700_0;  alias, 1 drivers
v0x120756cd0_0 .net "zero", 0 0, v0x1207506d0_0;  alias, 1 drivers
E_0x120755280 .event posedge, v0x120751700_0, v0x1207528f0_0;
S_0x1207552e0 .scope module, "IM" "im" 10 18, 11 1 0, S_0x120755000;
 .timescale 0 0;
    .port_info 0 /INPUT 32 "addr";
    .port_info 1 /OUTPUT 32 "instr";
v0x120755540_0 .net "addr", 31 0, v0x120756b90_0;  alias, 1 drivers
v0x120755600_0 .var "instr", 31 0;
v0x1207556c0 .array "memory", 255 0, 31 0;
v0x1207556c0_0 .array/port v0x1207556c0, 0;
v0x1207556c0_1 .array/port v0x1207556c0, 1;
v0x1207556c0_2 .array/port v0x1207556c0, 2;
E_0x1207554f0/0 .event anyedge, v0x120755540_0, v0x1207556c0_0, v0x1207556c0_1, v0x1207556c0_2;
v0x1207556c0_3 .array/port v0x1207556c0, 3;
v0x1207556c0_4 .array/port v0x1207556c0, 4;
v0x1207556c0_5 .array/port v0x1207556c0, 5;
v0x1207556c0_6 .array/port v0x1207556c0, 6;
E_0x1207554f0/1 .event anyedge, v0x1207556c0_3, v0x1207556c0_4, v0x1207556c0_5, v0x1207556c0_6;
v0x1207556c0_7 .array/port v0x1207556c0, 7;
v0x1207556c0_8 .array/port v0x1207556c0, 8;
v0x1207556c0_9 .array/port v0x1207556c0, 9;
v0x1207556c0_10 .array/port v0x1207556c0, 10;
E_0x1207554f0/2 .event anyedge, v0x1207556c0_7, v0x1207556c0_8, v0x1207556c0_9, v0x1207556c0_10;
v0x1207556c0_11 .array/port v0x1207556c0, 11;
v0x1207556c0_12 .array/port v0x1207556c0, 12;
v0x1207556c0_13 .array/port v0x1207556c0, 13;
v0x1207556c0_14 .array/port v0x1207556c0, 14;
E_0x1207554f0/3 .event anyedge, v0x1207556c0_11, v0x1207556c0_12, v0x1207556c0_13, v0x1207556c0_14;
v0x1207556c0_15 .array/port v0x1207556c0, 15;
v0x1207556c0_16 .array/port v0x1207556c0, 16;
v0x1207556c0_17 .array/port v0x1207556c0, 17;
v0x1207556c0_18 .array/port v0x1207556c0, 18;
E_0x1207554f0/4 .event anyedge, v0x1207556c0_15, v0x1207556c0_16, v0x1207556c0_17, v0x1207556c0_18;
v0x1207556c0_19 .array/port v0x1207556c0, 19;
v0x1207556c0_20 .array/port v0x1207556c0, 20;
v0x1207556c0_21 .array/port v0x1207556c0, 21;
v0x1207556c0_22 .array/port v0x1207556c0, 22;
E_0x1207554f0/5 .event anyedge, v0x1207556c0_19, v0x1207556c0_20, v0x1207556c0_21, v0x1207556c0_22;
v0x1207556c0_23 .array/port v0x1207556c0, 23;
v0x1207556c0_24 .array/port v0x1207556c0, 24;
v0x1207556c0_25 .array/port v0x1207556c0, 25;
v0x1207556c0_26 .array/port v0x1207556c0, 26;
E_0x1207554f0/6 .event anyedge, v0x1207556c0_23, v0x1207556c0_24, v0x1207556c0_25, v0x1207556c0_26;
v0x1207556c0_27 .array/port v0x1207556c0, 27;
v0x1207556c0_28 .array/port v0x1207556c0, 28;
v0x1207556c0_29 .array/port v0x1207556c0, 29;
v0x1207556c0_30 .array/port v0x1207556c0, 30;
E_0x1207554f0/7 .event anyedge, v0x1207556c0_27, v0x1207556c0_28, v0x1207556c0_29, v0x1207556c0_30;
v0x1207556c0_31 .array/port v0x1207556c0, 31;
v0x1207556c0_32 .array/port v0x1207556c0, 32;
v0x1207556c0_33 .array/port v0x1207556c0, 33;
v0x1207556c0_34 .array/port v0x1207556c0, 34;
E_0x1207554f0/8 .event anyedge, v0x1207556c0_31, v0x1207556c0_32, v0x1207556c0_33, v0x1207556c0_34;
v0x1207556c0_35 .array/port v0x1207556c0, 35;
v0x1207556c0_36 .array/port v0x1207556c0, 36;
v0x1207556c0_37 .array/port v0x1207556c0, 37;
v0x1207556c0_38 .array/port v0x1207556c0, 38;
E_0x1207554f0/9 .event anyedge, v0x1207556c0_35, v0x1207556c0_36, v0x1207556c0_37, v0x1207556c0_38;
v0x1207556c0_39 .array/port v0x1207556c0, 39;
v0x1207556c0_40 .array/port v0x1207556c0, 40;
v0x1207556c0_41 .array/port v0x1207556c0, 41;
v0x1207556c0_42 .array/port v0x1207556c0, 42;
E_0x1207554f0/10 .event anyedge, v0x1207556c0_39, v0x1207556c0_40, v0x1207556c0_41, v0x1207556c0_42;
v0x1207556c0_43 .array/port v0x1207556c0, 43;
v0x1207556c0_44 .array/port v0x1207556c0, 44;
v0x1207556c0_45 .array/port v0x1207556c0, 45;
v0x1207556c0_46 .array/port v0x1207556c0, 46;
E_0x1207554f0/11 .event anyedge, v0x1207556c0_43, v0x1207556c0_44, v0x1207556c0_45, v0x1207556c0_46;
v0x1207556c0_47 .array/port v0x1207556c0, 47;
v0x1207556c0_48 .array/port v0x1207556c0, 48;
v0x1207556c0_49 .array/port v0x1207556c0, 49;
v0x1207556c0_50 .array/port v0x1207556c0, 50;
E_0x1207554f0/12 .event anyedge, v0x1207556c0_47, v0x1207556c0_48, v0x1207556c0_49, v0x1207556c0_50;
v0x1207556c0_51 .array/port v0x1207556c0, 51;
v0x1207556c0_52 .array/port v0x1207556c0, 52;
v0x1207556c0_53 .array/port v0x1207556c0, 53;
v0x1207556c0_54 .array/port v0x1207556c0, 54;
E_0x1207554f0/13 .event anyedge, v0x1207556c0_51, v0x1207556c0_52, v0x1207556c0_53, v0x1207556c0_54;
v0x1207556c0_55 .array/port v0x1207556c0, 55;
v0x1207556c0_56 .array/port v0x1207556c0, 56;
v0x1207556c0_57 .array/port v0x1207556c0, 57;
v0x1207556c0_58 .array/port v0x1207556c0, 58;
E_0x1207554f0/14 .event anyedge, v0x1207556c0_55, v0x1207556c0_56, v0x1207556c0_57, v0x1207556c0_58;
v0x1207556c0_59 .array/port v0x1207556c0, 59;
v0x1207556c0_60 .array/port v0x1207556c0, 60;
v0x1207556c0_61 .array/port v0x1207556c0, 61;
v0x1207556c0_62 .array/port v0x1207556c0, 62;
E_0x1207554f0/15 .event anyedge, v0x1207556c0_59, v0x1207556c0_60, v0x1207556c0_61, v0x1207556c0_62;
v0x1207556c0_63 .array/port v0x1207556c0, 63;
v0x1207556c0_64 .array/port v0x1207556c0, 64;
v0x1207556c0_65 .array/port v0x1207556c0, 65;
v0x1207556c0_66 .array/port v0x1207556c0, 66;
E_0x1207554f0/16 .event anyedge, v0x1207556c0_63, v0x1207556c0_64, v0x1207556c0_65, v0x1207556c0_66;
v0x1207556c0_67 .array/port v0x1207556c0, 67;
v0x1207556c0_68 .array/port v0x1207556c0, 68;
v0x1207556c0_69 .array/port v0x1207556c0, 69;
v0x1207556c0_70 .array/port v0x1207556c0, 70;
E_0x1207554f0/17 .event anyedge, v0x1207556c0_67, v0x1207556c0_68, v0x1207556c0_69, v0x1207556c0_70;
v0x1207556c0_71 .array/port v0x1207556c0, 71;
v0x1207556c0_72 .array/port v0x1207556c0, 72;
v0x1207556c0_73 .array/port v0x1207556c0, 73;
v0x1207556c0_74 .array/port v0x1207556c0, 74;
E_0x1207554f0/18 .event anyedge, v0x1207556c0_71, v0x1207556c0_72, v0x1207556c0_73, v0x1207556c0_74;
v0x1207556c0_75 .array/port v0x1207556c0, 75;
v0x1207556c0_76 .array/port v0x1207556c0, 76;
v0x1207556c0_77 .array/port v0x1207556c0, 77;
v0x1207556c0_78 .array/port v0x1207556c0, 78;
E_0x1207554f0/19 .event anyedge, v0x1207556c0_75, v0x1207556c0_76, v0x1207556c0_77, v0x1207556c0_78;
v0x1207556c0_79 .array/port v0x1207556c0, 79;
v0x1207556c0_80 .array/port v0x1207556c0, 80;
v0x1207556c0_81 .array/port v0x1207556c0, 81;
v0x1207556c0_82 .array/port v0x1207556c0, 82;
E_0x1207554f0/20 .event anyedge, v0x1207556c0_79, v0x1207556c0_80, v0x1207556c0_81, v0x1207556c0_82;
v0x1207556c0_83 .array/port v0x1207556c0, 83;
v0x1207556c0_84 .array/port v0x1207556c0, 84;
v0x1207556c0_85 .array/port v0x1207556c0, 85;
v0x1207556c0_86 .array/port v0x1207556c0, 86;
E_0x1207554f0/21 .event anyedge, v0x1207556c0_83, v0x1207556c0_84, v0x1207556c0_85, v0x1207556c0_86;
v0x1207556c0_87 .array/port v0x1207556c0, 87;
v0x1207556c0_88 .array/port v0x1207556c0, 88;
v0x1207556c0_89 .array/port v0x1207556c0, 89;
v0x1207556c0_90 .array/port v0x1207556c0, 90;
E_0x1207554f0/22 .event anyedge, v0x1207556c0_87, v0x1207556c0_88, v0x1207556c0_89, v0x1207556c0_90;
v0x1207556c0_91 .array/port v0x1207556c0, 91;
v0x1207556c0_92 .array/port v0x1207556c0, 92;
v0x1207556c0_93 .array/port v0x1207556c0, 93;
v0x1207556c0_94 .array/port v0x1207556c0, 94;
E_0x1207554f0/23 .event anyedge, v0x1207556c0_91, v0x1207556c0_92, v0x1207556c0_93, v0x1207556c0_94;
v0x1207556c0_95 .array/port v0x1207556c0, 95;
v0x1207556c0_96 .array/port v0x1207556c0, 96;
v0x1207556c0_97 .array/port v0x1207556c0, 97;
v0x1207556c0_98 .array/port v0x1207556c0, 98;
E_0x1207554f0/24 .event anyedge, v0x1207556c0_95, v0x1207556c0_96, v0x1207556c0_97, v0x1207556c0_98;
v0x1207556c0_99 .array/port v0x1207556c0, 99;
v0x1207556c0_100 .array/port v0x1207556c0, 100;
v0x1207556c0_101 .array/port v0x1207556c0, 101;
v0x1207556c0_102 .array/port v0x1207556c0, 102;
E_0x1207554f0/25 .event anyedge, v0x1207556c0_99, v0x1207556c0_100, v0x1207556c0_101, v0x1207556c0_102;
v0x1207556c0_103 .array/port v0x1207556c0, 103;
v0x1207556c0_104 .array/port v0x1207556c0, 104;
v0x1207556c0_105 .array/port v0x1207556c0, 105;
v0x1207556c0_106 .array/port v0x1207556c0, 106;
E_0x1207554f0/26 .event anyedge, v0x1207556c0_103, v0x1207556c0_104, v0x1207556c0_105, v0x1207556c0_106;
v0x1207556c0_107 .array/port v0x1207556c0, 107;
v0x1207556c0_108 .array/port v0x1207556c0, 108;
v0x1207556c0_109 .array/port v0x1207556c0, 109;
v0x1207556c0_110 .array/port v0x1207556c0, 110;
E_0x1207554f0/27 .event anyedge, v0x1207556c0_107, v0x1207556c0_108, v0x1207556c0_109, v0x1207556c0_110;
v0x1207556c0_111 .array/port v0x1207556c0, 111;
v0x1207556c0_112 .array/port v0x1207556c0, 112;
v0x1207556c0_113 .array/port v0x1207556c0, 113;
v0x1207556c0_114 .array/port v0x1207556c0, 114;
E_0x1207554f0/28 .event anyedge, v0x1207556c0_111, v0x1207556c0_112, v0x1207556c0_113, v0x1207556c0_114;
v0x1207556c0_115 .array/port v0x1207556c0, 115;
v0x1207556c0_116 .array/port v0x1207556c0, 116;
v0x1207556c0_117 .array/port v0x1207556c0, 117;
v0x1207556c0_118 .array/port v0x1207556c0, 118;
E_0x1207554f0/29 .event anyedge, v0x1207556c0_115, v0x1207556c0_116, v0x1207556c0_117, v0x1207556c0_118;
v0x1207556c0_119 .array/port v0x1207556c0, 119;
v0x1207556c0_120 .array/port v0x1207556c0, 120;
v0x1207556c0_121 .array/port v0x1207556c0, 121;
v0x1207556c0_122 .array/port v0x1207556c0, 122;
E_0x1207554f0/30 .event anyedge, v0x1207556c0_119, v0x1207556c0_120, v0x1207556c0_121, v0x1207556c0_122;
v0x1207556c0_123 .array/port v0x1207556c0, 123;
v0x1207556c0_124 .array/port v0x1207556c0, 124;
v0x1207556c0_125 .array/port v0x1207556c0, 125;
v0x1207556c0_126 .array/port v0x1207556c0, 126;
E_0x1207554f0/31 .event anyedge, v0x1207556c0_123, v0x1207556c0_124, v0x1207556c0_125, v0x1207556c0_126;
v0x1207556c0_127 .array/port v0x1207556c0, 127;
v0x1207556c0_128 .array/port v0x1207556c0, 128;
v0x1207556c0_129 .array/port v0x1207556c0, 129;
v0x1207556c0_130 .array/port v0x1207556c0, 130;
E_0x1207554f0/32 .event anyedge, v0x1207556c0_127, v0x1207556c0_128, v0x1207556c0_129, v0x1207556c0_130;
v0x1207556c0_131 .array/port v0x1207556c0, 131;
v0x1207556c0_132 .array/port v0x1207556c0, 132;
v0x1207556c0_133 .array/port v0x1207556c0, 133;
v0x1207556c0_134 .array/port v0x1207556c0, 134;
E_0x1207554f0/33 .event anyedge, v0x1207556c0_131, v0x1207556c0_132, v0x1207556c0_133, v0x1207556c0_134;
v0x1207556c0_135 .array/port v0x1207556c0, 135;
v0x1207556c0_136 .array/port v0x1207556c0, 136;
v0x1207556c0_137 .array/port v0x1207556c0, 137;
v0x1207556c0_138 .array/port v0x1207556c0, 138;
E_0x1207554f0/34 .event anyedge, v0x1207556c0_135, v0x1207556c0_136, v0x1207556c0_137, v0x1207556c0_138;
v0x1207556c0_139 .array/port v0x1207556c0, 139;
v0x1207556c0_140 .array/port v0x1207556c0, 140;
v0x1207556c0_141 .array/port v0x1207556c0, 141;
v0x1207556c0_142 .array/port v0x1207556c0, 142;
E_0x1207554f0/35 .event anyedge, v0x1207556c0_139, v0x1207556c0_140, v0x1207556c0_141, v0x1207556c0_142;
v0x1207556c0_143 .array/port v0x1207556c0, 143;
v0x1207556c0_144 .array/port v0x1207556c0, 144;
v0x1207556c0_145 .array/port v0x1207556c0, 145;
v0x1207556c0_146 .array/port v0x1207556c0, 146;
E_0x1207554f0/36 .event anyedge, v0x1207556c0_143, v0x1207556c0_144, v0x1207556c0_145, v0x1207556c0_146;
v0x1207556c0_147 .array/port v0x1207556c0, 147;
v0x1207556c0_148 .array/port v0x1207556c0, 148;
v0x1207556c0_149 .array/port v0x1207556c0, 149;
v0x1207556c0_150 .array/port v0x1207556c0, 150;
E_0x1207554f0/37 .event anyedge, v0x1207556c0_147, v0x1207556c0_148, v0x1207556c0_149, v0x1207556c0_150;
v0x1207556c0_151 .array/port v0x1207556c0, 151;
v0x1207556c0_152 .array/port v0x1207556c0, 152;
v0x1207556c0_153 .array/port v0x1207556c0, 153;
v0x1207556c0_154 .array/port v0x1207556c0, 154;
E_0x1207554f0/38 .event anyedge, v0x1207556c0_151, v0x1207556c0_152, v0x1207556c0_153, v0x1207556c0_154;
v0x1207556c0_155 .array/port v0x1207556c0, 155;
v0x1207556c0_156 .array/port v0x1207556c0, 156;
v0x1207556c0_157 .array/port v0x1207556c0, 157;
v0x1207556c0_158 .array/port v0x1207556c0, 158;
E_0x1207554f0/39 .event anyedge, v0x1207556c0_155, v0x1207556c0_156, v0x1207556c0_157, v0x1207556c0_158;
v0x1207556c0_159 .array/port v0x1207556c0, 159;
v0x1207556c0_160 .array/port v0x1207556c0, 160;
v0x1207556c0_161 .array/port v0x1207556c0, 161;
v0x1207556c0_162 .array/port v0x1207556c0, 162;
E_0x1207554f0/40 .event anyedge, v0x1207556c0_159, v0x1207556c0_160, v0x1207556c0_161, v0x1207556c0_162;
v0x1207556c0_163 .array/port v0x1207556c0, 163;
v0x1207556c0_164 .array/port v0x1207556c0, 164;
v0x1207556c0_165 .array/port v0x1207556c0, 165;
v0x1207556c0_166 .array/port v0x1207556c0, 166;
E_0x1207554f0/41 .event anyedge, v0x1207556c0_163, v0x1207556c0_164, v0x1207556c0_165, v0x1207556c0_166;
v0x1207556c0_167 .array/port v0x1207556c0, 167;
v0x1207556c0_168 .array/port v0x1207556c0, 168;
v0x1207556c0_169 .array/port v0x1207556c0, 169;
v0x1207556c0_170 .array/port v0x1207556c0, 170;
E_0x1207554f0/42 .event anyedge, v0x1207556c0_167, v0x1207556c0_168, v0x1207556c0_169, v0x1207556c0_170;
v0x1207556c0_171 .array/port v0x1207556c0, 171;
v0x1207556c0_172 .array/port v0x1207556c0, 172;
v0x1207556c0_173 .array/port v0x1207556c0, 173;
v0x1207556c0_174 .array/port v0x1207556c0, 174;
E_0x1207554f0/43 .event anyedge, v0x1207556c0_171, v0x1207556c0_172, v0x1207556c0_173, v0x1207556c0_174;
v0x1207556c0_175 .array/port v0x1207556c0, 175;
v0x1207556c0_176 .array/port v0x1207556c0, 176;
v0x1207556c0_177 .array/port v0x1207556c0, 177;
v0x1207556c0_178 .array/port v0x1207556c0, 178;
E_0x1207554f0/44 .event anyedge, v0x1207556c0_175, v0x1207556c0_176, v0x1207556c0_177, v0x1207556c0_178;
v0x1207556c0_179 .array/port v0x1207556c0, 179;
v0x1207556c0_180 .array/port v0x1207556c0, 180;
v0x1207556c0_181 .array/port v0x1207556c0, 181;
v0x1207556c0_182 .array/port v0x1207556c0, 182;
E_0x1207554f0/45 .event anyedge, v0x1207556c0_179, v0x1207556c0_180, v0x1207556c0_181, v0x1207556c0_182;
v0x1207556c0_183 .array/port v0x1207556c0, 183;
v0x1207556c0_184 .array/port v0x1207556c0, 184;
v0x1207556c0_185 .array/port v0x1207556c0, 185;
v0x1207556c0_186 .array/port v0x1207556c0, 186;
E_0x1207554f0/46 .event anyedge, v0x1207556c0_183, v0x1207556c0_184, v0x1207556c0_185, v0x1207556c0_186;
v0x1207556c0_187 .array/port v0x1207556c0, 187;
v0x1207556c0_188 .array/port v0x1207556c0, 188;
v0x1207556c0_189 .array/port v0x1207556c0, 189;
v0x1207556c0_190 .array/port v0x1207556c0, 190;
E_0x1207554f0/47 .event anyedge, v0x1207556c0_187, v0x1207556c0_188, v0x1207556c0_189, v0x1207556c0_190;
v0x1207556c0_191 .array/port v0x1207556c0, 191;
v0x1207556c0_192 .array/port v0x1207556c0, 192;
v0x1207556c0_193 .array/port v0x1207556c0, 193;
v0x1207556c0_194 .array/port v0x1207556c0, 194;
E_0x1207554f0/48 .event anyedge, v0x1207556c0_191, v0x1207556c0_192, v0x1207556c0_193, v0x1207556c0_194;
v0x1207556c0_195 .array/port v0x1207556c0, 195;
v0x1207556c0_196 .array/port v0x1207556c0, 196;
v0x1207556c0_197 .array/port v0x1207556c0, 197;
v0x1207556c0_198 .array/port v0x1207556c0, 198;
E_0x1207554f0/49 .event anyedge, v0x1207556c0_195, v0x1207556c0_196, v0x1207556c0_197, v0x1207556c0_198;
v0x1207556c0_199 .array/port v0x1207556c0, 199;
v0x1207556c0_200 .array/port v0x1207556c0, 200;
v0x1207556c0_201 .array/port v0x1207556c0, 201;
v0x1207556c0_202 .array/port v0x1207556c0, 202;
E_0x1207554f0/50 .event anyedge, v0x1207556c0_199, v0x1207556c0_200, v0x1207556c0_201, v0x1207556c0_202;
v0x1207556c0_203 .array/port v0x1207556c0, 203;
v0x1207556c0_204 .array/port v0x1207556c0, 204;
v0x1207556c0_205 .array/port v0x1207556c0, 205;
v0x1207556c0_206 .array/port v0x1207556c0, 206;
E_0x1207554f0/51 .event anyedge, v0x1207556c0_203, v0x1207556c0_204, v0x1207556c0_205, v0x1207556c0_206;
v0x1207556c0_207 .array/port v0x1207556c0, 207;
v0x1207556c0_208 .array/port v0x1207556c0, 208;
v0x1207556c0_209 .array/port v0x1207556c0, 209;
v0x1207556c0_210 .array/port v0x1207556c0, 210;
E_0x1207554f0/52 .event anyedge, v0x1207556c0_207, v0x1207556c0_208, v0x1207556c0_209, v0x1207556c0_210;
v0x1207556c0_211 .array/port v0x1207556c0, 211;
v0x1207556c0_212 .array/port v0x1207556c0, 212;
v0x1207556c0_213 .array/port v0x1207556c0, 213;
v0x1207556c0_214 .array/port v0x1207556c0, 214;
E_0x1207554f0/53 .event anyedge, v0x1207556c0_211, v0x1207556c0_212, v0x1207556c0_213, v0x1207556c0_214;
v0x1207556c0_215 .array/port v0x1207556c0, 215;
v0x1207556c0_216 .array/port v0x1207556c0, 216;
v0x1207556c0_217 .array/port v0x1207556c0, 217;
v0x1207556c0_218 .array/port v0x1207556c0, 218;
E_0x1207554f0/54 .event anyedge, v0x1207556c0_215, v0x1207556c0_216, v0x1207556c0_217, v0x1207556c0_218;
v0x1207556c0_219 .array/port v0x1207556c0, 219;
v0x1207556c0_220 .array/port v0x1207556c0, 220;
v0x1207556c0_221 .array/port v0x1207556c0, 221;
v0x1207556c0_222 .array/port v0x1207556c0, 222;
E_0x1207554f0/55 .event anyedge, v0x1207556c0_219, v0x1207556c0_220, v0x1207556c0_221, v0x1207556c0_222;
v0x1207556c0_223 .array/port v0x1207556c0, 223;
v0x1207556c0_224 .array/port v0x1207556c0, 224;
v0x1207556c0_225 .array/port v0x1207556c0, 225;
v0x1207556c0_226 .array/port v0x1207556c0, 226;
E_0x1207554f0/56 .event anyedge, v0x1207556c0_223, v0x1207556c0_224, v0x1207556c0_225, v0x1207556c0_226;
v0x1207556c0_227 .array/port v0x1207556c0, 227;
v0x1207556c0_228 .array/port v0x1207556c0, 228;
v0x1207556c0_229 .array/port v0x1207556c0, 229;
v0x1207556c0_230 .array/port v0x1207556c0, 230;
E_0x1207554f0/57 .event anyedge, v0x1207556c0_227, v0x1207556c0_228, v0x1207556c0_229, v0x1207556c0_230;
v0x1207556c0_231 .array/port v0x1207556c0, 231;
v0x1207556c0_232 .array/port v0x1207556c0, 232;
v0x1207556c0_233 .array/port v0x1207556c0, 233;
v0x1207556c0_234 .array/port v0x1207556c0, 234;
E_0x1207554f0/58 .event anyedge, v0x1207556c0_231, v0x1207556c0_232, v0x1207556c0_233, v0x1207556c0_234;
v0x1207556c0_235 .array/port v0x1207556c0, 235;
v0x1207556c0_236 .array/port v0x1207556c0, 236;
v0x1207556c0_237 .array/port v0x1207556c0, 237;
v0x1207556c0_238 .array/port v0x1207556c0, 238;
E_0x1207554f0/59 .event anyedge, v0x1207556c0_235, v0x1207556c0_236, v0x1207556c0_237, v0x1207556c0_238;
v0x1207556c0_239 .array/port v0x1207556c0, 239;
v0x1207556c0_240 .array/port v0x1207556c0, 240;
v0x1207556c0_241 .array/port v0x1207556c0, 241;
v0x1207556c0_242 .array/port v0x1207556c0, 242;
E_0x1207554f0/60 .event anyedge, v0x1207556c0_239, v0x1207556c0_240, v0x1207556c0_241, v0x1207556c0_242;
v0x1207556c0_243 .array/port v0x1207556c0, 243;
v0x1207556c0_244 .array/port v0x1207556c0, 244;
v0x1207556c0_245 .array/port v0x1207556c0, 245;
v0x1207556c0_246 .array/port v0x1207556c0, 246;
E_0x1207554f0/61 .event anyedge, v0x1207556c0_243, v0x1207556c0_244, v0x1207556c0_245, v0x1207556c0_246;
v0x1207556c0_247 .array/port v0x1207556c0, 247;
v0x1207556c0_248 .array/port v0x1207556c0, 248;
v0x1207556c0_249 .array/port v0x1207556c0, 249;
v0x1207556c0_250 .array/port v0x1207556c0, 250;
E_0x1207554f0/62 .event anyedge, v0x1207556c0_247, v0x1207556c0_248, v0x1207556c0_249, v0x1207556c0_250;
v0x1207556c0_251 .array/port v0x1207556c0, 251;
v0x1207556c0_252 .array/port v0x1207556c0, 252;
v0x1207556c0_253 .array/port v0x1207556c0, 253;
v0x1207556c0_254 .array/port v0x1207556c0, 254;
E_0x1207554f0/63 .event anyedge, v0x1207556c0_251, v0x1207556c0_252, v0x1207556c0_253, v0x1207556c0_254;
v0x1207556c0_255 .array/port v0x1207556c0, 255;
E_0x1207554f0/64 .event anyedge, v0x1207556c0_255;
E_0x1207554f0 .event/or E_0x1207554f0/0, E_0x1207554f0/1, E_0x1207554f0/2, E_0x1207554f0/3, E_0x1207554f0/4, E_0x1207554f0/5, E_0x1207554f0/6, E_0x1207554f0/7, E_0x1207554f0/8, E_0x1207554f0/9, E_0x1207554f0/10, E_0x1207554f0/11, E_0x1207554f0/12, E_0x1207554f0/13, E_0x1207554f0/14, E_0x1207554f0/15, E_0x1207554f0/16, E_0x1207554f0/17, E_0x1207554f0/18, E_0x1207554f0/19, E_0x1207554f0/20, E_0x1207554f0/21, E_0x1207554f0/22, E_0x1207554f0/23, E_0x1207554f0/24, E_0x1207554f0/25, E_0x1207554f0/26, E_0x1207554f0/27, E_0x1207554f0/28, E_0x1207554f0/29, E_0x1207554f0/30, E_0x1207554f0/31, E_0x1207554f0/32, E_0x1207554f0/33, E_0x1207554f0/34, E_0x1207554f0/35, E_0x1207554f0/36, E_0x1207554f0/37, E_0x1207554f0/38, E_0x1207554f0/39, E_0x1207554f0/40, E_0x1207554f0/41, E_0x1207554f0/42, E_0x1207554f0/43, E_0x1207554f0/44, E_0x1207554f0/45, E_0x1207554f0/46, E_0x1207554f0/47, E_0x1207554f0/48, E_0x1207554f0/49, E_0x1207554f0/50, E_0x1207554f0/51, E_0x1207554f0/52, E_0x1207554f0/53, E_0x1207554f0/54, E_0x1207554f0/55, E_0x1207554f0/56, E_0x1207554f0/57, E_0x1207554f0/58, E_0x1207554f0/59, E_0x1207554f0/60, E_0x1207554f0/61, E_0x1207554f0/62, E_0x1207554f0/63, E_0x1207554f0/64;
S_0x120756e00 .scope module, "Mem2RegMux" "mux32" 2 78, 4 1 0, S_0x12070f480;
 .timescale 0 0;
    .port_info 0 /INPUT 1 "sel";
    .port_info 1 /INPUT 32 "a";
    .port_info 2 /INPUT 32 "b";
    .port_info 3 /OUTPUT 32 "c";
v0x1207570c0_0 .net "a", 31 0, v0x1207468b0_0;  alias, 1 drivers
v0x1207571a0_0 .net "b", 31 0, v0x120753a30_0;  alias, 1 drivers
v0x120757240_0 .var "c", 31 0;
v0x120757310_0 .net "sel", 0 0, v0x120751420_0;  alias, 1 drivers
E_0x120752120 .event anyedge, v0x120751420_0, v0x1207468b0_0, v0x120753a30_0;
S_0x1207573f0 .scope module, "RegMux" "mux5" 2 84, 12 1 0, S_0x12070f480;
 .timescale 0 0;
    .port_info 0 /INPUT 1 "sel";
    .port_info 1 /INPUT 5 "a";
    .port_info 2 /INPUT 5 "b";
    .port_info 3 /OUTPUT 5 "c";
v0x120757680_0 .net "a", 4 0, v0x1207522c0_0;  alias, 1 drivers
v0x120757770_0 .net "b", 4 0, v0x120752170_0;  alias, 1 drivers
v0x120757810_0 .var "c", 4 0;
v0x1207578e0_0 .net "sel", 0 0, v0x120751810_0;  alias, 1 drivers
E_0x120757610 .event anyedge, v0x120751810_0, v0x1207522c0_0, v0x120752170_0;
    .scope S_0x120750dc0;
T_0 ;
    %wait E_0x1207510f0;
    %pushi/vec4 0, 0, 13;
    %store/vec4 v0x120751940_0, 0, 13;
    %load/vec4 v0x120751650_0;
    %cmpi/e 0, 0, 6;
    %jmp/0xz  T_0.0, 4;
    %load/vec4 v0x120751380_0;
    %dup/vec4;
    %pushi/vec4 33, 0, 6;
    %cmp/u;
    %jmp/1 T_0.2, 6;
    %dup/vec4;
    %pushi/vec4 35, 0, 6;
    %cmp/u;
    %jmp/1 T_0.3, 6;
    %pushi/vec4 0, 0, 13;
    %store/vec4 v0x120751940_0, 0, 13;
    %jmp T_0.5;
T_0.2 ;
    %pushi/vec4 24, 0, 13;
    %store/vec4 v0x120751940_0, 0, 13;
    %jmp T_0.5;
T_0.3 ;
    %pushi/vec4 1048, 0, 13;
    %store/vec4 v0x120751940_0, 0, 13;
    %jmp T_0.5;
T_0.5 ;
    %pop/vec4 1;
    %jmp T_0.1;
T_0.0 ;
    %load/vec4 v0x120751650_0;
    %dup/vec4;
    %pushi/vec4 13, 0, 6;
    %cmp/u;
    %jmp/1 T_0.6, 6;
    %dup/vec4;
    %pushi/vec4 35, 0, 6;
    %cmp/u;
    %jmp/1 T_0.7, 6;
    %dup/vec4;
    %pushi/vec4 43, 0, 6;
    %cmp/u;
    %jmp/1 T_0.8, 6;
    %dup/vec4;
    %pushi/vec4 4, 0, 6;
    %cmp/u;
    %jmp/1 T_0.9, 6;
    %dup/vec4;
    %pushi/vec4 2, 0, 6;
    %cmp/u;
    %jmp/1 T_0.10, 6;
    %dup/vec4;
    %pushi/vec4 15, 0, 6;
    %cmp/u;
    %jmp/1 T_0.11, 6;
    %pushi/vec4 0, 0, 13;
    %store/vec4 v0x120751940_0, 0, 13;
    %jmp T_0.13;
T_0.6 ;
    %pushi/vec4 3092, 0, 13;
    %store/vec4 v0x120751940_0, 0, 13;
    %jmp T_0.13;
T_0.7 ;
    %pushi/vec4 277, 0, 13;
    %store/vec4 v0x120751940_0, 0, 13;
    %jmp T_0.13;
T_0.8 ;
    %pushi/vec4 270, 0, 13;
    %store/vec4 v0x120751940_0, 0, 13;
    %jmp T_0.13;
T_0.9 ;
    %pushi/vec4 1056, 0, 13;
    %store/vec4 v0x120751940_0, 0, 13;
    %jmp T_0.13;
T_0.10 ;
    %pushi/vec4 64, 0, 13;
    %store/vec4 v0x120751940_0, 0, 13;
    %jmp T_0.13;
T_0.11 ;
    %pushi/vec4 532, 0, 13;
    %store/vec4 v0x120751940_0, 0, 13;
    %jmp T_0.13;
T_0.13 ;
    %pop/vec4 1;
T_0.1 ;
    %load/vec4 v0x120751940_0;
    %split/vec4 1;
    %store/vec4 v0x120751420_0, 0, 1;
    %split/vec4 1;
    %store/vec4 v0x120751500_0, 0, 1;
    %split/vec4 1;
    %store/vec4 v0x120751220_0, 0, 1;
    %split/vec4 1;
    %store/vec4 v0x120751810_0, 0, 1;
    %split/vec4 1;
    %store/vec4 v0x1207518a0_0, 0, 1;
    %split/vec4 2;
    %store/vec4 v0x1207515a0_0, 0, 2;
    %split/vec4 1;
    %store/vec4 v0x120751700_0, 0, 1;
    %split/vec4 2;
    %store/vec4 v0x1207512d0_0, 0, 2;
    %store/vec4 v0x120751150_0, 0, 3;
    %jmp T_0;
    .thread T_0, $push;
    .scope S_0x120751b00;
T_1 ;
    %wait E_0x1207514b0;
    %load/vec4 v0x120752000_0;
    %parti/s 6, 26, 6;
    %store/vec4 v0x120752090_0, 0, 6;
    %load/vec4 v0x120752000_0;
    %parti/s 5, 21, 6;
    %store/vec4 v0x120752210_0, 0, 5;
    %load/vec4 v0x120752000_0;
    %parti/s 5, 16, 6;
    %store/vec4 v0x1207522c0_0, 0, 5;
    %load/vec4 v0x120752000_0;
    %parti/s 5, 11, 5;
    %store/vec4 v0x120752170_0, 0, 5;
    %load/vec4 v0x120752000_0;
    %parti/s 5, 6, 4;
    %store/vec4 v0x120752370_0, 0, 5;
    %load/vec4 v0x120752000_0;
    %parti/s 6, 0, 2;
    %store/vec4 v0x120751e10_0, 0, 6;
    %load/vec4 v0x120752000_0;
    %parti/s 16, 0, 2;
    %store/vec4 v0x120751ee0_0, 0, 16;
    %load/vec4 v0x120752000_0;
    %parti/s 26, 0, 2;
    %store/vec4 v0x120751f70_0, 0, 26;
    %jmp T_1;
    .thread T_1, $push;
    .scope S_0x1207552e0;
T_2 ;
    %vpi_call 11 8 "$readmemb", "code.txt", v0x1207556c0, 32'sb00000000000000000000000000000000, 32'sb00000000000000000000000011111111 {0 0 0};
    %end;
    .thread T_2;
    .scope S_0x1207552e0;
T_3 ;
    %wait E_0x1207554f0;
    %load/vec4 v0x120755540_0;
    %parti/s 30, 2, 3;
    %ix/vec4 4;
    %load/vec4a v0x1207556c0, 4;
    %assign/vec4 v0x120755600_0, 0;
    %jmp T_3;
    .thread T_3, $push;
    .scope S_0x120755000;
T_4 ;
    %pushi/vec4 0, 0, 32;
    %assign/vec4 v0x120756b90_0, 0;
    %end;
    .thread T_4;
    .scope S_0x120755000;
T_5 ;
    %wait E_0x120755280;
    %load/vec4 v0x120756c20_0;
    %flag_set/vec4 8;
    %jmp/0xz  T_5.0, 8;
    %pushi/vec4 0, 0, 32;
    %assign/vec4 v0x120756b90_0, 0;
    %jmp T_5.1;
T_5.0 ;
    %load/vec4 v0x120756ac0_0;
    %dup/vec4;
    %pushi/vec4 1, 0, 2;
    %cmp/u;
    %jmp/1 T_5.2, 6;
    %dup/vec4;
    %pushi/vec4 2, 0, 2;
    %cmp/u;
    %jmp/1 T_5.3, 6;
    %load/vec4 v0x120756b90_0;
    %addi 4, 0, 32;
    %assign/vec4 v0x120756b90_0, 0;
    %jmp T_5.5;
T_5.2 ;
    %load/vec4 v0x120756cd0_0;
    %flag_set/vec4 8;
    %jmp/0xz  T_5.6, 8;
    %load/vec4 v0x120756b90_0;
    %addi 4, 0, 32;
    %load/vec4 v0x120756900_0;
    %add;
    %assign/vec4 v0x120756b90_0, 0;
    %jmp T_5.7;
T_5.6 ;
    %load/vec4 v0x120756b90_0;
    %addi 4, 0, 32;
    %assign/vec4 v0x120756b90_0, 0;
T_5.7 ;
    %jmp T_5.5;
T_5.3 ;
    %load/vec4 v0x120756b90_0;
    %parti/s 4, 28, 6;
    %load/vec4 v0x120756860_0;
    %concat/vec4; draw_concat_vec4
    %concati/vec4 0, 0, 2;
    %assign/vec4 v0x120756b90_0, 0;
    %jmp T_5.5;
T_5.5 ;
    %pop/vec4 1;
T_5.1 ;
    %jmp T_5;
    .thread T_5;
    .scope S_0x120752580;
T_6 ;
    %vpi_call 7 12 "$readmemb", "data.txt", v0x120752980, 32'sb00000000000000000000000000000000, 32'sb00000000000000000000000011111111 {0 0 0};
    %end;
    .thread T_6;
    .scope S_0x120752580;
T_7 ;
    %wait E_0x120752800;
    %load/vec4 v0x120752840_0;
    %parti/s 30, 2, 3;
    %ix/vec4 4;
    %load/vec4a v0x120752980, 4;
    %assign/vec4 v0x120753a30_0, 0;
    %jmp T_7;
    .thread T_7, $push;
    .scope S_0x120752580;
T_8 ;
    %wait E_0x1207527a0;
    %load/vec4 v0x120753bc0_0;
    %pad/u 32;
    %cmpi/e 1, 0, 32;
    %jmp/0xz  T_8.0, 4;
    %load/vec4 v0x120753ae0_0;
    %load/vec4 v0x120752840_0;
    %parti/s 30, 2, 3;
    %ix/vec4 3;
    %ix/load 4, 0, 0; Constant delay
    %assign/vec4/a/d v0x120752980, 0, 4;
T_8.0 ;
    %vpi_call 7 23 "$writememb", "data_after.txt", v0x120752980, 32'sb00000000000000000000000000000000, 32'sb00000000000000000000000011111111 {0 0 0};
    %jmp T_8;
    .thread T_8;
    .scope S_0x120756e00;
T_9 ;
    %wait E_0x120752120;
    %load/vec4 v0x120757310_0;
    %pad/u 32;
    %cmpi/e 0, 0, 32;
    %jmp/0xz  T_9.0, 4;
    %load/vec4 v0x1207570c0_0;
    %assign/vec4 v0x120757240_0, 0;
    %jmp T_9.1;
T_9.0 ;
    %load/vec4 v0x1207571a0_0;
    %assign/vec4 v0x120757240_0, 0;
T_9.1 ;
    %jmp T_9;
    .thread T_9, $push;
    .scope S_0x1207573f0;
T_10 ;
    %wait E_0x120757610;
    %load/vec4 v0x1207578e0_0;
    %pad/u 32;
    %cmpi/e 0, 0, 32;
    %jmp/0xz  T_10.0, 4;
    %load/vec4 v0x120757680_0;
    %assign/vec4 v0x120757810_0, 0;
    %jmp T_10.1;
T_10.0 ;
    %load/vec4 v0x120757770_0;
    %assign/vec4 v0x120757810_0, 0;
T_10.1 ;
    %jmp T_10;
    .thread T_10, $push;
    .scope S_0x120750830;
T_11 ;
    %wait E_0x120750a50;
    %load/vec4 v0x120750cd0_0;
    %pad/u 32;
    %cmpi/e 0, 0, 32;
    %jmp/0xz  T_11.0, 4;
    %load/vec4 v0x120750ab0_0;
    %assign/vec4 v0x120750c00_0, 0;
    %jmp T_11.1;
T_11.0 ;
    %load/vec4 v0x120750b50_0;
    %assign/vec4 v0x120750c00_0, 0;
T_11.1 ;
    %jmp T_11;
    .thread T_11, $push;
    .scope S_0x120753cd0;
T_12 ;
    %wait E_0x120753f00;
    %load/vec4 v0x1207540c0_0;
    %cmpi/e 0, 0, 2;
    %jmp/0xz  T_12.0, 4;
    %pushi/vec4 0, 0, 16;
    %load/vec4 v0x120753f60_0;
    %concat/vec4; draw_concat_vec4
    %assign/vec4 v0x120754030_0, 0;
    %jmp T_12.1;
T_12.0 ;
    %load/vec4 v0x1207540c0_0;
    %cmpi/e 1, 0, 2;
    %jmp/0xz  T_12.2, 4;
    %load/vec4 v0x120753f60_0;
    %parti/s 1, 15, 5;
    %replicate 16;
    %load/vec4 v0x120753f60_0;
    %concat/vec4; draw_concat_vec4
    %assign/vec4 v0x120754030_0, 0;
    %jmp T_12.3;
T_12.2 ;
    %load/vec4 v0x120753f60_0;
    %concati/vec4 0, 0, 16;
    %assign/vec4 v0x120754030_0, 0;
T_12.3 ;
T_12.1 ;
    %jmp T_12;
    .thread T_12, $push;
    .scope S_0x12070d820;
T_13 ;
    %wait E_0x120716b90;
    %load/vec4 v0x1207504b0_0;
    %dup/vec4;
    %pushi/vec4 0, 0, 3;
    %cmp/u;
    %jmp/1 T_13.0, 6;
    %dup/vec4;
    %pushi/vec4 1, 0, 3;
    %cmp/u;
    %jmp/1 T_13.1, 6;
    %dup/vec4;
    %pushi/vec4 2, 0, 3;
    %cmp/u;
    %jmp/1 T_13.2, 6;
    %dup/vec4;
    %pushi/vec4 3, 0, 3;
    %cmp/u;
    %jmp/1 T_13.3, 6;
    %pushi/vec4 0, 0, 32;
    %store/vec4 v0x1207468b0_0, 0, 32;
    %jmp T_13.5;
T_13.0 ;
    %load/vec4 v0x120750560_0;
    %load/vec4 v0x120750620_0;
    %add;
    %store/vec4 v0x1207468b0_0, 0, 32;
    %jmp T_13.5;
T_13.1 ;
    %load/vec4 v0x120750560_0;
    %load/vec4 v0x120750620_0;
    %sub;
    %store/vec4 v0x1207468b0_0, 0, 32;
    %jmp T_13.5;
T_13.2 ;
    %load/vec4 v0x120750560_0;
    %load/vec4 v0x120750620_0;
    %and;
    %store/vec4 v0x1207468b0_0, 0, 32;
    %jmp T_13.5;
T_13.3 ;
    %load/vec4 v0x120750560_0;
    %load/vec4 v0x120750620_0;
    %or;
    %store/vec4 v0x1207468b0_0, 0, 32;
    %jmp T_13.5;
T_13.5 ;
    %pop/vec4 1;
    %load/vec4 v0x1207468b0_0;
    %cmpi/e 0, 0, 32;
    %jmp/0xz  T_13.6, 4;
    %pushi/vec4 1, 0, 1;
    %store/vec4 v0x1207506d0_0, 0, 1;
    %jmp T_13.7;
T_13.6 ;
    %pushi/vec4 0, 0, 1;
    %store/vec4 v0x1207506d0_0, 0, 1;
T_13.7 ;
    %jmp T_13;
    .thread T_13, $push;
    .scope S_0x1207541b0;
T_14 ;
    %vpi_call 9 14 "$readmemb", "register.txt", v0x1207549b0, 32'sb00000000000000000000000000000000, 32'sb00000000000000000000000000011111 {0 0 0};
    %end;
    .thread T_14;
    .scope S_0x1207541b0;
T_15 ;
    %wait E_0x120754470;
    %load/vec4 v0x120754670_0;
    %pad/u 7;
    %ix/vec4 4;
    %load/vec4a v0x1207549b0, 4;
    %assign/vec4 v0x1207547f0_0, 0;
    %load/vec4 v0x120754720_0;
    %pad/u 7;
    %ix/vec4 4;
    %load/vec4a v0x1207549b0, 4;
    %assign/vec4 v0x1207548a0_0, 0;
    %jmp T_15;
    .thread T_15, $push;
    .scope S_0x1207541b0;
T_16 ;
    %wait E_0x1207527a0;
    %load/vec4 v0x120754e80_0;
    %flag_set/vec4 8;
    %jmp/0xz  T_16.0, 8;
    %load/vec4 v0x120754dd0_0;
    %load/vec4 v0x120754d20_0;
    %pad/u 7;
    %ix/vec4 3;
    %ix/load 4, 0, 0; Constant delay
    %assign/vec4/a/d v0x1207549b0, 0, 4;
T_16.0 ;
    %vpi_call 9 25 "$writememb", "register_after.txt", v0x1207549b0, 32'sb00000000000000000000000000000000, 32'sb00000000000000000000000000011111 {0 0 0};
    %jmp T_16;
    .thread T_16;
    .scope S_0x12070f480;
T_17 ;
    %pushi/vec4 0, 0, 1;
    %store/vec4 v0x120757f50_0, 0, 1;
T_17.0 ;
    %delay 5000, 0;
    %load/vec4 v0x120757f50_0;
    %inv;
    %store/vec4 v0x120757f50_0, 0, 1;
    %jmp T_17.0;
    %end;
    .thread T_17;
    .scope S_0x12070f480;
T_18 ;
    %vpi_call 2 119 "$dumpfile", "mips_tb.vcd" {0 0 0};
    %vpi_call 2 120 "$dumpvars", 32'sb00000000000000000000000000000000, S_0x12070f480 {0 0 0};
    %delay 5000000, 0;
    %vpi_call 2 122 "$finish" {0 0 0};
    %end;
    .thread T_18;
# The file index is used to find the file name in the following table.
:file_names 13;
    "N/A";
    "<interactive>";
    "mips.v";
    "./datapath/alu.v";
    "./datapath/mux32.v";
    "./control/ctrl.v";
    "./datapath/divider.v";
    "./datapath/dm.v";
    "./datapath/ext.v";
    "./datapath/gpr.v";
    "./datapath/ifu.v";
    "./datapath/im.v";
    "./datapath/mux5.v";
