#! /opt/homebrew/Cellar/icarus-verilog/12.0/bin/vvp
:ivl_version "12.0 (stable)";
:ivl_delay_selection "TYPICAL";
:vpi_time_precision + 0;
:vpi_module "/opt/homebrew/Cellar/icarus-verilog/12.0/lib/ivl/system.vpi";
:vpi_module "/opt/homebrew/Cellar/icarus-verilog/12.0/lib/ivl/vhdl_sys.vpi";
:vpi_module "/opt/homebrew/Cellar/icarus-verilog/12.0/lib/ivl/vhdl_textio.vpi";
:vpi_module "/opt/homebrew/Cellar/icarus-verilog/12.0/lib/ivl/v2005_math.vpi";
:vpi_module "/opt/homebrew/Cellar/icarus-verilog/12.0/lib/ivl/va_math.vpi";
S_0x151e0f280 .scope module, "ctrl" "ctrl" 2 1;
 .timescale 0 0;
    .port_info 0 /INPUT 6 "op";
    .port_info 1 /INPUT 6 "funct";
    .port_info 2 /OUTPUT 1 "mem2Reg";
    .port_info 3 /OUTPUT 1 "memWrite";
    .port_info 4 /OUTPUT 1 "aluSrc";
    .port_info 5 /OUTPUT 1 "regDst";
    .port_info 6 /OUTPUT 1 "regWrite";
    .port_info 7 /OUTPUT 2 "nPC_sel";
    .port_info 8 /OUTPUT 1 "pcReset";
    .port_info 9 /OUTPUT 2 "ext_op";
    .port_info 10 /OUTPUT 3 "aluCtr";
v0x151e0f3f0_0 .var "aluCtr", 2 0;
v0x151e1ef80_0 .var "aluSrc", 0 0;
v0x151e1f020_0 .var "ext_op", 1 0;
o0x1580400a0 .functor BUFZ 6, C4<zzzzzz>; HiZ drive
v0x151e1f0e0_0 .net "funct", 5 0, o0x1580400a0;  0 drivers
v0x151e1f190_0 .var "mem2Reg", 0 0;
v0x151e1f270_0 .var "memWrite", 0 0;
v0x151e1f310_0 .var "nPC_sel", 1 0;
o0x158040160 .functor BUFZ 6, C4<zzzzzz>; HiZ drive
v0x151e1f3c0_0 .net "op", 5 0, o0x158040160;  0 drivers
v0x151e1f470_0 .var "pcReset", 0 0;
v0x151e1f580_0 .var "regDst", 0 0;
v0x151e1f610_0 .var "regWrite", 0 0;
v0x151e1f6b0_0 .var "tempcode", 12 0;
E_0x151e07b70 .event anyedge, v0x151e1f3c0_0, v0x151e1f0e0_0, v0x151e1f6b0_0;
    .scope S_0x151e0f280;
T_0 ;
    %wait E_0x151e07b70;
    %pushi/vec4 0, 0, 13;
    %store/vec4 v0x151e1f6b0_0, 0, 13;
    %load/vec4 v0x151e1f3c0_0;
    %cmpi/e 0, 0, 6;
    %jmp/0xz  T_0.0, 4;
    %load/vec4 v0x151e1f0e0_0;
    %dup/vec4;
    %pushi/vec4 33, 0, 6;
    %cmp/u;
    %jmp/1 T_0.2, 6;
    %dup/vec4;
    %pushi/vec4 35, 0, 6;
    %cmp/u;
    %jmp/1 T_0.3, 6;
    %pushi/vec4 0, 0, 13;
    %store/vec4 v0x151e1f6b0_0, 0, 13;
    %jmp T_0.5;
T_0.2 ;
    %pushi/vec4 24, 0, 13;
    %store/vec4 v0x151e1f6b0_0, 0, 13;
    %jmp T_0.5;
T_0.3 ;
    %pushi/vec4 1048, 0, 13;
    %store/vec4 v0x151e1f6b0_0, 0, 13;
    %jmp T_0.5;
T_0.5 ;
    %pop/vec4 1;
    %jmp T_0.1;
T_0.0 ;
    %load/vec4 v0x151e1f3c0_0;
    %dup/vec4;
    %pushi/vec4 13, 0, 6;
    %cmp/u;
    %jmp/1 T_0.6, 6;
    %dup/vec4;
    %pushi/vec4 35, 0, 6;
    %cmp/u;
    %jmp/1 T_0.7, 6;
    %dup/vec4;
    %pushi/vec4 43, 0, 6;
    %cmp/u;
    %jmp/1 T_0.8, 6;
    %dup/vec4;
    %pushi/vec4 4, 0, 6;
    %cmp/u;
    %jmp/1 T_0.9, 6;
    %dup/vec4;
    %pushi/vec4 2, 0, 6;
    %cmp/u;
    %jmp/1 T_0.10, 6;
    %dup/vec4;
    %pushi/vec4 15, 0, 6;
    %cmp/u;
    %jmp/1 T_0.11, 6;
    %pushi/vec4 0, 0, 13;
    %store/vec4 v0x151e1f6b0_0, 0, 13;
    %jmp T_0.13;
T_0.6 ;
    %pushi/vec4 3092, 0, 13;
    %store/vec4 v0x151e1f6b0_0, 0, 13;
    %jmp T_0.13;
T_0.7 ;
    %pushi/vec4 277, 0, 13;
    %store/vec4 v0x151e1f6b0_0, 0, 13;
    %jmp T_0.13;
T_0.8 ;
    %pushi/vec4 270, 0, 13;
    %store/vec4 v0x151e1f6b0_0, 0, 13;
    %jmp T_0.13;
T_0.9 ;
    %pushi/vec4 1056, 0, 13;
    %store/vec4 v0x151e1f6b0_0, 0, 13;
    %jmp T_0.13;
T_0.10 ;
    %pushi/vec4 64, 0, 13;
    %store/vec4 v0x151e1f6b0_0, 0, 13;
    %jmp T_0.13;
T_0.11 ;
    %pushi/vec4 532, 0, 13;
    %store/vec4 v0x151e1f6b0_0, 0, 13;
    %jmp T_0.13;
T_0.13 ;
    %pop/vec4 1;
T_0.1 ;
    %load/vec4 v0x151e1f6b0_0;
    %split/vec4 1;
    %store/vec4 v0x151e1f190_0, 0, 1;
    %split/vec4 1;
    %store/vec4 v0x151e1f270_0, 0, 1;
    %split/vec4 1;
    %store/vec4 v0x151e1ef80_0, 0, 1;
    %split/vec4 1;
    %store/vec4 v0x151e1f580_0, 0, 1;
    %split/vec4 1;
    %store/vec4 v0x151e1f610_0, 0, 1;
    %split/vec4 2;
    %store/vec4 v0x151e1f310_0, 0, 2;
    %split/vec4 1;
    %store/vec4 v0x151e1f470_0, 0, 1;
    %split/vec4 2;
    %store/vec4 v0x151e1f020_0, 0, 2;
    %store/vec4 v0x151e0f3f0_0, 0, 3;
    %jmp T_0;
    .thread T_0, $push;
# The file index is used to find the file name in the following table.
:file_names 3;
    "N/A";
    "<interactive>";
    "ctrl.v";
