#! /opt/homebrew/Cellar/icarus-verilog/12.0/bin/vvp
:ivl_version "12.0 (stable)";
:ivl_delay_selection "TYPICAL";
:vpi_time_precision + 0;
:vpi_module "/opt/homebrew/Cellar/icarus-verilog/12.0/lib/ivl/system.vpi";
:vpi_module "/opt/homebrew/Cellar/icarus-verilog/12.0/lib/ivl/vhdl_sys.vpi";
:vpi_module "/opt/homebrew/Cellar/icarus-verilog/12.0/lib/ivl/vhdl_textio.vpi";
:vpi_module "/opt/homebrew/Cellar/icarus-verilog/12.0/lib/ivl/v2005_math.vpi";
:vpi_module "/opt/homebrew/Cellar/icarus-verilog/12.0/lib/ivl/va_math.vpi";
S_0x13d611260 .scope module, "dm" "dm" 2 1;
 .timescale 0 0;
    .port_info 0 /INPUT 32 "addr";
    .port_info 1 /INPUT 32 "wd";
    .port_info 2 /INPUT 1 "wrEn";
    .port_info 3 /INPUT 1 "clk";
    .port_info 4 /OUTPUT 32 "rd";
o0x140040010 .functor BUFZ 32, C4<zzzzzzzzzzzzzzzzzzzzzzzzzzzzzzzz>; HiZ drive
v0x13d607780_0 .net "addr", 31 0, o0x140040010;  0 drivers
o0x140040040 .functor BUFZ 1, C4<z>; HiZ drive
v0x13d61e3d0_0 .net "clk", 0 0, o0x140040040;  0 drivers
v0x13d61e470 .array "dataMem", 0 255, 31 0;
v0x13d61f500_0 .var "rd", 31 0;
o0x1400430a0 .functor BUFZ 32, C4<zzzzzzzzzzzzzzzzzzzzzzzzzzzzzzzz>; HiZ drive
v0x13d61f5b0_0 .net "wd", 31 0, o0x1400430a0;  0 drivers
o0x1400430d0 .functor BUFZ 1, C4<z>; HiZ drive
v0x13d61f6a0_0 .net "wrEn", 0 0, o0x1400430d0;  0 drivers
E_0x13d608950 .event posedge, v0x13d61e3d0_0;
v0x13d61e470_0 .array/port v0x13d61e470, 0;
v0x13d61e470_1 .array/port v0x13d61e470, 1;
v0x13d61e470_2 .array/port v0x13d61e470, 2;
E_0x13d607f10/0 .event anyedge, v0x13d607780_0, v0x13d61e470_0, v0x13d61e470_1, v0x13d61e470_2;
v0x13d61e470_3 .array/port v0x13d61e470, 3;
v0x13d61e470_4 .array/port v0x13d61e470, 4;
v0x13d61e470_5 .array/port v0x13d61e470, 5;
v0x13d61e470_6 .array/port v0x13d61e470, 6;
E_0x13d607f10/1 .event anyedge, v0x13d61e470_3, v0x13d61e470_4, v0x13d61e470_5, v0x13d61e470_6;
v0x13d61e470_7 .array/port v0x13d61e470, 7;
v0x13d61e470_8 .array/port v0x13d61e470, 8;
v0x13d61e470_9 .array/port v0x13d61e470, 9;
v0x13d61e470_10 .array/port v0x13d61e470, 10;
E_0x13d607f10/2 .event anyedge, v0x13d61e470_7, v0x13d61e470_8, v0x13d61e470_9, v0x13d61e470_10;
v0x13d61e470_11 .array/port v0x13d61e470, 11;
v0x13d61e470_12 .array/port v0x13d61e470, 12;
v0x13d61e470_13 .array/port v0x13d61e470, 13;
v0x13d61e470_14 .array/port v0x13d61e470, 14;
E_0x13d607f10/3 .event anyedge, v0x13d61e470_11, v0x13d61e470_12, v0x13d61e470_13, v0x13d61e470_14;
v0x13d61e470_15 .array/port v0x13d61e470, 15;
v0x13d61e470_16 .array/port v0x13d61e470, 16;
v0x13d61e470_17 .array/port v0x13d61e470, 17;
v0x13d61e470_18 .array/port v0x13d61e470, 18;
E_0x13d607f10/4 .event anyedge, v0x13d61e470_15, v0x13d61e470_16, v0x13d61e470_17, v0x13d61e470_18;
v0x13d61e470_19 .array/port v0x13d61e470, 19;
v0x13d61e470_20 .array/port v0x13d61e470, 20;
v0x13d61e470_21 .array/port v0x13d61e470, 21;
v0x13d61e470_22 .array/port v0x13d61e470, 22;
E_0x13d607f10/5 .event anyedge, v0x13d61e470_19, v0x13d61e470_20, v0x13d61e470_21, v0x13d61e470_22;
v0x13d61e470_23 .array/port v0x13d61e470, 23;
v0x13d61e470_24 .array/port v0x13d61e470, 24;
v0x13d61e470_25 .array/port v0x13d61e470, 25;
v0x13d61e470_26 .array/port v0x13d61e470, 26;
E_0x13d607f10/6 .event anyedge, v0x13d61e470_23, v0x13d61e470_24, v0x13d61e470_25, v0x13d61e470_26;
v0x13d61e470_27 .array/port v0x13d61e470, 27;
v0x13d61e470_28 .array/port v0x13d61e470, 28;
v0x13d61e470_29 .array/port v0x13d61e470, 29;
v0x13d61e470_30 .array/port v0x13d61e470, 30;
E_0x13d607f10/7 .event anyedge, v0x13d61e470_27, v0x13d61e470_28, v0x13d61e470_29, v0x13d61e470_30;
v0x13d61e470_31 .array/port v0x13d61e470, 31;
v0x13d61e470_32 .array/port v0x13d61e470, 32;
v0x13d61e470_33 .array/port v0x13d61e470, 33;
v0x13d61e470_34 .array/port v0x13d61e470, 34;
E_0x13d607f10/8 .event anyedge, v0x13d61e470_31, v0x13d61e470_32, v0x13d61e470_33, v0x13d61e470_34;
v0x13d61e470_35 .array/port v0x13d61e470, 35;
v0x13d61e470_36 .array/port v0x13d61e470, 36;
v0x13d61e470_37 .array/port v0x13d61e470, 37;
v0x13d61e470_38 .array/port v0x13d61e470, 38;
E_0x13d607f10/9 .event anyedge, v0x13d61e470_35, v0x13d61e470_36, v0x13d61e470_37, v0x13d61e470_38;
v0x13d61e470_39 .array/port v0x13d61e470, 39;
v0x13d61e470_40 .array/port v0x13d61e470, 40;
v0x13d61e470_41 .array/port v0x13d61e470, 41;
v0x13d61e470_42 .array/port v0x13d61e470, 42;
E_0x13d607f10/10 .event anyedge, v0x13d61e470_39, v0x13d61e470_40, v0x13d61e470_41, v0x13d61e470_42;
v0x13d61e470_43 .array/port v0x13d61e470, 43;
v0x13d61e470_44 .array/port v0x13d61e470, 44;
v0x13d61e470_45 .array/port v0x13d61e470, 45;
v0x13d61e470_46 .array/port v0x13d61e470, 46;
E_0x13d607f10/11 .event anyedge, v0x13d61e470_43, v0x13d61e470_44, v0x13d61e470_45, v0x13d61e470_46;
v0x13d61e470_47 .array/port v0x13d61e470, 47;
v0x13d61e470_48 .array/port v0x13d61e470, 48;
v0x13d61e470_49 .array/port v0x13d61e470, 49;
v0x13d61e470_50 .array/port v0x13d61e470, 50;
E_0x13d607f10/12 .event anyedge, v0x13d61e470_47, v0x13d61e470_48, v0x13d61e470_49, v0x13d61e470_50;
v0x13d61e470_51 .array/port v0x13d61e470, 51;
v0x13d61e470_52 .array/port v0x13d61e470, 52;
v0x13d61e470_53 .array/port v0x13d61e470, 53;
v0x13d61e470_54 .array/port v0x13d61e470, 54;
E_0x13d607f10/13 .event anyedge, v0x13d61e470_51, v0x13d61e470_52, v0x13d61e470_53, v0x13d61e470_54;
v0x13d61e470_55 .array/port v0x13d61e470, 55;
v0x13d61e470_56 .array/port v0x13d61e470, 56;
v0x13d61e470_57 .array/port v0x13d61e470, 57;
v0x13d61e470_58 .array/port v0x13d61e470, 58;
E_0x13d607f10/14 .event anyedge, v0x13d61e470_55, v0x13d61e470_56, v0x13d61e470_57, v0x13d61e470_58;
v0x13d61e470_59 .array/port v0x13d61e470, 59;
v0x13d61e470_60 .array/port v0x13d61e470, 60;
v0x13d61e470_61 .array/port v0x13d61e470, 61;
v0x13d61e470_62 .array/port v0x13d61e470, 62;
E_0x13d607f10/15 .event anyedge, v0x13d61e470_59, v0x13d61e470_60, v0x13d61e470_61, v0x13d61e470_62;
v0x13d61e470_63 .array/port v0x13d61e470, 63;
v0x13d61e470_64 .array/port v0x13d61e470, 64;
v0x13d61e470_65 .array/port v0x13d61e470, 65;
v0x13d61e470_66 .array/port v0x13d61e470, 66;
E_0x13d607f10/16 .event anyedge, v0x13d61e470_63, v0x13d61e470_64, v0x13d61e470_65, v0x13d61e470_66;
v0x13d61e470_67 .array/port v0x13d61e470, 67;
v0x13d61e470_68 .array/port v0x13d61e470, 68;
v0x13d61e470_69 .array/port v0x13d61e470, 69;
v0x13d61e470_70 .array/port v0x13d61e470, 70;
E_0x13d607f10/17 .event anyedge, v0x13d61e470_67, v0x13d61e470_68, v0x13d61e470_69, v0x13d61e470_70;
v0x13d61e470_71 .array/port v0x13d61e470, 71;
v0x13d61e470_72 .array/port v0x13d61e470, 72;
v0x13d61e470_73 .array/port v0x13d61e470, 73;
v0x13d61e470_74 .array/port v0x13d61e470, 74;
E_0x13d607f10/18 .event anyedge, v0x13d61e470_71, v0x13d61e470_72, v0x13d61e470_73, v0x13d61e470_74;
v0x13d61e470_75 .array/port v0x13d61e470, 75;
v0x13d61e470_76 .array/port v0x13d61e470, 76;
v0x13d61e470_77 .array/port v0x13d61e470, 77;
v0x13d61e470_78 .array/port v0x13d61e470, 78;
E_0x13d607f10/19 .event anyedge, v0x13d61e470_75, v0x13d61e470_76, v0x13d61e470_77, v0x13d61e470_78;
v0x13d61e470_79 .array/port v0x13d61e470, 79;
v0x13d61e470_80 .array/port v0x13d61e470, 80;
v0x13d61e470_81 .array/port v0x13d61e470, 81;
v0x13d61e470_82 .array/port v0x13d61e470, 82;
E_0x13d607f10/20 .event anyedge, v0x13d61e470_79, v0x13d61e470_80, v0x13d61e470_81, v0x13d61e470_82;
v0x13d61e470_83 .array/port v0x13d61e470, 83;
v0x13d61e470_84 .array/port v0x13d61e470, 84;
v0x13d61e470_85 .array/port v0x13d61e470, 85;
v0x13d61e470_86 .array/port v0x13d61e470, 86;
E_0x13d607f10/21 .event anyedge, v0x13d61e470_83, v0x13d61e470_84, v0x13d61e470_85, v0x13d61e470_86;
v0x13d61e470_87 .array/port v0x13d61e470, 87;
v0x13d61e470_88 .array/port v0x13d61e470, 88;
v0x13d61e470_89 .array/port v0x13d61e470, 89;
v0x13d61e470_90 .array/port v0x13d61e470, 90;
E_0x13d607f10/22 .event anyedge, v0x13d61e470_87, v0x13d61e470_88, v0x13d61e470_89, v0x13d61e470_90;
v0x13d61e470_91 .array/port v0x13d61e470, 91;
v0x13d61e470_92 .array/port v0x13d61e470, 92;
v0x13d61e470_93 .array/port v0x13d61e470, 93;
v0x13d61e470_94 .array/port v0x13d61e470, 94;
E_0x13d607f10/23 .event anyedge, v0x13d61e470_91, v0x13d61e470_92, v0x13d61e470_93, v0x13d61e470_94;
v0x13d61e470_95 .array/port v0x13d61e470, 95;
v0x13d61e470_96 .array/port v0x13d61e470, 96;
v0x13d61e470_97 .array/port v0x13d61e470, 97;
v0x13d61e470_98 .array/port v0x13d61e470, 98;
E_0x13d607f10/24 .event anyedge, v0x13d61e470_95, v0x13d61e470_96, v0x13d61e470_97, v0x13d61e470_98;
v0x13d61e470_99 .array/port v0x13d61e470, 99;
v0x13d61e470_100 .array/port v0x13d61e470, 100;
v0x13d61e470_101 .array/port v0x13d61e470, 101;
v0x13d61e470_102 .array/port v0x13d61e470, 102;
E_0x13d607f10/25 .event anyedge, v0x13d61e470_99, v0x13d61e470_100, v0x13d61e470_101, v0x13d61e470_102;
v0x13d61e470_103 .array/port v0x13d61e470, 103;
v0x13d61e470_104 .array/port v0x13d61e470, 104;
v0x13d61e470_105 .array/port v0x13d61e470, 105;
v0x13d61e470_106 .array/port v0x13d61e470, 106;
E_0x13d607f10/26 .event anyedge, v0x13d61e470_103, v0x13d61e470_104, v0x13d61e470_105, v0x13d61e470_106;
v0x13d61e470_107 .array/port v0x13d61e470, 107;
v0x13d61e470_108 .array/port v0x13d61e470, 108;
v0x13d61e470_109 .array/port v0x13d61e470, 109;
v0x13d61e470_110 .array/port v0x13d61e470, 110;
E_0x13d607f10/27 .event anyedge, v0x13d61e470_107, v0x13d61e470_108, v0x13d61e470_109, v0x13d61e470_110;
v0x13d61e470_111 .array/port v0x13d61e470, 111;
v0x13d61e470_112 .array/port v0x13d61e470, 112;
v0x13d61e470_113 .array/port v0x13d61e470, 113;
v0x13d61e470_114 .array/port v0x13d61e470, 114;
E_0x13d607f10/28 .event anyedge, v0x13d61e470_111, v0x13d61e470_112, v0x13d61e470_113, v0x13d61e470_114;
v0x13d61e470_115 .array/port v0x13d61e470, 115;
v0x13d61e470_116 .array/port v0x13d61e470, 116;
v0x13d61e470_117 .array/port v0x13d61e470, 117;
v0x13d61e470_118 .array/port v0x13d61e470, 118;
E_0x13d607f10/29 .event anyedge, v0x13d61e470_115, v0x13d61e470_116, v0x13d61e470_117, v0x13d61e470_118;
v0x13d61e470_119 .array/port v0x13d61e470, 119;
v0x13d61e470_120 .array/port v0x13d61e470, 120;
v0x13d61e470_121 .array/port v0x13d61e470, 121;
v0x13d61e470_122 .array/port v0x13d61e470, 122;
E_0x13d607f10/30 .event anyedge, v0x13d61e470_119, v0x13d61e470_120, v0x13d61e470_121, v0x13d61e470_122;
v0x13d61e470_123 .array/port v0x13d61e470, 123;
v0x13d61e470_124 .array/port v0x13d61e470, 124;
v0x13d61e470_125 .array/port v0x13d61e470, 125;
v0x13d61e470_126 .array/port v0x13d61e470, 126;
E_0x13d607f10/31 .event anyedge, v0x13d61e470_123, v0x13d61e470_124, v0x13d61e470_125, v0x13d61e470_126;
v0x13d61e470_127 .array/port v0x13d61e470, 127;
v0x13d61e470_128 .array/port v0x13d61e470, 128;
v0x13d61e470_129 .array/port v0x13d61e470, 129;
v0x13d61e470_130 .array/port v0x13d61e470, 130;
E_0x13d607f10/32 .event anyedge, v0x13d61e470_127, v0x13d61e470_128, v0x13d61e470_129, v0x13d61e470_130;
v0x13d61e470_131 .array/port v0x13d61e470, 131;
v0x13d61e470_132 .array/port v0x13d61e470, 132;
v0x13d61e470_133 .array/port v0x13d61e470, 133;
v0x13d61e470_134 .array/port v0x13d61e470, 134;
E_0x13d607f10/33 .event anyedge, v0x13d61e470_131, v0x13d61e470_132, v0x13d61e470_133, v0x13d61e470_134;
v0x13d61e470_135 .array/port v0x13d61e470, 135;
v0x13d61e470_136 .array/port v0x13d61e470, 136;
v0x13d61e470_137 .array/port v0x13d61e470, 137;
v0x13d61e470_138 .array/port v0x13d61e470, 138;
E_0x13d607f10/34 .event anyedge, v0x13d61e470_135, v0x13d61e470_136, v0x13d61e470_137, v0x13d61e470_138;
v0x13d61e470_139 .array/port v0x13d61e470, 139;
v0x13d61e470_140 .array/port v0x13d61e470, 140;
v0x13d61e470_141 .array/port v0x13d61e470, 141;
v0x13d61e470_142 .array/port v0x13d61e470, 142;
E_0x13d607f10/35 .event anyedge, v0x13d61e470_139, v0x13d61e470_140, v0x13d61e470_141, v0x13d61e470_142;
v0x13d61e470_143 .array/port v0x13d61e470, 143;
v0x13d61e470_144 .array/port v0x13d61e470, 144;
v0x13d61e470_145 .array/port v0x13d61e470, 145;
v0x13d61e470_146 .array/port v0x13d61e470, 146;
E_0x13d607f10/36 .event anyedge, v0x13d61e470_143, v0x13d61e470_144, v0x13d61e470_145, v0x13d61e470_146;
v0x13d61e470_147 .array/port v0x13d61e470, 147;
v0x13d61e470_148 .array/port v0x13d61e470, 148;
v0x13d61e470_149 .array/port v0x13d61e470, 149;
v0x13d61e470_150 .array/port v0x13d61e470, 150;
E_0x13d607f10/37 .event anyedge, v0x13d61e470_147, v0x13d61e470_148, v0x13d61e470_149, v0x13d61e470_150;
v0x13d61e470_151 .array/port v0x13d61e470, 151;
v0x13d61e470_152 .array/port v0x13d61e470, 152;
v0x13d61e470_153 .array/port v0x13d61e470, 153;
v0x13d61e470_154 .array/port v0x13d61e470, 154;
E_0x13d607f10/38 .event anyedge, v0x13d61e470_151, v0x13d61e470_152, v0x13d61e470_153, v0x13d61e470_154;
v0x13d61e470_155 .array/port v0x13d61e470, 155;
v0x13d61e470_156 .array/port v0x13d61e470, 156;
v0x13d61e470_157 .array/port v0x13d61e470, 157;
v0x13d61e470_158 .array/port v0x13d61e470, 158;
E_0x13d607f10/39 .event anyedge, v0x13d61e470_155, v0x13d61e470_156, v0x13d61e470_157, v0x13d61e470_158;
v0x13d61e470_159 .array/port v0x13d61e470, 159;
v0x13d61e470_160 .array/port v0x13d61e470, 160;
v0x13d61e470_161 .array/port v0x13d61e470, 161;
v0x13d61e470_162 .array/port v0x13d61e470, 162;
E_0x13d607f10/40 .event anyedge, v0x13d61e470_159, v0x13d61e470_160, v0x13d61e470_161, v0x13d61e470_162;
v0x13d61e470_163 .array/port v0x13d61e470, 163;
v0x13d61e470_164 .array/port v0x13d61e470, 164;
v0x13d61e470_165 .array/port v0x13d61e470, 165;
v0x13d61e470_166 .array/port v0x13d61e470, 166;
E_0x13d607f10/41 .event anyedge, v0x13d61e470_163, v0x13d61e470_164, v0x13d61e470_165, v0x13d61e470_166;
v0x13d61e470_167 .array/port v0x13d61e470, 167;
v0x13d61e470_168 .array/port v0x13d61e470, 168;
v0x13d61e470_169 .array/port v0x13d61e470, 169;
v0x13d61e470_170 .array/port v0x13d61e470, 170;
E_0x13d607f10/42 .event anyedge, v0x13d61e470_167, v0x13d61e470_168, v0x13d61e470_169, v0x13d61e470_170;
v0x13d61e470_171 .array/port v0x13d61e470, 171;
v0x13d61e470_172 .array/port v0x13d61e470, 172;
v0x13d61e470_173 .array/port v0x13d61e470, 173;
v0x13d61e470_174 .array/port v0x13d61e470, 174;
E_0x13d607f10/43 .event anyedge, v0x13d61e470_171, v0x13d61e470_172, v0x13d61e470_173, v0x13d61e470_174;
v0x13d61e470_175 .array/port v0x13d61e470, 175;
v0x13d61e470_176 .array/port v0x13d61e470, 176;
v0x13d61e470_177 .array/port v0x13d61e470, 177;
v0x13d61e470_178 .array/port v0x13d61e470, 178;
E_0x13d607f10/44 .event anyedge, v0x13d61e470_175, v0x13d61e470_176, v0x13d61e470_177, v0x13d61e470_178;
v0x13d61e470_179 .array/port v0x13d61e470, 179;
v0x13d61e470_180 .array/port v0x13d61e470, 180;
v0x13d61e470_181 .array/port v0x13d61e470, 181;
v0x13d61e470_182 .array/port v0x13d61e470, 182;
E_0x13d607f10/45 .event anyedge, v0x13d61e470_179, v0x13d61e470_180, v0x13d61e470_181, v0x13d61e470_182;
v0x13d61e470_183 .array/port v0x13d61e470, 183;
v0x13d61e470_184 .array/port v0x13d61e470, 184;
v0x13d61e470_185 .array/port v0x13d61e470, 185;
v0x13d61e470_186 .array/port v0x13d61e470, 186;
E_0x13d607f10/46 .event anyedge, v0x13d61e470_183, v0x13d61e470_184, v0x13d61e470_185, v0x13d61e470_186;
v0x13d61e470_187 .array/port v0x13d61e470, 187;
v0x13d61e470_188 .array/port v0x13d61e470, 188;
v0x13d61e470_189 .array/port v0x13d61e470, 189;
v0x13d61e470_190 .array/port v0x13d61e470, 190;
E_0x13d607f10/47 .event anyedge, v0x13d61e470_187, v0x13d61e470_188, v0x13d61e470_189, v0x13d61e470_190;
v0x13d61e470_191 .array/port v0x13d61e470, 191;
v0x13d61e470_192 .array/port v0x13d61e470, 192;
v0x13d61e470_193 .array/port v0x13d61e470, 193;
v0x13d61e470_194 .array/port v0x13d61e470, 194;
E_0x13d607f10/48 .event anyedge, v0x13d61e470_191, v0x13d61e470_192, v0x13d61e470_193, v0x13d61e470_194;
v0x13d61e470_195 .array/port v0x13d61e470, 195;
v0x13d61e470_196 .array/port v0x13d61e470, 196;
v0x13d61e470_197 .array/port v0x13d61e470, 197;
v0x13d61e470_198 .array/port v0x13d61e470, 198;
E_0x13d607f10/49 .event anyedge, v0x13d61e470_195, v0x13d61e470_196, v0x13d61e470_197, v0x13d61e470_198;
v0x13d61e470_199 .array/port v0x13d61e470, 199;
v0x13d61e470_200 .array/port v0x13d61e470, 200;
v0x13d61e470_201 .array/port v0x13d61e470, 201;
v0x13d61e470_202 .array/port v0x13d61e470, 202;
E_0x13d607f10/50 .event anyedge, v0x13d61e470_199, v0x13d61e470_200, v0x13d61e470_201, v0x13d61e470_202;
v0x13d61e470_203 .array/port v0x13d61e470, 203;
v0x13d61e470_204 .array/port v0x13d61e470, 204;
v0x13d61e470_205 .array/port v0x13d61e470, 205;
v0x13d61e470_206 .array/port v0x13d61e470, 206;
E_0x13d607f10/51 .event anyedge, v0x13d61e470_203, v0x13d61e470_204, v0x13d61e470_205, v0x13d61e470_206;
v0x13d61e470_207 .array/port v0x13d61e470, 207;
v0x13d61e470_208 .array/port v0x13d61e470, 208;
v0x13d61e470_209 .array/port v0x13d61e470, 209;
v0x13d61e470_210 .array/port v0x13d61e470, 210;
E_0x13d607f10/52 .event anyedge, v0x13d61e470_207, v0x13d61e470_208, v0x13d61e470_209, v0x13d61e470_210;
v0x13d61e470_211 .array/port v0x13d61e470, 211;
v0x13d61e470_212 .array/port v0x13d61e470, 212;
v0x13d61e470_213 .array/port v0x13d61e470, 213;
v0x13d61e470_214 .array/port v0x13d61e470, 214;
E_0x13d607f10/53 .event anyedge, v0x13d61e470_211, v0x13d61e470_212, v0x13d61e470_213, v0x13d61e470_214;
v0x13d61e470_215 .array/port v0x13d61e470, 215;
v0x13d61e470_216 .array/port v0x13d61e470, 216;
v0x13d61e470_217 .array/port v0x13d61e470, 217;
v0x13d61e470_218 .array/port v0x13d61e470, 218;
E_0x13d607f10/54 .event anyedge, v0x13d61e470_215, v0x13d61e470_216, v0x13d61e470_217, v0x13d61e470_218;
v0x13d61e470_219 .array/port v0x13d61e470, 219;
v0x13d61e470_220 .array/port v0x13d61e470, 220;
v0x13d61e470_221 .array/port v0x13d61e470, 221;
v0x13d61e470_222 .array/port v0x13d61e470, 222;
E_0x13d607f10/55 .event anyedge, v0x13d61e470_219, v0x13d61e470_220, v0x13d61e470_221, v0x13d61e470_222;
v0x13d61e470_223 .array/port v0x13d61e470, 223;
v0x13d61e470_224 .array/port v0x13d61e470, 224;
v0x13d61e470_225 .array/port v0x13d61e470, 225;
v0x13d61e470_226 .array/port v0x13d61e470, 226;
E_0x13d607f10/56 .event anyedge, v0x13d61e470_223, v0x13d61e470_224, v0x13d61e470_225, v0x13d61e470_226;
v0x13d61e470_227 .array/port v0x13d61e470, 227;
v0x13d61e470_228 .array/port v0x13d61e470, 228;
v0x13d61e470_229 .array/port v0x13d61e470, 229;
v0x13d61e470_230 .array/port v0x13d61e470, 230;
E_0x13d607f10/57 .event anyedge, v0x13d61e470_227, v0x13d61e470_228, v0x13d61e470_229, v0x13d61e470_230;
v0x13d61e470_231 .array/port v0x13d61e470, 231;
v0x13d61e470_232 .array/port v0x13d61e470, 232;
v0x13d61e470_233 .array/port v0x13d61e470, 233;
v0x13d61e470_234 .array/port v0x13d61e470, 234;
E_0x13d607f10/58 .event anyedge, v0x13d61e470_231, v0x13d61e470_232, v0x13d61e470_233, v0x13d61e470_234;
v0x13d61e470_235 .array/port v0x13d61e470, 235;
v0x13d61e470_236 .array/port v0x13d61e470, 236;
v0x13d61e470_237 .array/port v0x13d61e470, 237;
v0x13d61e470_238 .array/port v0x13d61e470, 238;
E_0x13d607f10/59 .event anyedge, v0x13d61e470_235, v0x13d61e470_236, v0x13d61e470_237, v0x13d61e470_238;
v0x13d61e470_239 .array/port v0x13d61e470, 239;
v0x13d61e470_240 .array/port v0x13d61e470, 240;
v0x13d61e470_241 .array/port v0x13d61e470, 241;
v0x13d61e470_242 .array/port v0x13d61e470, 242;
E_0x13d607f10/60 .event anyedge, v0x13d61e470_239, v0x13d61e470_240, v0x13d61e470_241, v0x13d61e470_242;
v0x13d61e470_243 .array/port v0x13d61e470, 243;
v0x13d61e470_244 .array/port v0x13d61e470, 244;
v0x13d61e470_245 .array/port v0x13d61e470, 245;
v0x13d61e470_246 .array/port v0x13d61e470, 246;
E_0x13d607f10/61 .event anyedge, v0x13d61e470_243, v0x13d61e470_244, v0x13d61e470_245, v0x13d61e470_246;
v0x13d61e470_247 .array/port v0x13d61e470, 247;
v0x13d61e470_248 .array/port v0x13d61e470, 248;
v0x13d61e470_249 .array/port v0x13d61e470, 249;
v0x13d61e470_250 .array/port v0x13d61e470, 250;
E_0x13d607f10/62 .event anyedge, v0x13d61e470_247, v0x13d61e470_248, v0x13d61e470_249, v0x13d61e470_250;
v0x13d61e470_251 .array/port v0x13d61e470, 251;
v0x13d61e470_252 .array/port v0x13d61e470, 252;
v0x13d61e470_253 .array/port v0x13d61e470, 253;
v0x13d61e470_254 .array/port v0x13d61e470, 254;
E_0x13d607f10/63 .event anyedge, v0x13d61e470_251, v0x13d61e470_252, v0x13d61e470_253, v0x13d61e470_254;
v0x13d61e470_255 .array/port v0x13d61e470, 255;
E_0x13d607f10/64 .event anyedge, v0x13d61e470_255;
E_0x13d607f10 .event/or E_0x13d607f10/0, E_0x13d607f10/1, E_0x13d607f10/2, E_0x13d607f10/3, E_0x13d607f10/4, E_0x13d607f10/5, E_0x13d607f10/6, E_0x13d607f10/7, E_0x13d607f10/8, E_0x13d607f10/9, E_0x13d607f10/10, E_0x13d607f10/11, E_0x13d607f10/12, E_0x13d607f10/13, E_0x13d607f10/14, E_0x13d607f10/15, E_0x13d607f10/16, E_0x13d607f10/17, E_0x13d607f10/18, E_0x13d607f10/19, E_0x13d607f10/20, E_0x13d607f10/21, E_0x13d607f10/22, E_0x13d607f10/23, E_0x13d607f10/24, E_0x13d607f10/25, E_0x13d607f10/26, E_0x13d607f10/27, E_0x13d607f10/28, E_0x13d607f10/29, E_0x13d607f10/30, E_0x13d607f10/31, E_0x13d607f10/32, E_0x13d607f10/33, E_0x13d607f10/34, E_0x13d607f10/35, E_0x13d607f10/36, E_0x13d607f10/37, E_0x13d607f10/38, E_0x13d607f10/39, E_0x13d607f10/40, E_0x13d607f10/41, E_0x13d607f10/42, E_0x13d607f10/43, E_0x13d607f10/44, E_0x13d607f10/45, E_0x13d607f10/46, E_0x13d607f10/47, E_0x13d607f10/48, E_0x13d607f10/49, E_0x13d607f10/50, E_0x13d607f10/51, E_0x13d607f10/52, E_0x13d607f10/53, E_0x13d607f10/54, E_0x13d607f10/55, E_0x13d607f10/56, E_0x13d607f10/57, E_0x13d607f10/58, E_0x13d607f10/59, E_0x13d607f10/60, E_0x13d607f10/61, E_0x13d607f10/62, E_0x13d607f10/63, E_0x13d607f10/64;
    .scope S_0x13d611260;
T_0 ;
    %vpi_call 2 12 "$readmemb", "data.txt", v0x13d61e470, 32'sb00000000000000000000000000000000, 32'sb00000000000000000000000011111111 {0 0 0};
    %end;
    .thread T_0;
    .scope S_0x13d611260;
T_1 ;
    %wait E_0x13d607f10;
    %load/vec4 v0x13d607780_0;
    %parti/s 30, 2, 3;
    %ix/vec4 4;
    %load/vec4a v0x13d61e470, 4;
    %assign/vec4 v0x13d61f500_0, 0;
    %jmp T_1;
    .thread T_1, $push;
    .scope S_0x13d611260;
T_2 ;
    %wait E_0x13d608950;
    %load/vec4 v0x13d61f6a0_0;
    %pad/u 32;
    %cmpi/e 1, 0, 32;
    %jmp/0xz  T_2.0, 4;
    %load/vec4 v0x13d61f5b0_0;
    %load/vec4 v0x13d607780_0;
    %parti/s 30, 2, 3;
    %ix/vec4 3;
    %ix/load 4, 0, 0; Constant delay
    %assign/vec4/a/d v0x13d61e470, 0, 4;
T_2.0 ;
    %vpi_call 2 23 "$writememb", "data_after.txt", v0x13d61e470, 32'sb00000000000000000000000000000000, 32'sb00000000000000000000000011111111 {0 0 0};
    %jmp T_2;
    .thread T_2;
# The file index is used to find the file name in the following table.
:file_names 3;
    "N/A";
    "<interactive>";
    "dm.v";
