#! /opt/homebrew/Cellar/icarus-verilog/12.0/bin/vvp
:ivl_version "12.0 (stable)";
:ivl_delay_selection "TYPICAL";
:vpi_time_precision + 0;
:vpi_module "/opt/homebrew/Cellar/icarus-verilog/12.0/lib/ivl/system.vpi";
:vpi_module "/opt/homebrew/Cellar/icarus-verilog/12.0/lib/ivl/vhdl_sys.vpi";
:vpi_module "/opt/homebrew/Cellar/icarus-verilog/12.0/lib/ivl/vhdl_textio.vpi";
:vpi_module "/opt/homebrew/Cellar/icarus-verilog/12.0/lib/ivl/v2005_math.vpi";
:vpi_module "/opt/homebrew/Cellar/icarus-verilog/12.0/lib/ivl/va_math.vpi";
S_0x1237042f0 .scope module, "gpr" "gpr" 2 1;
 .timescale 0 0;
    .port_info 0 /INPUT 5 "ra";
    .port_info 1 /INPUT 5 "rb";
    .port_info 2 /INPUT 5 "rw";
    .port_info 3 /INPUT 32 "wd3";
    .port_info 4 /INPUT 1 "clk";
    .port_info 5 /INPUT 1 "we3";
    .port_info 6 /OUTPUT 32 "rd1";
    .port_info 7 /OUTPUT 32 "rd2";
v0x1237046e0_0 .var "R0", 31 0;
v0x1237147a0_0 .var "R1", 31 0;
v0x123714840_0 .var "R2", 31 0;
v0x1237148f0_0 .var "R3", 31 0;
o0x1180080d0 .functor BUFZ 1, C4<z>; HiZ drive
v0x1237149a0_0 .net "clk", 0 0, o0x1180080d0;  0 drivers
o0x118008100 .functor BUFZ 5, C4<zzzzz>; HiZ drive
v0x123714a80_0 .net "ra", 4 0, o0x118008100;  0 drivers
o0x118008130 .functor BUFZ 5, C4<zzzzz>; HiZ drive
v0x123714b30_0 .net "rb", 4 0, o0x118008130;  0 drivers
v0x123714be0_0 .var "rd1", 31 0;
v0x123714c90_0 .var "rd2", 31 0;
v0x123714da0 .array "reg32", 0 31, 31 0;
o0x1180087c0 .functor BUFZ 5, C4<zzzzz>; HiZ drive
v0x123715140_0 .net "rw", 4 0, o0x1180087c0;  0 drivers
o0x1180087f0 .functor BUFZ 32, C4<zzzzzzzzzzzzzzzzzzzzzzzzzzzzzzzz>; HiZ drive
v0x1237151f0_0 .net "wd3", 31 0, o0x1180087f0;  0 drivers
o0x118008820 .functor BUFZ 1, C4<z>; HiZ drive
v0x1237152a0_0 .net "we3", 0 0, o0x118008820;  0 drivers
E_0x123704530 .event posedge, v0x1237149a0_0;
v0x123714da0_0 .array/port v0x123714da0, 0;
v0x123714da0_1 .array/port v0x123714da0, 1;
v0x123714da0_2 .array/port v0x123714da0, 2;
E_0x123704590/0 .event anyedge, v0x123714a80_0, v0x123714da0_0, v0x123714da0_1, v0x123714da0_2;
v0x123714da0_3 .array/port v0x123714da0, 3;
v0x123714da0_4 .array/port v0x123714da0, 4;
v0x123714da0_5 .array/port v0x123714da0, 5;
v0x123714da0_6 .array/port v0x123714da0, 6;
E_0x123704590/1 .event anyedge, v0x123714da0_3, v0x123714da0_4, v0x123714da0_5, v0x123714da0_6;
v0x123714da0_7 .array/port v0x123714da0, 7;
v0x123714da0_8 .array/port v0x123714da0, 8;
v0x123714da0_9 .array/port v0x123714da0, 9;
v0x123714da0_10 .array/port v0x123714da0, 10;
E_0x123704590/2 .event anyedge, v0x123714da0_7, v0x123714da0_8, v0x123714da0_9, v0x123714da0_10;
v0x123714da0_11 .array/port v0x123714da0, 11;
v0x123714da0_12 .array/port v0x123714da0, 12;
v0x123714da0_13 .array/port v0x123714da0, 13;
v0x123714da0_14 .array/port v0x123714da0, 14;
E_0x123704590/3 .event anyedge, v0x123714da0_11, v0x123714da0_12, v0x123714da0_13, v0x123714da0_14;
v0x123714da0_15 .array/port v0x123714da0, 15;
v0x123714da0_16 .array/port v0x123714da0, 16;
v0x123714da0_17 .array/port v0x123714da0, 17;
v0x123714da0_18 .array/port v0x123714da0, 18;
E_0x123704590/4 .event anyedge, v0x123714da0_15, v0x123714da0_16, v0x123714da0_17, v0x123714da0_18;
v0x123714da0_19 .array/port v0x123714da0, 19;
v0x123714da0_20 .array/port v0x123714da0, 20;
v0x123714da0_21 .array/port v0x123714da0, 21;
v0x123714da0_22 .array/port v0x123714da0, 22;
E_0x123704590/5 .event anyedge, v0x123714da0_19, v0x123714da0_20, v0x123714da0_21, v0x123714da0_22;
v0x123714da0_23 .array/port v0x123714da0, 23;
v0x123714da0_24 .array/port v0x123714da0, 24;
v0x123714da0_25 .array/port v0x123714da0, 25;
v0x123714da0_26 .array/port v0x123714da0, 26;
E_0x123704590/6 .event anyedge, v0x123714da0_23, v0x123714da0_24, v0x123714da0_25, v0x123714da0_26;
v0x123714da0_27 .array/port v0x123714da0, 27;
v0x123714da0_28 .array/port v0x123714da0, 28;
v0x123714da0_29 .array/port v0x123714da0, 29;
v0x123714da0_30 .array/port v0x123714da0, 30;
E_0x123704590/7 .event anyedge, v0x123714da0_27, v0x123714da0_28, v0x123714da0_29, v0x123714da0_30;
v0x123714da0_31 .array/port v0x123714da0, 31;
E_0x123704590/8 .event anyedge, v0x123714da0_31, v0x123714b30_0;
E_0x123704590 .event/or E_0x123704590/0, E_0x123704590/1, E_0x123704590/2, E_0x123704590/3, E_0x123704590/4, E_0x123704590/5, E_0x123704590/6, E_0x123704590/7, E_0x123704590/8;
    .scope S_0x1237042f0;
T_0 ;
    %vpi_call 2 15 "$readmemb", "register.txt", v0x123714da0, 32'sb00000000000000000000000000000000, 32'sb00000000000000000000000000011111 {0 0 0};
    %end;
    .thread T_0;
    .scope S_0x1237042f0;
T_1 ;
    %wait E_0x123704590;
    %load/vec4 v0x123714a80_0;
    %pad/u 7;
    %ix/vec4 4;
    %load/vec4a v0x123714da0, 4;
    %assign/vec4 v0x123714be0_0, 0;
    %load/vec4 v0x123714b30_0;
    %pad/u 7;
    %ix/vec4 4;
    %load/vec4a v0x123714da0, 4;
    %assign/vec4 v0x123714c90_0, 0;
    %pushi/vec4 0, 0, 32;
    %ix/load 3, 0, 0;
    %flag_set/imm 4, 0;
    %ix/load 4, 0, 0; Constant delay
    %assign/vec4/a/d v0x123714da0, 0, 4;
    %ix/load 4, 0, 0;
    %flag_set/imm 4, 0;
    %load/vec4a v0x123714da0, 4;
    %assign/vec4 v0x1237046e0_0, 0;
    %ix/load 4, 1, 0;
    %flag_set/imm 4, 0;
    %load/vec4a v0x123714da0, 4;
    %assign/vec4 v0x1237147a0_0, 0;
    %ix/load 4, 2, 0;
    %flag_set/imm 4, 0;
    %load/vec4a v0x123714da0, 4;
    %assign/vec4 v0x123714840_0, 0;
    %ix/load 4, 3, 0;
    %flag_set/imm 4, 0;
    %load/vec4a v0x123714da0, 4;
    %assign/vec4 v0x1237148f0_0, 0;
    %jmp T_1;
    .thread T_1, $push;
    .scope S_0x1237042f0;
T_2 ;
    %wait E_0x123704530;
    %load/vec4 v0x1237152a0_0;
    %flag_set/vec4 8;
    %jmp/0xz  T_2.0, 8;
    %load/vec4 v0x1237151f0_0;
    %load/vec4 v0x123715140_0;
    %pad/u 7;
    %ix/vec4 3;
    %ix/load 4, 0, 0; Constant delay
    %assign/vec4/a/d v0x123714da0, 0, 4;
T_2.0 ;
    %vpi_call 2 32 "$writememb", "register_after.txt", v0x123714da0, 32'sb00000000000000000000000000000000, 32'sb00000000000000000000000000011111 {0 0 0};
    %jmp T_2;
    .thread T_2;
# The file index is used to find the file name in the following table.
:file_names 3;
    "N/A";
    "<interactive>";
    "gpr.v";
