#! /opt/homebrew/Cellar/icarus-verilog/12.0/bin/vvp
:ivl_version "12.0 (stable)";
:ivl_delay_selection "TYPICAL";
:vpi_time_precision + 0;
:vpi_module "/opt/homebrew/Cellar/icarus-verilog/12.0/lib/ivl/system.vpi";
:vpi_module "/opt/homebrew/Cellar/icarus-verilog/12.0/lib/ivl/vhdl_sys.vpi";
:vpi_module "/opt/homebrew/Cellar/icarus-verilog/12.0/lib/ivl/vhdl_textio.vpi";
:vpi_module "/opt/homebrew/Cellar/icarus-verilog/12.0/lib/ivl/v2005_math.vpi";
:vpi_module "/opt/homebrew/Cellar/icarus-verilog/12.0/lib/ivl/va_math.vpi";
S_0x122e04170 .scope module, "im" "im" 2 1;
 .timescale 0 0;
    .port_info 0 /INPUT 32 "addr";
    .port_info 1 /OUTPUT 32 "instr";
o0x130008010 .functor BUFZ 32, C4<zzzzzzzzzzzzzzzzzzzzzzzzzzzzzzzz>; HiZ drive
v0x122e04380_0 .net "addr", 31 0, o0x130008010;  0 drivers
v0x122e14440_0 .var "instr", 31 0;
v0x122e144e0 .array "memory", 1023 0, 7 0;
v0x122e144e0_0 .array/port v0x122e144e0, 0;
v0x122e144e0_1 .array/port v0x122e144e0, 1;
v0x122e144e0_2 .array/port v0x122e144e0, 2;
E_0x122e04330/0 .event anyedge, v0x122e04380_0, v0x122e144e0_0, v0x122e144e0_1, v0x122e144e0_2;
v0x122e144e0_3 .array/port v0x122e144e0, 3;
v0x122e144e0_4 .array/port v0x122e144e0, 4;
v0x122e144e0_5 .array/port v0x122e144e0, 5;
v0x122e144e0_6 .array/port v0x122e144e0, 6;
E_0x122e04330/1 .event anyedge, v0x122e144e0_3, v0x122e144e0_4, v0x122e144e0_5, v0x122e144e0_6;
v0x122e144e0_7 .array/port v0x122e144e0, 7;
v0x122e144e0_8 .array/port v0x122e144e0, 8;
v0x122e144e0_9 .array/port v0x122e144e0, 9;
v0x122e144e0_10 .array/port v0x122e144e0, 10;
E_0x122e04330/2 .event anyedge, v0x122e144e0_7, v0x122e144e0_8, v0x122e144e0_9, v0x122e144e0_10;
v0x122e144e0_11 .array/port v0x122e144e0, 11;
v0x122e144e0_12 .array/port v0x122e144e0, 12;
v0x122e144e0_13 .array/port v0x122e144e0, 13;
v0x122e144e0_14 .array/port v0x122e144e0, 14;
E_0x122e04330/3 .event anyedge, v0x122e144e0_11, v0x122e144e0_12, v0x122e144e0_13, v0x122e144e0_14;
v0x122e144e0_15 .array/port v0x122e144e0, 15;
v0x122e144e0_16 .array/port v0x122e144e0, 16;
v0x122e144e0_17 .array/port v0x122e144e0, 17;
v0x122e144e0_18 .array/port v0x122e144e0, 18;
E_0x122e04330/4 .event anyedge, v0x122e144e0_15, v0x122e144e0_16, v0x122e144e0_17, v0x122e144e0_18;
v0x122e144e0_19 .array/port v0x122e144e0, 19;
v0x122e144e0_20 .array/port v0x122e144e0, 20;
v0x122e144e0_21 .array/port v0x122e144e0, 21;
v0x122e144e0_22 .array/port v0x122e144e0, 22;
E_0x122e04330/5 .event anyedge, v0x122e144e0_19, v0x122e144e0_20, v0x122e144e0_21, v0x122e144e0_22;
v0x122e144e0_23 .array/port v0x122e144e0, 23;
v0x122e144e0_24 .array/port v0x122e144e0, 24;
v0x122e144e0_25 .array/port v0x122e144e0, 25;
v0x122e144e0_26 .array/port v0x122e144e0, 26;
E_0x122e04330/6 .event anyedge, v0x122e144e0_23, v0x122e144e0_24, v0x122e144e0_25, v0x122e144e0_26;
v0x122e144e0_27 .array/port v0x122e144e0, 27;
v0x122e144e0_28 .array/port v0x122e144e0, 28;
v0x122e144e0_29 .array/port v0x122e144e0, 29;
v0x122e144e0_30 .array/port v0x122e144e0, 30;
E_0x122e04330/7 .event anyedge, v0x122e144e0_27, v0x122e144e0_28, v0x122e144e0_29, v0x122e144e0_30;
v0x122e144e0_31 .array/port v0x122e144e0, 31;
v0x122e144e0_32 .array/port v0x122e144e0, 32;
v0x122e144e0_33 .array/port v0x122e144e0, 33;
v0x122e144e0_34 .array/port v0x122e144e0, 34;
E_0x122e04330/8 .event anyedge, v0x122e144e0_31, v0x122e144e0_32, v0x122e144e0_33, v0x122e144e0_34;
v0x122e144e0_35 .array/port v0x122e144e0, 35;
v0x122e144e0_36 .array/port v0x122e144e0, 36;
v0x122e144e0_37 .array/port v0x122e144e0, 37;
v0x122e144e0_38 .array/port v0x122e144e0, 38;
E_0x122e04330/9 .event anyedge, v0x122e144e0_35, v0x122e144e0_36, v0x122e144e0_37, v0x122e144e0_38;
v0x122e144e0_39 .array/port v0x122e144e0, 39;
v0x122e144e0_40 .array/port v0x122e144e0, 40;
v0x122e144e0_41 .array/port v0x122e144e0, 41;
v0x122e144e0_42 .array/port v0x122e144e0, 42;
E_0x122e04330/10 .event anyedge, v0x122e144e0_39, v0x122e144e0_40, v0x122e144e0_41, v0x122e144e0_42;
v0x122e144e0_43 .array/port v0x122e144e0, 43;
v0x122e144e0_44 .array/port v0x122e144e0, 44;
v0x122e144e0_45 .array/port v0x122e144e0, 45;
v0x122e144e0_46 .array/port v0x122e144e0, 46;
E_0x122e04330/11 .event anyedge, v0x122e144e0_43, v0x122e144e0_44, v0x122e144e0_45, v0x122e144e0_46;
v0x122e144e0_47 .array/port v0x122e144e0, 47;
v0x122e144e0_48 .array/port v0x122e144e0, 48;
v0x122e144e0_49 .array/port v0x122e144e0, 49;
v0x122e144e0_50 .array/port v0x122e144e0, 50;
E_0x122e04330/12 .event anyedge, v0x122e144e0_47, v0x122e144e0_48, v0x122e144e0_49, v0x122e144e0_50;
v0x122e144e0_51 .array/port v0x122e144e0, 51;
v0x122e144e0_52 .array/port v0x122e144e0, 52;
v0x122e144e0_53 .array/port v0x122e144e0, 53;
v0x122e144e0_54 .array/port v0x122e144e0, 54;
E_0x122e04330/13 .event anyedge, v0x122e144e0_51, v0x122e144e0_52, v0x122e144e0_53, v0x122e144e0_54;
v0x122e144e0_55 .array/port v0x122e144e0, 55;
v0x122e144e0_56 .array/port v0x122e144e0, 56;
v0x122e144e0_57 .array/port v0x122e144e0, 57;
v0x122e144e0_58 .array/port v0x122e144e0, 58;
E_0x122e04330/14 .event anyedge, v0x122e144e0_55, v0x122e144e0_56, v0x122e144e0_57, v0x122e144e0_58;
v0x122e144e0_59 .array/port v0x122e144e0, 59;
v0x122e144e0_60 .array/port v0x122e144e0, 60;
v0x122e144e0_61 .array/port v0x122e144e0, 61;
v0x122e144e0_62 .array/port v0x122e144e0, 62;
E_0x122e04330/15 .event anyedge, v0x122e144e0_59, v0x122e144e0_60, v0x122e144e0_61, v0x122e144e0_62;
v0x122e144e0_63 .array/port v0x122e144e0, 63;
v0x122e144e0_64 .array/port v0x122e144e0, 64;
v0x122e144e0_65 .array/port v0x122e144e0, 65;
v0x122e144e0_66 .array/port v0x122e144e0, 66;
E_0x122e04330/16 .event anyedge, v0x122e144e0_63, v0x122e144e0_64, v0x122e144e0_65, v0x122e144e0_66;
v0x122e144e0_67 .array/port v0x122e144e0, 67;
v0x122e144e0_68 .array/port v0x122e144e0, 68;
v0x122e144e0_69 .array/port v0x122e144e0, 69;
v0x122e144e0_70 .array/port v0x122e144e0, 70;
E_0x122e04330/17 .event anyedge, v0x122e144e0_67, v0x122e144e0_68, v0x122e144e0_69, v0x122e144e0_70;
v0x122e144e0_71 .array/port v0x122e144e0, 71;
v0x122e144e0_72 .array/port v0x122e144e0, 72;
v0x122e144e0_73 .array/port v0x122e144e0, 73;
v0x122e144e0_74 .array/port v0x122e144e0, 74;
E_0x122e04330/18 .event anyedge, v0x122e144e0_71, v0x122e144e0_72, v0x122e144e0_73, v0x122e144e0_74;
v0x122e144e0_75 .array/port v0x122e144e0, 75;
v0x122e144e0_76 .array/port v0x122e144e0, 76;
v0x122e144e0_77 .array/port v0x122e144e0, 77;
v0x122e144e0_78 .array/port v0x122e144e0, 78;
E_0x122e04330/19 .event anyedge, v0x122e144e0_75, v0x122e144e0_76, v0x122e144e0_77, v0x122e144e0_78;
v0x122e144e0_79 .array/port v0x122e144e0, 79;
v0x122e144e0_80 .array/port v0x122e144e0, 80;
v0x122e144e0_81 .array/port v0x122e144e0, 81;
v0x122e144e0_82 .array/port v0x122e144e0, 82;
E_0x122e04330/20 .event anyedge, v0x122e144e0_79, v0x122e144e0_80, v0x122e144e0_81, v0x122e144e0_82;
v0x122e144e0_83 .array/port v0x122e144e0, 83;
v0x122e144e0_84 .array/port v0x122e144e0, 84;
v0x122e144e0_85 .array/port v0x122e144e0, 85;
v0x122e144e0_86 .array/port v0x122e144e0, 86;
E_0x122e04330/21 .event anyedge, v0x122e144e0_83, v0x122e144e0_84, v0x122e144e0_85, v0x122e144e0_86;
v0x122e144e0_87 .array/port v0x122e144e0, 87;
v0x122e144e0_88 .array/port v0x122e144e0, 88;
v0x122e144e0_89 .array/port v0x122e144e0, 89;
v0x122e144e0_90 .array/port v0x122e144e0, 90;
E_0x122e04330/22 .event anyedge, v0x122e144e0_87, v0x122e144e0_88, v0x122e144e0_89, v0x122e144e0_90;
v0x122e144e0_91 .array/port v0x122e144e0, 91;
v0x122e144e0_92 .array/port v0x122e144e0, 92;
v0x122e144e0_93 .array/port v0x122e144e0, 93;
v0x122e144e0_94 .array/port v0x122e144e0, 94;
E_0x122e04330/23 .event anyedge, v0x122e144e0_91, v0x122e144e0_92, v0x122e144e0_93, v0x122e144e0_94;
v0x122e144e0_95 .array/port v0x122e144e0, 95;
v0x122e144e0_96 .array/port v0x122e144e0, 96;
v0x122e144e0_97 .array/port v0x122e144e0, 97;
v0x122e144e0_98 .array/port v0x122e144e0, 98;
E_0x122e04330/24 .event anyedge, v0x122e144e0_95, v0x122e144e0_96, v0x122e144e0_97, v0x122e144e0_98;
v0x122e144e0_99 .array/port v0x122e144e0, 99;
v0x122e144e0_100 .array/port v0x122e144e0, 100;
v0x122e144e0_101 .array/port v0x122e144e0, 101;
v0x122e144e0_102 .array/port v0x122e144e0, 102;
E_0x122e04330/25 .event anyedge, v0x122e144e0_99, v0x122e144e0_100, v0x122e144e0_101, v0x122e144e0_102;
v0x122e144e0_103 .array/port v0x122e144e0, 103;
v0x122e144e0_104 .array/port v0x122e144e0, 104;
v0x122e144e0_105 .array/port v0x122e144e0, 105;
v0x122e144e0_106 .array/port v0x122e144e0, 106;
E_0x122e04330/26 .event anyedge, v0x122e144e0_103, v0x122e144e0_104, v0x122e144e0_105, v0x122e144e0_106;
v0x122e144e0_107 .array/port v0x122e144e0, 107;
v0x122e144e0_108 .array/port v0x122e144e0, 108;
v0x122e144e0_109 .array/port v0x122e144e0, 109;
v0x122e144e0_110 .array/port v0x122e144e0, 110;
E_0x122e04330/27 .event anyedge, v0x122e144e0_107, v0x122e144e0_108, v0x122e144e0_109, v0x122e144e0_110;
v0x122e144e0_111 .array/port v0x122e144e0, 111;
v0x122e144e0_112 .array/port v0x122e144e0, 112;
v0x122e144e0_113 .array/port v0x122e144e0, 113;
v0x122e144e0_114 .array/port v0x122e144e0, 114;
E_0x122e04330/28 .event anyedge, v0x122e144e0_111, v0x122e144e0_112, v0x122e144e0_113, v0x122e144e0_114;
v0x122e144e0_115 .array/port v0x122e144e0, 115;
v0x122e144e0_116 .array/port v0x122e144e0, 116;
v0x122e144e0_117 .array/port v0x122e144e0, 117;
v0x122e144e0_118 .array/port v0x122e144e0, 118;
E_0x122e04330/29 .event anyedge, v0x122e144e0_115, v0x122e144e0_116, v0x122e144e0_117, v0x122e144e0_118;
v0x122e144e0_119 .array/port v0x122e144e0, 119;
v0x122e144e0_120 .array/port v0x122e144e0, 120;
v0x122e144e0_121 .array/port v0x122e144e0, 121;
v0x122e144e0_122 .array/port v0x122e144e0, 122;
E_0x122e04330/30 .event anyedge, v0x122e144e0_119, v0x122e144e0_120, v0x122e144e0_121, v0x122e144e0_122;
v0x122e144e0_123 .array/port v0x122e144e0, 123;
v0x122e144e0_124 .array/port v0x122e144e0, 124;
v0x122e144e0_125 .array/port v0x122e144e0, 125;
v0x122e144e0_126 .array/port v0x122e144e0, 126;
E_0x122e04330/31 .event anyedge, v0x122e144e0_123, v0x122e144e0_124, v0x122e144e0_125, v0x122e144e0_126;
v0x122e144e0_127 .array/port v0x122e144e0, 127;
v0x122e144e0_128 .array/port v0x122e144e0, 128;
v0x122e144e0_129 .array/port v0x122e144e0, 129;
v0x122e144e0_130 .array/port v0x122e144e0, 130;
E_0x122e04330/32 .event anyedge, v0x122e144e0_127, v0x122e144e0_128, v0x122e144e0_129, v0x122e144e0_130;
v0x122e144e0_131 .array/port v0x122e144e0, 131;
v0x122e144e0_132 .array/port v0x122e144e0, 132;
v0x122e144e0_133 .array/port v0x122e144e0, 133;
v0x122e144e0_134 .array/port v0x122e144e0, 134;
E_0x122e04330/33 .event anyedge, v0x122e144e0_131, v0x122e144e0_132, v0x122e144e0_133, v0x122e144e0_134;
v0x122e144e0_135 .array/port v0x122e144e0, 135;
v0x122e144e0_136 .array/port v0x122e144e0, 136;
v0x122e144e0_137 .array/port v0x122e144e0, 137;
v0x122e144e0_138 .array/port v0x122e144e0, 138;
E_0x122e04330/34 .event anyedge, v0x122e144e0_135, v0x122e144e0_136, v0x122e144e0_137, v0x122e144e0_138;
v0x122e144e0_139 .array/port v0x122e144e0, 139;
v0x122e144e0_140 .array/port v0x122e144e0, 140;
v0x122e144e0_141 .array/port v0x122e144e0, 141;
v0x122e144e0_142 .array/port v0x122e144e0, 142;
E_0x122e04330/35 .event anyedge, v0x122e144e0_139, v0x122e144e0_140, v0x122e144e0_141, v0x122e144e0_142;
v0x122e144e0_143 .array/port v0x122e144e0, 143;
v0x122e144e0_144 .array/port v0x122e144e0, 144;
v0x122e144e0_145 .array/port v0x122e144e0, 145;
v0x122e144e0_146 .array/port v0x122e144e0, 146;
E_0x122e04330/36 .event anyedge, v0x122e144e0_143, v0x122e144e0_144, v0x122e144e0_145, v0x122e144e0_146;
v0x122e144e0_147 .array/port v0x122e144e0, 147;
v0x122e144e0_148 .array/port v0x122e144e0, 148;
v0x122e144e0_149 .array/port v0x122e144e0, 149;
v0x122e144e0_150 .array/port v0x122e144e0, 150;
E_0x122e04330/37 .event anyedge, v0x122e144e0_147, v0x122e144e0_148, v0x122e144e0_149, v0x122e144e0_150;
v0x122e144e0_151 .array/port v0x122e144e0, 151;
v0x122e144e0_152 .array/port v0x122e144e0, 152;
v0x122e144e0_153 .array/port v0x122e144e0, 153;
v0x122e144e0_154 .array/port v0x122e144e0, 154;
E_0x122e04330/38 .event anyedge, v0x122e144e0_151, v0x122e144e0_152, v0x122e144e0_153, v0x122e144e0_154;
v0x122e144e0_155 .array/port v0x122e144e0, 155;
v0x122e144e0_156 .array/port v0x122e144e0, 156;
v0x122e144e0_157 .array/port v0x122e144e0, 157;
v0x122e144e0_158 .array/port v0x122e144e0, 158;
E_0x122e04330/39 .event anyedge, v0x122e144e0_155, v0x122e144e0_156, v0x122e144e0_157, v0x122e144e0_158;
v0x122e144e0_159 .array/port v0x122e144e0, 159;
v0x122e144e0_160 .array/port v0x122e144e0, 160;
v0x122e144e0_161 .array/port v0x122e144e0, 161;
v0x122e144e0_162 .array/port v0x122e144e0, 162;
E_0x122e04330/40 .event anyedge, v0x122e144e0_159, v0x122e144e0_160, v0x122e144e0_161, v0x122e144e0_162;
v0x122e144e0_163 .array/port v0x122e144e0, 163;
v0x122e144e0_164 .array/port v0x122e144e0, 164;
v0x122e144e0_165 .array/port v0x122e144e0, 165;
v0x122e144e0_166 .array/port v0x122e144e0, 166;
E_0x122e04330/41 .event anyedge, v0x122e144e0_163, v0x122e144e0_164, v0x122e144e0_165, v0x122e144e0_166;
v0x122e144e0_167 .array/port v0x122e144e0, 167;
v0x122e144e0_168 .array/port v0x122e144e0, 168;
v0x122e144e0_169 .array/port v0x122e144e0, 169;
v0x122e144e0_170 .array/port v0x122e144e0, 170;
E_0x122e04330/42 .event anyedge, v0x122e144e0_167, v0x122e144e0_168, v0x122e144e0_169, v0x122e144e0_170;
v0x122e144e0_171 .array/port v0x122e144e0, 171;
v0x122e144e0_172 .array/port v0x122e144e0, 172;
v0x122e144e0_173 .array/port v0x122e144e0, 173;
v0x122e144e0_174 .array/port v0x122e144e0, 174;
E_0x122e04330/43 .event anyedge, v0x122e144e0_171, v0x122e144e0_172, v0x122e144e0_173, v0x122e144e0_174;
v0x122e144e0_175 .array/port v0x122e144e0, 175;
v0x122e144e0_176 .array/port v0x122e144e0, 176;
v0x122e144e0_177 .array/port v0x122e144e0, 177;
v0x122e144e0_178 .array/port v0x122e144e0, 178;
E_0x122e04330/44 .event anyedge, v0x122e144e0_175, v0x122e144e0_176, v0x122e144e0_177, v0x122e144e0_178;
v0x122e144e0_179 .array/port v0x122e144e0, 179;
v0x122e144e0_180 .array/port v0x122e144e0, 180;
v0x122e144e0_181 .array/port v0x122e144e0, 181;
v0x122e144e0_182 .array/port v0x122e144e0, 182;
E_0x122e04330/45 .event anyedge, v0x122e144e0_179, v0x122e144e0_180, v0x122e144e0_181, v0x122e144e0_182;
v0x122e144e0_183 .array/port v0x122e144e0, 183;
v0x122e144e0_184 .array/port v0x122e144e0, 184;
v0x122e144e0_185 .array/port v0x122e144e0, 185;
v0x122e144e0_186 .array/port v0x122e144e0, 186;
E_0x122e04330/46 .event anyedge, v0x122e144e0_183, v0x122e144e0_184, v0x122e144e0_185, v0x122e144e0_186;
v0x122e144e0_187 .array/port v0x122e144e0, 187;
v0x122e144e0_188 .array/port v0x122e144e0, 188;
v0x122e144e0_189 .array/port v0x122e144e0, 189;
v0x122e144e0_190 .array/port v0x122e144e0, 190;
E_0x122e04330/47 .event anyedge, v0x122e144e0_187, v0x122e144e0_188, v0x122e144e0_189, v0x122e144e0_190;
v0x122e144e0_191 .array/port v0x122e144e0, 191;
v0x122e144e0_192 .array/port v0x122e144e0, 192;
v0x122e144e0_193 .array/port v0x122e144e0, 193;
v0x122e144e0_194 .array/port v0x122e144e0, 194;
E_0x122e04330/48 .event anyedge, v0x122e144e0_191, v0x122e144e0_192, v0x122e144e0_193, v0x122e144e0_194;
v0x122e144e0_195 .array/port v0x122e144e0, 195;
v0x122e144e0_196 .array/port v0x122e144e0, 196;
v0x122e144e0_197 .array/port v0x122e144e0, 197;
v0x122e144e0_198 .array/port v0x122e144e0, 198;
E_0x122e04330/49 .event anyedge, v0x122e144e0_195, v0x122e144e0_196, v0x122e144e0_197, v0x122e144e0_198;
v0x122e144e0_199 .array/port v0x122e144e0, 199;
v0x122e144e0_200 .array/port v0x122e144e0, 200;
v0x122e144e0_201 .array/port v0x122e144e0, 201;
v0x122e144e0_202 .array/port v0x122e144e0, 202;
E_0x122e04330/50 .event anyedge, v0x122e144e0_199, v0x122e144e0_200, v0x122e144e0_201, v0x122e144e0_202;
v0x122e144e0_203 .array/port v0x122e144e0, 203;
v0x122e144e0_204 .array/port v0x122e144e0, 204;
v0x122e144e0_205 .array/port v0x122e144e0, 205;
v0x122e144e0_206 .array/port v0x122e144e0, 206;
E_0x122e04330/51 .event anyedge, v0x122e144e0_203, v0x122e144e0_204, v0x122e144e0_205, v0x122e144e0_206;
v0x122e144e0_207 .array/port v0x122e144e0, 207;
v0x122e144e0_208 .array/port v0x122e144e0, 208;
v0x122e144e0_209 .array/port v0x122e144e0, 209;
v0x122e144e0_210 .array/port v0x122e144e0, 210;
E_0x122e04330/52 .event anyedge, v0x122e144e0_207, v0x122e144e0_208, v0x122e144e0_209, v0x122e144e0_210;
v0x122e144e0_211 .array/port v0x122e144e0, 211;
v0x122e144e0_212 .array/port v0x122e144e0, 212;
v0x122e144e0_213 .array/port v0x122e144e0, 213;
v0x122e144e0_214 .array/port v0x122e144e0, 214;
E_0x122e04330/53 .event anyedge, v0x122e144e0_211, v0x122e144e0_212, v0x122e144e0_213, v0x122e144e0_214;
v0x122e144e0_215 .array/port v0x122e144e0, 215;
v0x122e144e0_216 .array/port v0x122e144e0, 216;
v0x122e144e0_217 .array/port v0x122e144e0, 217;
v0x122e144e0_218 .array/port v0x122e144e0, 218;
E_0x122e04330/54 .event anyedge, v0x122e144e0_215, v0x122e144e0_216, v0x122e144e0_217, v0x122e144e0_218;
v0x122e144e0_219 .array/port v0x122e144e0, 219;
v0x122e144e0_220 .array/port v0x122e144e0, 220;
v0x122e144e0_221 .array/port v0x122e144e0, 221;
v0x122e144e0_222 .array/port v0x122e144e0, 222;
E_0x122e04330/55 .event anyedge, v0x122e144e0_219, v0x122e144e0_220, v0x122e144e0_221, v0x122e144e0_222;
v0x122e144e0_223 .array/port v0x122e144e0, 223;
v0x122e144e0_224 .array/port v0x122e144e0, 224;
v0x122e144e0_225 .array/port v0x122e144e0, 225;
v0x122e144e0_226 .array/port v0x122e144e0, 226;
E_0x122e04330/56 .event anyedge, v0x122e144e0_223, v0x122e144e0_224, v0x122e144e0_225, v0x122e144e0_226;
v0x122e144e0_227 .array/port v0x122e144e0, 227;
v0x122e144e0_228 .array/port v0x122e144e0, 228;
v0x122e144e0_229 .array/port v0x122e144e0, 229;
v0x122e144e0_230 .array/port v0x122e144e0, 230;
E_0x122e04330/57 .event anyedge, v0x122e144e0_227, v0x122e144e0_228, v0x122e144e0_229, v0x122e144e0_230;
v0x122e144e0_231 .array/port v0x122e144e0, 231;
v0x122e144e0_232 .array/port v0x122e144e0, 232;
v0x122e144e0_233 .array/port v0x122e144e0, 233;
v0x122e144e0_234 .array/port v0x122e144e0, 234;
E_0x122e04330/58 .event anyedge, v0x122e144e0_231, v0x122e144e0_232, v0x122e144e0_233, v0x122e144e0_234;
v0x122e144e0_235 .array/port v0x122e144e0, 235;
v0x122e144e0_236 .array/port v0x122e144e0, 236;
v0x122e144e0_237 .array/port v0x122e144e0, 237;
v0x122e144e0_238 .array/port v0x122e144e0, 238;
E_0x122e04330/59 .event anyedge, v0x122e144e0_235, v0x122e144e0_236, v0x122e144e0_237, v0x122e144e0_238;
v0x122e144e0_239 .array/port v0x122e144e0, 239;
v0x122e144e0_240 .array/port v0x122e144e0, 240;
v0x122e144e0_241 .array/port v0x122e144e0, 241;
v0x122e144e0_242 .array/port v0x122e144e0, 242;
E_0x122e04330/60 .event anyedge, v0x122e144e0_239, v0x122e144e0_240, v0x122e144e0_241, v0x122e144e0_242;
v0x122e144e0_243 .array/port v0x122e144e0, 243;
v0x122e144e0_244 .array/port v0x122e144e0, 244;
v0x122e144e0_245 .array/port v0x122e144e0, 245;
v0x122e144e0_246 .array/port v0x122e144e0, 246;
E_0x122e04330/61 .event anyedge, v0x122e144e0_243, v0x122e144e0_244, v0x122e144e0_245, v0x122e144e0_246;
v0x122e144e0_247 .array/port v0x122e144e0, 247;
v0x122e144e0_248 .array/port v0x122e144e0, 248;
v0x122e144e0_249 .array/port v0x122e144e0, 249;
v0x122e144e0_250 .array/port v0x122e144e0, 250;
E_0x122e04330/62 .event anyedge, v0x122e144e0_247, v0x122e144e0_248, v0x122e144e0_249, v0x122e144e0_250;
v0x122e144e0_251 .array/port v0x122e144e0, 251;
v0x122e144e0_252 .array/port v0x122e144e0, 252;
v0x122e144e0_253 .array/port v0x122e144e0, 253;
v0x122e144e0_254 .array/port v0x122e144e0, 254;
E_0x122e04330/63 .event anyedge, v0x122e144e0_251, v0x122e144e0_252, v0x122e144e0_253, v0x122e144e0_254;
v0x122e144e0_255 .array/port v0x122e144e0, 255;
v0x122e144e0_256 .array/port v0x122e144e0, 256;
v0x122e144e0_257 .array/port v0x122e144e0, 257;
v0x122e144e0_258 .array/port v0x122e144e0, 258;
E_0x122e04330/64 .event anyedge, v0x122e144e0_255, v0x122e144e0_256, v0x122e144e0_257, v0x122e144e0_258;
v0x122e144e0_259 .array/port v0x122e144e0, 259;
v0x122e144e0_260 .array/port v0x122e144e0, 260;
v0x122e144e0_261 .array/port v0x122e144e0, 261;
v0x122e144e0_262 .array/port v0x122e144e0, 262;
E_0x122e04330/65 .event anyedge, v0x122e144e0_259, v0x122e144e0_260, v0x122e144e0_261, v0x122e144e0_262;
v0x122e144e0_263 .array/port v0x122e144e0, 263;
v0x122e144e0_264 .array/port v0x122e144e0, 264;
v0x122e144e0_265 .array/port v0x122e144e0, 265;
v0x122e144e0_266 .array/port v0x122e144e0, 266;
E_0x122e04330/66 .event anyedge, v0x122e144e0_263, v0x122e144e0_264, v0x122e144e0_265, v0x122e144e0_266;
v0x122e144e0_267 .array/port v0x122e144e0, 267;
v0x122e144e0_268 .array/port v0x122e144e0, 268;
v0x122e144e0_269 .array/port v0x122e144e0, 269;
v0x122e144e0_270 .array/port v0x122e144e0, 270;
E_0x122e04330/67 .event anyedge, v0x122e144e0_267, v0x122e144e0_268, v0x122e144e0_269, v0x122e144e0_270;
v0x122e144e0_271 .array/port v0x122e144e0, 271;
v0x122e144e0_272 .array/port v0x122e144e0, 272;
v0x122e144e0_273 .array/port v0x122e144e0, 273;
v0x122e144e0_274 .array/port v0x122e144e0, 274;
E_0x122e04330/68 .event anyedge, v0x122e144e0_271, v0x122e144e0_272, v0x122e144e0_273, v0x122e144e0_274;
v0x122e144e0_275 .array/port v0x122e144e0, 275;
v0x122e144e0_276 .array/port v0x122e144e0, 276;
v0x122e144e0_277 .array/port v0x122e144e0, 277;
v0x122e144e0_278 .array/port v0x122e144e0, 278;
E_0x122e04330/69 .event anyedge, v0x122e144e0_275, v0x122e144e0_276, v0x122e144e0_277, v0x122e144e0_278;
v0x122e144e0_279 .array/port v0x122e144e0, 279;
v0x122e144e0_280 .array/port v0x122e144e0, 280;
v0x122e144e0_281 .array/port v0x122e144e0, 281;
v0x122e144e0_282 .array/port v0x122e144e0, 282;
E_0x122e04330/70 .event anyedge, v0x122e144e0_279, v0x122e144e0_280, v0x122e144e0_281, v0x122e144e0_282;
v0x122e144e0_283 .array/port v0x122e144e0, 283;
v0x122e144e0_284 .array/port v0x122e144e0, 284;
v0x122e144e0_285 .array/port v0x122e144e0, 285;
v0x122e144e0_286 .array/port v0x122e144e0, 286;
E_0x122e04330/71 .event anyedge, v0x122e144e0_283, v0x122e144e0_284, v0x122e144e0_285, v0x122e144e0_286;
v0x122e144e0_287 .array/port v0x122e144e0, 287;
v0x122e144e0_288 .array/port v0x122e144e0, 288;
v0x122e144e0_289 .array/port v0x122e144e0, 289;
v0x122e144e0_290 .array/port v0x122e144e0, 290;
E_0x122e04330/72 .event anyedge, v0x122e144e0_287, v0x122e144e0_288, v0x122e144e0_289, v0x122e144e0_290;
v0x122e144e0_291 .array/port v0x122e144e0, 291;
v0x122e144e0_292 .array/port v0x122e144e0, 292;
v0x122e144e0_293 .array/port v0x122e144e0, 293;
v0x122e144e0_294 .array/port v0x122e144e0, 294;
E_0x122e04330/73 .event anyedge, v0x122e144e0_291, v0x122e144e0_292, v0x122e144e0_293, v0x122e144e0_294;
v0x122e144e0_295 .array/port v0x122e144e0, 295;
v0x122e144e0_296 .array/port v0x122e144e0, 296;
v0x122e144e0_297 .array/port v0x122e144e0, 297;
v0x122e144e0_298 .array/port v0x122e144e0, 298;
E_0x122e04330/74 .event anyedge, v0x122e144e0_295, v0x122e144e0_296, v0x122e144e0_297, v0x122e144e0_298;
v0x122e144e0_299 .array/port v0x122e144e0, 299;
v0x122e144e0_300 .array/port v0x122e144e0, 300;
v0x122e144e0_301 .array/port v0x122e144e0, 301;
v0x122e144e0_302 .array/port v0x122e144e0, 302;
E_0x122e04330/75 .event anyedge, v0x122e144e0_299, v0x122e144e0_300, v0x122e144e0_301, v0x122e144e0_302;
v0x122e144e0_303 .array/port v0x122e144e0, 303;
v0x122e144e0_304 .array/port v0x122e144e0, 304;
v0x122e144e0_305 .array/port v0x122e144e0, 305;
v0x122e144e0_306 .array/port v0x122e144e0, 306;
E_0x122e04330/76 .event anyedge, v0x122e144e0_303, v0x122e144e0_304, v0x122e144e0_305, v0x122e144e0_306;
v0x122e144e0_307 .array/port v0x122e144e0, 307;
v0x122e144e0_308 .array/port v0x122e144e0, 308;
v0x122e144e0_309 .array/port v0x122e144e0, 309;
v0x122e144e0_310 .array/port v0x122e144e0, 310;
E_0x122e04330/77 .event anyedge, v0x122e144e0_307, v0x122e144e0_308, v0x122e144e0_309, v0x122e144e0_310;
v0x122e144e0_311 .array/port v0x122e144e0, 311;
v0x122e144e0_312 .array/port v0x122e144e0, 312;
v0x122e144e0_313 .array/port v0x122e144e0, 313;
v0x122e144e0_314 .array/port v0x122e144e0, 314;
E_0x122e04330/78 .event anyedge, v0x122e144e0_311, v0x122e144e0_312, v0x122e144e0_313, v0x122e144e0_314;
v0x122e144e0_315 .array/port v0x122e144e0, 315;
v0x122e144e0_316 .array/port v0x122e144e0, 316;
v0x122e144e0_317 .array/port v0x122e144e0, 317;
v0x122e144e0_318 .array/port v0x122e144e0, 318;
E_0x122e04330/79 .event anyedge, v0x122e144e0_315, v0x122e144e0_316, v0x122e144e0_317, v0x122e144e0_318;
v0x122e144e0_319 .array/port v0x122e144e0, 319;
v0x122e144e0_320 .array/port v0x122e144e0, 320;
v0x122e144e0_321 .array/port v0x122e144e0, 321;
v0x122e144e0_322 .array/port v0x122e144e0, 322;
E_0x122e04330/80 .event anyedge, v0x122e144e0_319, v0x122e144e0_320, v0x122e144e0_321, v0x122e144e0_322;
v0x122e144e0_323 .array/port v0x122e144e0, 323;
v0x122e144e0_324 .array/port v0x122e144e0, 324;
v0x122e144e0_325 .array/port v0x122e144e0, 325;
v0x122e144e0_326 .array/port v0x122e144e0, 326;
E_0x122e04330/81 .event anyedge, v0x122e144e0_323, v0x122e144e0_324, v0x122e144e0_325, v0x122e144e0_326;
v0x122e144e0_327 .array/port v0x122e144e0, 327;
v0x122e144e0_328 .array/port v0x122e144e0, 328;
v0x122e144e0_329 .array/port v0x122e144e0, 329;
v0x122e144e0_330 .array/port v0x122e144e0, 330;
E_0x122e04330/82 .event anyedge, v0x122e144e0_327, v0x122e144e0_328, v0x122e144e0_329, v0x122e144e0_330;
v0x122e144e0_331 .array/port v0x122e144e0, 331;
v0x122e144e0_332 .array/port v0x122e144e0, 332;
v0x122e144e0_333 .array/port v0x122e144e0, 333;
v0x122e144e0_334 .array/port v0x122e144e0, 334;
E_0x122e04330/83 .event anyedge, v0x122e144e0_331, v0x122e144e0_332, v0x122e144e0_333, v0x122e144e0_334;
v0x122e144e0_335 .array/port v0x122e144e0, 335;
v0x122e144e0_336 .array/port v0x122e144e0, 336;
v0x122e144e0_337 .array/port v0x122e144e0, 337;
v0x122e144e0_338 .array/port v0x122e144e0, 338;
E_0x122e04330/84 .event anyedge, v0x122e144e0_335, v0x122e144e0_336, v0x122e144e0_337, v0x122e144e0_338;
v0x122e144e0_339 .array/port v0x122e144e0, 339;
v0x122e144e0_340 .array/port v0x122e144e0, 340;
v0x122e144e0_341 .array/port v0x122e144e0, 341;
v0x122e144e0_342 .array/port v0x122e144e0, 342;
E_0x122e04330/85 .event anyedge, v0x122e144e0_339, v0x122e144e0_340, v0x122e144e0_341, v0x122e144e0_342;
v0x122e144e0_343 .array/port v0x122e144e0, 343;
v0x122e144e0_344 .array/port v0x122e144e0, 344;
v0x122e144e0_345 .array/port v0x122e144e0, 345;
v0x122e144e0_346 .array/port v0x122e144e0, 346;
E_0x122e04330/86 .event anyedge, v0x122e144e0_343, v0x122e144e0_344, v0x122e144e0_345, v0x122e144e0_346;
v0x122e144e0_347 .array/port v0x122e144e0, 347;
v0x122e144e0_348 .array/port v0x122e144e0, 348;
v0x122e144e0_349 .array/port v0x122e144e0, 349;
v0x122e144e0_350 .array/port v0x122e144e0, 350;
E_0x122e04330/87 .event anyedge, v0x122e144e0_347, v0x122e144e0_348, v0x122e144e0_349, v0x122e144e0_350;
v0x122e144e0_351 .array/port v0x122e144e0, 351;
v0x122e144e0_352 .array/port v0x122e144e0, 352;
v0x122e144e0_353 .array/port v0x122e144e0, 353;
v0x122e144e0_354 .array/port v0x122e144e0, 354;
E_0x122e04330/88 .event anyedge, v0x122e144e0_351, v0x122e144e0_352, v0x122e144e0_353, v0x122e144e0_354;
v0x122e144e0_355 .array/port v0x122e144e0, 355;
v0x122e144e0_356 .array/port v0x122e144e0, 356;
v0x122e144e0_357 .array/port v0x122e144e0, 357;
v0x122e144e0_358 .array/port v0x122e144e0, 358;
E_0x122e04330/89 .event anyedge, v0x122e144e0_355, v0x122e144e0_356, v0x122e144e0_357, v0x122e144e0_358;
v0x122e144e0_359 .array/port v0x122e144e0, 359;
v0x122e144e0_360 .array/port v0x122e144e0, 360;
v0x122e144e0_361 .array/port v0x122e144e0, 361;
v0x122e144e0_362 .array/port v0x122e144e0, 362;
E_0x122e04330/90 .event anyedge, v0x122e144e0_359, v0x122e144e0_360, v0x122e144e0_361, v0x122e144e0_362;
v0x122e144e0_363 .array/port v0x122e144e0, 363;
v0x122e144e0_364 .array/port v0x122e144e0, 364;
v0x122e144e0_365 .array/port v0x122e144e0, 365;
v0x122e144e0_366 .array/port v0x122e144e0, 366;
E_0x122e04330/91 .event anyedge, v0x122e144e0_363, v0x122e144e0_364, v0x122e144e0_365, v0x122e144e0_366;
v0x122e144e0_367 .array/port v0x122e144e0, 367;
v0x122e144e0_368 .array/port v0x122e144e0, 368;
v0x122e144e0_369 .array/port v0x122e144e0, 369;
v0x122e144e0_370 .array/port v0x122e144e0, 370;
E_0x122e04330/92 .event anyedge, v0x122e144e0_367, v0x122e144e0_368, v0x122e144e0_369, v0x122e144e0_370;
v0x122e144e0_371 .array/port v0x122e144e0, 371;
v0x122e144e0_372 .array/port v0x122e144e0, 372;
v0x122e144e0_373 .array/port v0x122e144e0, 373;
v0x122e144e0_374 .array/port v0x122e144e0, 374;
E_0x122e04330/93 .event anyedge, v0x122e144e0_371, v0x122e144e0_372, v0x122e144e0_373, v0x122e144e0_374;
v0x122e144e0_375 .array/port v0x122e144e0, 375;
v0x122e144e0_376 .array/port v0x122e144e0, 376;
v0x122e144e0_377 .array/port v0x122e144e0, 377;
v0x122e144e0_378 .array/port v0x122e144e0, 378;
E_0x122e04330/94 .event anyedge, v0x122e144e0_375, v0x122e144e0_376, v0x122e144e0_377, v0x122e144e0_378;
v0x122e144e0_379 .array/port v0x122e144e0, 379;
v0x122e144e0_380 .array/port v0x122e144e0, 380;
v0x122e144e0_381 .array/port v0x122e144e0, 381;
v0x122e144e0_382 .array/port v0x122e144e0, 382;
E_0x122e04330/95 .event anyedge, v0x122e144e0_379, v0x122e144e0_380, v0x122e144e0_381, v0x122e144e0_382;
v0x122e144e0_383 .array/port v0x122e144e0, 383;
v0x122e144e0_384 .array/port v0x122e144e0, 384;
v0x122e144e0_385 .array/port v0x122e144e0, 385;
v0x122e144e0_386 .array/port v0x122e144e0, 386;
E_0x122e04330/96 .event anyedge, v0x122e144e0_383, v0x122e144e0_384, v0x122e144e0_385, v0x122e144e0_386;
v0x122e144e0_387 .array/port v0x122e144e0, 387;
v0x122e144e0_388 .array/port v0x122e144e0, 388;
v0x122e144e0_389 .array/port v0x122e144e0, 389;
v0x122e144e0_390 .array/port v0x122e144e0, 390;
E_0x122e04330/97 .event anyedge, v0x122e144e0_387, v0x122e144e0_388, v0x122e144e0_389, v0x122e144e0_390;
v0x122e144e0_391 .array/port v0x122e144e0, 391;
v0x122e144e0_392 .array/port v0x122e144e0, 392;
v0x122e144e0_393 .array/port v0x122e144e0, 393;
v0x122e144e0_394 .array/port v0x122e144e0, 394;
E_0x122e04330/98 .event anyedge, v0x122e144e0_391, v0x122e144e0_392, v0x122e144e0_393, v0x122e144e0_394;
v0x122e144e0_395 .array/port v0x122e144e0, 395;
v0x122e144e0_396 .array/port v0x122e144e0, 396;
v0x122e144e0_397 .array/port v0x122e144e0, 397;
v0x122e144e0_398 .array/port v0x122e144e0, 398;
E_0x122e04330/99 .event anyedge, v0x122e144e0_395, v0x122e144e0_396, v0x122e144e0_397, v0x122e144e0_398;
v0x122e144e0_399 .array/port v0x122e144e0, 399;
v0x122e144e0_400 .array/port v0x122e144e0, 400;
v0x122e144e0_401 .array/port v0x122e144e0, 401;
v0x122e144e0_402 .array/port v0x122e144e0, 402;
E_0x122e04330/100 .event anyedge, v0x122e144e0_399, v0x122e144e0_400, v0x122e144e0_401, v0x122e144e0_402;
v0x122e144e0_403 .array/port v0x122e144e0, 403;
v0x122e144e0_404 .array/port v0x122e144e0, 404;
v0x122e144e0_405 .array/port v0x122e144e0, 405;
v0x122e144e0_406 .array/port v0x122e144e0, 406;
E_0x122e04330/101 .event anyedge, v0x122e144e0_403, v0x122e144e0_404, v0x122e144e0_405, v0x122e144e0_406;
v0x122e144e0_407 .array/port v0x122e144e0, 407;
v0x122e144e0_408 .array/port v0x122e144e0, 408;
v0x122e144e0_409 .array/port v0x122e144e0, 409;
v0x122e144e0_410 .array/port v0x122e144e0, 410;
E_0x122e04330/102 .event anyedge, v0x122e144e0_407, v0x122e144e0_408, v0x122e144e0_409, v0x122e144e0_410;
v0x122e144e0_411 .array/port v0x122e144e0, 411;
v0x122e144e0_412 .array/port v0x122e144e0, 412;
v0x122e144e0_413 .array/port v0x122e144e0, 413;
v0x122e144e0_414 .array/port v0x122e144e0, 414;
E_0x122e04330/103 .event anyedge, v0x122e144e0_411, v0x122e144e0_412, v0x122e144e0_413, v0x122e144e0_414;
v0x122e144e0_415 .array/port v0x122e144e0, 415;
v0x122e144e0_416 .array/port v0x122e144e0, 416;
v0x122e144e0_417 .array/port v0x122e144e0, 417;
v0x122e144e0_418 .array/port v0x122e144e0, 418;
E_0x122e04330/104 .event anyedge, v0x122e144e0_415, v0x122e144e0_416, v0x122e144e0_417, v0x122e144e0_418;
v0x122e144e0_419 .array/port v0x122e144e0, 419;
v0x122e144e0_420 .array/port v0x122e144e0, 420;
v0x122e144e0_421 .array/port v0x122e144e0, 421;
v0x122e144e0_422 .array/port v0x122e144e0, 422;
E_0x122e04330/105 .event anyedge, v0x122e144e0_419, v0x122e144e0_420, v0x122e144e0_421, v0x122e144e0_422;
v0x122e144e0_423 .array/port v0x122e144e0, 423;
v0x122e144e0_424 .array/port v0x122e144e0, 424;
v0x122e144e0_425 .array/port v0x122e144e0, 425;
v0x122e144e0_426 .array/port v0x122e144e0, 426;
E_0x122e04330/106 .event anyedge, v0x122e144e0_423, v0x122e144e0_424, v0x122e144e0_425, v0x122e144e0_426;
v0x122e144e0_427 .array/port v0x122e144e0, 427;
v0x122e144e0_428 .array/port v0x122e144e0, 428;
v0x122e144e0_429 .array/port v0x122e144e0, 429;
v0x122e144e0_430 .array/port v0x122e144e0, 430;
E_0x122e04330/107 .event anyedge, v0x122e144e0_427, v0x122e144e0_428, v0x122e144e0_429, v0x122e144e0_430;
v0x122e144e0_431 .array/port v0x122e144e0, 431;
v0x122e144e0_432 .array/port v0x122e144e0, 432;
v0x122e144e0_433 .array/port v0x122e144e0, 433;
v0x122e144e0_434 .array/port v0x122e144e0, 434;
E_0x122e04330/108 .event anyedge, v0x122e144e0_431, v0x122e144e0_432, v0x122e144e0_433, v0x122e144e0_434;
v0x122e144e0_435 .array/port v0x122e144e0, 435;
v0x122e144e0_436 .array/port v0x122e144e0, 436;
v0x122e144e0_437 .array/port v0x122e144e0, 437;
v0x122e144e0_438 .array/port v0x122e144e0, 438;
E_0x122e04330/109 .event anyedge, v0x122e144e0_435, v0x122e144e0_436, v0x122e144e0_437, v0x122e144e0_438;
v0x122e144e0_439 .array/port v0x122e144e0, 439;
v0x122e144e0_440 .array/port v0x122e144e0, 440;
v0x122e144e0_441 .array/port v0x122e144e0, 441;
v0x122e144e0_442 .array/port v0x122e144e0, 442;
E_0x122e04330/110 .event anyedge, v0x122e144e0_439, v0x122e144e0_440, v0x122e144e0_441, v0x122e144e0_442;
v0x122e144e0_443 .array/port v0x122e144e0, 443;
v0x122e144e0_444 .array/port v0x122e144e0, 444;
v0x122e144e0_445 .array/port v0x122e144e0, 445;
v0x122e144e0_446 .array/port v0x122e144e0, 446;
E_0x122e04330/111 .event anyedge, v0x122e144e0_443, v0x122e144e0_444, v0x122e144e0_445, v0x122e144e0_446;
v0x122e144e0_447 .array/port v0x122e144e0, 447;
v0x122e144e0_448 .array/port v0x122e144e0, 448;
v0x122e144e0_449 .array/port v0x122e144e0, 449;
v0x122e144e0_450 .array/port v0x122e144e0, 450;
E_0x122e04330/112 .event anyedge, v0x122e144e0_447, v0x122e144e0_448, v0x122e144e0_449, v0x122e144e0_450;
v0x122e144e0_451 .array/port v0x122e144e0, 451;
v0x122e144e0_452 .array/port v0x122e144e0, 452;
v0x122e144e0_453 .array/port v0x122e144e0, 453;
v0x122e144e0_454 .array/port v0x122e144e0, 454;
E_0x122e04330/113 .event anyedge, v0x122e144e0_451, v0x122e144e0_452, v0x122e144e0_453, v0x122e144e0_454;
v0x122e144e0_455 .array/port v0x122e144e0, 455;
v0x122e144e0_456 .array/port v0x122e144e0, 456;
v0x122e144e0_457 .array/port v0x122e144e0, 457;
v0x122e144e0_458 .array/port v0x122e144e0, 458;
E_0x122e04330/114 .event anyedge, v0x122e144e0_455, v0x122e144e0_456, v0x122e144e0_457, v0x122e144e0_458;
v0x122e144e0_459 .array/port v0x122e144e0, 459;
v0x122e144e0_460 .array/port v0x122e144e0, 460;
v0x122e144e0_461 .array/port v0x122e144e0, 461;
v0x122e144e0_462 .array/port v0x122e144e0, 462;
E_0x122e04330/115 .event anyedge, v0x122e144e0_459, v0x122e144e0_460, v0x122e144e0_461, v0x122e144e0_462;
v0x122e144e0_463 .array/port v0x122e144e0, 463;
v0x122e144e0_464 .array/port v0x122e144e0, 464;
v0x122e144e0_465 .array/port v0x122e144e0, 465;
v0x122e144e0_466 .array/port v0x122e144e0, 466;
E_0x122e04330/116 .event anyedge, v0x122e144e0_463, v0x122e144e0_464, v0x122e144e0_465, v0x122e144e0_466;
v0x122e144e0_467 .array/port v0x122e144e0, 467;
v0x122e144e0_468 .array/port v0x122e144e0, 468;
v0x122e144e0_469 .array/port v0x122e144e0, 469;
v0x122e144e0_470 .array/port v0x122e144e0, 470;
E_0x122e04330/117 .event anyedge, v0x122e144e0_467, v0x122e144e0_468, v0x122e144e0_469, v0x122e144e0_470;
v0x122e144e0_471 .array/port v0x122e144e0, 471;
v0x122e144e0_472 .array/port v0x122e144e0, 472;
v0x122e144e0_473 .array/port v0x122e144e0, 473;
v0x122e144e0_474 .array/port v0x122e144e0, 474;
E_0x122e04330/118 .event anyedge, v0x122e144e0_471, v0x122e144e0_472, v0x122e144e0_473, v0x122e144e0_474;
v0x122e144e0_475 .array/port v0x122e144e0, 475;
v0x122e144e0_476 .array/port v0x122e144e0, 476;
v0x122e144e0_477 .array/port v0x122e144e0, 477;
v0x122e144e0_478 .array/port v0x122e144e0, 478;
E_0x122e04330/119 .event anyedge, v0x122e144e0_475, v0x122e144e0_476, v0x122e144e0_477, v0x122e144e0_478;
v0x122e144e0_479 .array/port v0x122e144e0, 479;
v0x122e144e0_480 .array/port v0x122e144e0, 480;
v0x122e144e0_481 .array/port v0x122e144e0, 481;
v0x122e144e0_482 .array/port v0x122e144e0, 482;
E_0x122e04330/120 .event anyedge, v0x122e144e0_479, v0x122e144e0_480, v0x122e144e0_481, v0x122e144e0_482;
v0x122e144e0_483 .array/port v0x122e144e0, 483;
v0x122e144e0_484 .array/port v0x122e144e0, 484;
v0x122e144e0_485 .array/port v0x122e144e0, 485;
v0x122e144e0_486 .array/port v0x122e144e0, 486;
E_0x122e04330/121 .event anyedge, v0x122e144e0_483, v0x122e144e0_484, v0x122e144e0_485, v0x122e144e0_486;
v0x122e144e0_487 .array/port v0x122e144e0, 487;
v0x122e144e0_488 .array/port v0x122e144e0, 488;
v0x122e144e0_489 .array/port v0x122e144e0, 489;
v0x122e144e0_490 .array/port v0x122e144e0, 490;
E_0x122e04330/122 .event anyedge, v0x122e144e0_487, v0x122e144e0_488, v0x122e144e0_489, v0x122e144e0_490;
v0x122e144e0_491 .array/port v0x122e144e0, 491;
v0x122e144e0_492 .array/port v0x122e144e0, 492;
v0x122e144e0_493 .array/port v0x122e144e0, 493;
v0x122e144e0_494 .array/port v0x122e144e0, 494;
E_0x122e04330/123 .event anyedge, v0x122e144e0_491, v0x122e144e0_492, v0x122e144e0_493, v0x122e144e0_494;
v0x122e144e0_495 .array/port v0x122e144e0, 495;
v0x122e144e0_496 .array/port v0x122e144e0, 496;
v0x122e144e0_497 .array/port v0x122e144e0, 497;
v0x122e144e0_498 .array/port v0x122e144e0, 498;
E_0x122e04330/124 .event anyedge, v0x122e144e0_495, v0x122e144e0_496, v0x122e144e0_497, v0x122e144e0_498;
v0x122e144e0_499 .array/port v0x122e144e0, 499;
v0x122e144e0_500 .array/port v0x122e144e0, 500;
v0x122e144e0_501 .array/port v0x122e144e0, 501;
v0x122e144e0_502 .array/port v0x122e144e0, 502;
E_0x122e04330/125 .event anyedge, v0x122e144e0_499, v0x122e144e0_500, v0x122e144e0_501, v0x122e144e0_502;
v0x122e144e0_503 .array/port v0x122e144e0, 503;
v0x122e144e0_504 .array/port v0x122e144e0, 504;
v0x122e144e0_505 .array/port v0x122e144e0, 505;
v0x122e144e0_506 .array/port v0x122e144e0, 506;
E_0x122e04330/126 .event anyedge, v0x122e144e0_503, v0x122e144e0_504, v0x122e144e0_505, v0x122e144e0_506;
v0x122e144e0_507 .array/port v0x122e144e0, 507;
v0x122e144e0_508 .array/port v0x122e144e0, 508;
v0x122e144e0_509 .array/port v0x122e144e0, 509;
v0x122e144e0_510 .array/port v0x122e144e0, 510;
E_0x122e04330/127 .event anyedge, v0x122e144e0_507, v0x122e144e0_508, v0x122e144e0_509, v0x122e144e0_510;
v0x122e144e0_511 .array/port v0x122e144e0, 511;
v0x122e144e0_512 .array/port v0x122e144e0, 512;
v0x122e144e0_513 .array/port v0x122e144e0, 513;
v0x122e144e0_514 .array/port v0x122e144e0, 514;
E_0x122e04330/128 .event anyedge, v0x122e144e0_511, v0x122e144e0_512, v0x122e144e0_513, v0x122e144e0_514;
v0x122e144e0_515 .array/port v0x122e144e0, 515;
v0x122e144e0_516 .array/port v0x122e144e0, 516;
v0x122e144e0_517 .array/port v0x122e144e0, 517;
v0x122e144e0_518 .array/port v0x122e144e0, 518;
E_0x122e04330/129 .event anyedge, v0x122e144e0_515, v0x122e144e0_516, v0x122e144e0_517, v0x122e144e0_518;
v0x122e144e0_519 .array/port v0x122e144e0, 519;
v0x122e144e0_520 .array/port v0x122e144e0, 520;
v0x122e144e0_521 .array/port v0x122e144e0, 521;
v0x122e144e0_522 .array/port v0x122e144e0, 522;
E_0x122e04330/130 .event anyedge, v0x122e144e0_519, v0x122e144e0_520, v0x122e144e0_521, v0x122e144e0_522;
v0x122e144e0_523 .array/port v0x122e144e0, 523;
v0x122e144e0_524 .array/port v0x122e144e0, 524;
v0x122e144e0_525 .array/port v0x122e144e0, 525;
v0x122e144e0_526 .array/port v0x122e144e0, 526;
E_0x122e04330/131 .event anyedge, v0x122e144e0_523, v0x122e144e0_524, v0x122e144e0_525, v0x122e144e0_526;
v0x122e144e0_527 .array/port v0x122e144e0, 527;
v0x122e144e0_528 .array/port v0x122e144e0, 528;
v0x122e144e0_529 .array/port v0x122e144e0, 529;
v0x122e144e0_530 .array/port v0x122e144e0, 530;
E_0x122e04330/132 .event anyedge, v0x122e144e0_527, v0x122e144e0_528, v0x122e144e0_529, v0x122e144e0_530;
v0x122e144e0_531 .array/port v0x122e144e0, 531;
v0x122e144e0_532 .array/port v0x122e144e0, 532;
v0x122e144e0_533 .array/port v0x122e144e0, 533;
v0x122e144e0_534 .array/port v0x122e144e0, 534;
E_0x122e04330/133 .event anyedge, v0x122e144e0_531, v0x122e144e0_532, v0x122e144e0_533, v0x122e144e0_534;
v0x122e144e0_535 .array/port v0x122e144e0, 535;
v0x122e144e0_536 .array/port v0x122e144e0, 536;
v0x122e144e0_537 .array/port v0x122e144e0, 537;
v0x122e144e0_538 .array/port v0x122e144e0, 538;
E_0x122e04330/134 .event anyedge, v0x122e144e0_535, v0x122e144e0_536, v0x122e144e0_537, v0x122e144e0_538;
v0x122e144e0_539 .array/port v0x122e144e0, 539;
v0x122e144e0_540 .array/port v0x122e144e0, 540;
v0x122e144e0_541 .array/port v0x122e144e0, 541;
v0x122e144e0_542 .array/port v0x122e144e0, 542;
E_0x122e04330/135 .event anyedge, v0x122e144e0_539, v0x122e144e0_540, v0x122e144e0_541, v0x122e144e0_542;
v0x122e144e0_543 .array/port v0x122e144e0, 543;
v0x122e144e0_544 .array/port v0x122e144e0, 544;
v0x122e144e0_545 .array/port v0x122e144e0, 545;
v0x122e144e0_546 .array/port v0x122e144e0, 546;
E_0x122e04330/136 .event anyedge, v0x122e144e0_543, v0x122e144e0_544, v0x122e144e0_545, v0x122e144e0_546;
v0x122e144e0_547 .array/port v0x122e144e0, 547;
v0x122e144e0_548 .array/port v0x122e144e0, 548;
v0x122e144e0_549 .array/port v0x122e144e0, 549;
v0x122e144e0_550 .array/port v0x122e144e0, 550;
E_0x122e04330/137 .event anyedge, v0x122e144e0_547, v0x122e144e0_548, v0x122e144e0_549, v0x122e144e0_550;
v0x122e144e0_551 .array/port v0x122e144e0, 551;
v0x122e144e0_552 .array/port v0x122e144e0, 552;
v0x122e144e0_553 .array/port v0x122e144e0, 553;
v0x122e144e0_554 .array/port v0x122e144e0, 554;
E_0x122e04330/138 .event anyedge, v0x122e144e0_551, v0x122e144e0_552, v0x122e144e0_553, v0x122e144e0_554;
v0x122e144e0_555 .array/port v0x122e144e0, 555;
v0x122e144e0_556 .array/port v0x122e144e0, 556;
v0x122e144e0_557 .array/port v0x122e144e0, 557;
v0x122e144e0_558 .array/port v0x122e144e0, 558;
E_0x122e04330/139 .event anyedge, v0x122e144e0_555, v0x122e144e0_556, v0x122e144e0_557, v0x122e144e0_558;
v0x122e144e0_559 .array/port v0x122e144e0, 559;
v0x122e144e0_560 .array/port v0x122e144e0, 560;
v0x122e144e0_561 .array/port v0x122e144e0, 561;
v0x122e144e0_562 .array/port v0x122e144e0, 562;
E_0x122e04330/140 .event anyedge, v0x122e144e0_559, v0x122e144e0_560, v0x122e144e0_561, v0x122e144e0_562;
v0x122e144e0_563 .array/port v0x122e144e0, 563;
v0x122e144e0_564 .array/port v0x122e144e0, 564;
v0x122e144e0_565 .array/port v0x122e144e0, 565;
v0x122e144e0_566 .array/port v0x122e144e0, 566;
E_0x122e04330/141 .event anyedge, v0x122e144e0_563, v0x122e144e0_564, v0x122e144e0_565, v0x122e144e0_566;
v0x122e144e0_567 .array/port v0x122e144e0, 567;
v0x122e144e0_568 .array/port v0x122e144e0, 568;
v0x122e144e0_569 .array/port v0x122e144e0, 569;
v0x122e144e0_570 .array/port v0x122e144e0, 570;
E_0x122e04330/142 .event anyedge, v0x122e144e0_567, v0x122e144e0_568, v0x122e144e0_569, v0x122e144e0_570;
v0x122e144e0_571 .array/port v0x122e144e0, 571;
v0x122e144e0_572 .array/port v0x122e144e0, 572;
v0x122e144e0_573 .array/port v0x122e144e0, 573;
v0x122e144e0_574 .array/port v0x122e144e0, 574;
E_0x122e04330/143 .event anyedge, v0x122e144e0_571, v0x122e144e0_572, v0x122e144e0_573, v0x122e144e0_574;
v0x122e144e0_575 .array/port v0x122e144e0, 575;
v0x122e144e0_576 .array/port v0x122e144e0, 576;
v0x122e144e0_577 .array/port v0x122e144e0, 577;
v0x122e144e0_578 .array/port v0x122e144e0, 578;
E_0x122e04330/144 .event anyedge, v0x122e144e0_575, v0x122e144e0_576, v0x122e144e0_577, v0x122e144e0_578;
v0x122e144e0_579 .array/port v0x122e144e0, 579;
v0x122e144e0_580 .array/port v0x122e144e0, 580;
v0x122e144e0_581 .array/port v0x122e144e0, 581;
v0x122e144e0_582 .array/port v0x122e144e0, 582;
E_0x122e04330/145 .event anyedge, v0x122e144e0_579, v0x122e144e0_580, v0x122e144e0_581, v0x122e144e0_582;
v0x122e144e0_583 .array/port v0x122e144e0, 583;
v0x122e144e0_584 .array/port v0x122e144e0, 584;
v0x122e144e0_585 .array/port v0x122e144e0, 585;
v0x122e144e0_586 .array/port v0x122e144e0, 586;
E_0x122e04330/146 .event anyedge, v0x122e144e0_583, v0x122e144e0_584, v0x122e144e0_585, v0x122e144e0_586;
v0x122e144e0_587 .array/port v0x122e144e0, 587;
v0x122e144e0_588 .array/port v0x122e144e0, 588;
v0x122e144e0_589 .array/port v0x122e144e0, 589;
v0x122e144e0_590 .array/port v0x122e144e0, 590;
E_0x122e04330/147 .event anyedge, v0x122e144e0_587, v0x122e144e0_588, v0x122e144e0_589, v0x122e144e0_590;
v0x122e144e0_591 .array/port v0x122e144e0, 591;
v0x122e144e0_592 .array/port v0x122e144e0, 592;
v0x122e144e0_593 .array/port v0x122e144e0, 593;
v0x122e144e0_594 .array/port v0x122e144e0, 594;
E_0x122e04330/148 .event anyedge, v0x122e144e0_591, v0x122e144e0_592, v0x122e144e0_593, v0x122e144e0_594;
v0x122e144e0_595 .array/port v0x122e144e0, 595;
v0x122e144e0_596 .array/port v0x122e144e0, 596;
v0x122e144e0_597 .array/port v0x122e144e0, 597;
v0x122e144e0_598 .array/port v0x122e144e0, 598;
E_0x122e04330/149 .event anyedge, v0x122e144e0_595, v0x122e144e0_596, v0x122e144e0_597, v0x122e144e0_598;
v0x122e144e0_599 .array/port v0x122e144e0, 599;
v0x122e144e0_600 .array/port v0x122e144e0, 600;
v0x122e144e0_601 .array/port v0x122e144e0, 601;
v0x122e144e0_602 .array/port v0x122e144e0, 602;
E_0x122e04330/150 .event anyedge, v0x122e144e0_599, v0x122e144e0_600, v0x122e144e0_601, v0x122e144e0_602;
v0x122e144e0_603 .array/port v0x122e144e0, 603;
v0x122e144e0_604 .array/port v0x122e144e0, 604;
v0x122e144e0_605 .array/port v0x122e144e0, 605;
v0x122e144e0_606 .array/port v0x122e144e0, 606;
E_0x122e04330/151 .event anyedge, v0x122e144e0_603, v0x122e144e0_604, v0x122e144e0_605, v0x122e144e0_606;
v0x122e144e0_607 .array/port v0x122e144e0, 607;
v0x122e144e0_608 .array/port v0x122e144e0, 608;
v0x122e144e0_609 .array/port v0x122e144e0, 609;
v0x122e144e0_610 .array/port v0x122e144e0, 610;
E_0x122e04330/152 .event anyedge, v0x122e144e0_607, v0x122e144e0_608, v0x122e144e0_609, v0x122e144e0_610;
v0x122e144e0_611 .array/port v0x122e144e0, 611;
v0x122e144e0_612 .array/port v0x122e144e0, 612;
v0x122e144e0_613 .array/port v0x122e144e0, 613;
v0x122e144e0_614 .array/port v0x122e144e0, 614;
E_0x122e04330/153 .event anyedge, v0x122e144e0_611, v0x122e144e0_612, v0x122e144e0_613, v0x122e144e0_614;
v0x122e144e0_615 .array/port v0x122e144e0, 615;
v0x122e144e0_616 .array/port v0x122e144e0, 616;
v0x122e144e0_617 .array/port v0x122e144e0, 617;
v0x122e144e0_618 .array/port v0x122e144e0, 618;
E_0x122e04330/154 .event anyedge, v0x122e144e0_615, v0x122e144e0_616, v0x122e144e0_617, v0x122e144e0_618;
v0x122e144e0_619 .array/port v0x122e144e0, 619;
v0x122e144e0_620 .array/port v0x122e144e0, 620;
v0x122e144e0_621 .array/port v0x122e144e0, 621;
v0x122e144e0_622 .array/port v0x122e144e0, 622;
E_0x122e04330/155 .event anyedge, v0x122e144e0_619, v0x122e144e0_620, v0x122e144e0_621, v0x122e144e0_622;
v0x122e144e0_623 .array/port v0x122e144e0, 623;
v0x122e144e0_624 .array/port v0x122e144e0, 624;
v0x122e144e0_625 .array/port v0x122e144e0, 625;
v0x122e144e0_626 .array/port v0x122e144e0, 626;
E_0x122e04330/156 .event anyedge, v0x122e144e0_623, v0x122e144e0_624, v0x122e144e0_625, v0x122e144e0_626;
v0x122e144e0_627 .array/port v0x122e144e0, 627;
v0x122e144e0_628 .array/port v0x122e144e0, 628;
v0x122e144e0_629 .array/port v0x122e144e0, 629;
v0x122e144e0_630 .array/port v0x122e144e0, 630;
E_0x122e04330/157 .event anyedge, v0x122e144e0_627, v0x122e144e0_628, v0x122e144e0_629, v0x122e144e0_630;
v0x122e144e0_631 .array/port v0x122e144e0, 631;
v0x122e144e0_632 .array/port v0x122e144e0, 632;
v0x122e144e0_633 .array/port v0x122e144e0, 633;
v0x122e144e0_634 .array/port v0x122e144e0, 634;
E_0x122e04330/158 .event anyedge, v0x122e144e0_631, v0x122e144e0_632, v0x122e144e0_633, v0x122e144e0_634;
v0x122e144e0_635 .array/port v0x122e144e0, 635;
v0x122e144e0_636 .array/port v0x122e144e0, 636;
v0x122e144e0_637 .array/port v0x122e144e0, 637;
v0x122e144e0_638 .array/port v0x122e144e0, 638;
E_0x122e04330/159 .event anyedge, v0x122e144e0_635, v0x122e144e0_636, v0x122e144e0_637, v0x122e144e0_638;
v0x122e144e0_639 .array/port v0x122e144e0, 639;
v0x122e144e0_640 .array/port v0x122e144e0, 640;
v0x122e144e0_641 .array/port v0x122e144e0, 641;
v0x122e144e0_642 .array/port v0x122e144e0, 642;
E_0x122e04330/160 .event anyedge, v0x122e144e0_639, v0x122e144e0_640, v0x122e144e0_641, v0x122e144e0_642;
v0x122e144e0_643 .array/port v0x122e144e0, 643;
v0x122e144e0_644 .array/port v0x122e144e0, 644;
v0x122e144e0_645 .array/port v0x122e144e0, 645;
v0x122e144e0_646 .array/port v0x122e144e0, 646;
E_0x122e04330/161 .event anyedge, v0x122e144e0_643, v0x122e144e0_644, v0x122e144e0_645, v0x122e144e0_646;
v0x122e144e0_647 .array/port v0x122e144e0, 647;
v0x122e144e0_648 .array/port v0x122e144e0, 648;
v0x122e144e0_649 .array/port v0x122e144e0, 649;
v0x122e144e0_650 .array/port v0x122e144e0, 650;
E_0x122e04330/162 .event anyedge, v0x122e144e0_647, v0x122e144e0_648, v0x122e144e0_649, v0x122e144e0_650;
v0x122e144e0_651 .array/port v0x122e144e0, 651;
v0x122e144e0_652 .array/port v0x122e144e0, 652;
v0x122e144e0_653 .array/port v0x122e144e0, 653;
v0x122e144e0_654 .array/port v0x122e144e0, 654;
E_0x122e04330/163 .event anyedge, v0x122e144e0_651, v0x122e144e0_652, v0x122e144e0_653, v0x122e144e0_654;
v0x122e144e0_655 .array/port v0x122e144e0, 655;
v0x122e144e0_656 .array/port v0x122e144e0, 656;
v0x122e144e0_657 .array/port v0x122e144e0, 657;
v0x122e144e0_658 .array/port v0x122e144e0, 658;
E_0x122e04330/164 .event anyedge, v0x122e144e0_655, v0x122e144e0_656, v0x122e144e0_657, v0x122e144e0_658;
v0x122e144e0_659 .array/port v0x122e144e0, 659;
v0x122e144e0_660 .array/port v0x122e144e0, 660;
v0x122e144e0_661 .array/port v0x122e144e0, 661;
v0x122e144e0_662 .array/port v0x122e144e0, 662;
E_0x122e04330/165 .event anyedge, v0x122e144e0_659, v0x122e144e0_660, v0x122e144e0_661, v0x122e144e0_662;
v0x122e144e0_663 .array/port v0x122e144e0, 663;
v0x122e144e0_664 .array/port v0x122e144e0, 664;
v0x122e144e0_665 .array/port v0x122e144e0, 665;
v0x122e144e0_666 .array/port v0x122e144e0, 666;
E_0x122e04330/166 .event anyedge, v0x122e144e0_663, v0x122e144e0_664, v0x122e144e0_665, v0x122e144e0_666;
v0x122e144e0_667 .array/port v0x122e144e0, 667;
v0x122e144e0_668 .array/port v0x122e144e0, 668;
v0x122e144e0_669 .array/port v0x122e144e0, 669;
v0x122e144e0_670 .array/port v0x122e144e0, 670;
E_0x122e04330/167 .event anyedge, v0x122e144e0_667, v0x122e144e0_668, v0x122e144e0_669, v0x122e144e0_670;
v0x122e144e0_671 .array/port v0x122e144e0, 671;
v0x122e144e0_672 .array/port v0x122e144e0, 672;
v0x122e144e0_673 .array/port v0x122e144e0, 673;
v0x122e144e0_674 .array/port v0x122e144e0, 674;
E_0x122e04330/168 .event anyedge, v0x122e144e0_671, v0x122e144e0_672, v0x122e144e0_673, v0x122e144e0_674;
v0x122e144e0_675 .array/port v0x122e144e0, 675;
v0x122e144e0_676 .array/port v0x122e144e0, 676;
v0x122e144e0_677 .array/port v0x122e144e0, 677;
v0x122e144e0_678 .array/port v0x122e144e0, 678;
E_0x122e04330/169 .event anyedge, v0x122e144e0_675, v0x122e144e0_676, v0x122e144e0_677, v0x122e144e0_678;
v0x122e144e0_679 .array/port v0x122e144e0, 679;
v0x122e144e0_680 .array/port v0x122e144e0, 680;
v0x122e144e0_681 .array/port v0x122e144e0, 681;
v0x122e144e0_682 .array/port v0x122e144e0, 682;
E_0x122e04330/170 .event anyedge, v0x122e144e0_679, v0x122e144e0_680, v0x122e144e0_681, v0x122e144e0_682;
v0x122e144e0_683 .array/port v0x122e144e0, 683;
v0x122e144e0_684 .array/port v0x122e144e0, 684;
v0x122e144e0_685 .array/port v0x122e144e0, 685;
v0x122e144e0_686 .array/port v0x122e144e0, 686;
E_0x122e04330/171 .event anyedge, v0x122e144e0_683, v0x122e144e0_684, v0x122e144e0_685, v0x122e144e0_686;
v0x122e144e0_687 .array/port v0x122e144e0, 687;
v0x122e144e0_688 .array/port v0x122e144e0, 688;
v0x122e144e0_689 .array/port v0x122e144e0, 689;
v0x122e144e0_690 .array/port v0x122e144e0, 690;
E_0x122e04330/172 .event anyedge, v0x122e144e0_687, v0x122e144e0_688, v0x122e144e0_689, v0x122e144e0_690;
v0x122e144e0_691 .array/port v0x122e144e0, 691;
v0x122e144e0_692 .array/port v0x122e144e0, 692;
v0x122e144e0_693 .array/port v0x122e144e0, 693;
v0x122e144e0_694 .array/port v0x122e144e0, 694;
E_0x122e04330/173 .event anyedge, v0x122e144e0_691, v0x122e144e0_692, v0x122e144e0_693, v0x122e144e0_694;
v0x122e144e0_695 .array/port v0x122e144e0, 695;
v0x122e144e0_696 .array/port v0x122e144e0, 696;
v0x122e144e0_697 .array/port v0x122e144e0, 697;
v0x122e144e0_698 .array/port v0x122e144e0, 698;
E_0x122e04330/174 .event anyedge, v0x122e144e0_695, v0x122e144e0_696, v0x122e144e0_697, v0x122e144e0_698;
v0x122e144e0_699 .array/port v0x122e144e0, 699;
v0x122e144e0_700 .array/port v0x122e144e0, 700;
v0x122e144e0_701 .array/port v0x122e144e0, 701;
v0x122e144e0_702 .array/port v0x122e144e0, 702;
E_0x122e04330/175 .event anyedge, v0x122e144e0_699, v0x122e144e0_700, v0x122e144e0_701, v0x122e144e0_702;
v0x122e144e0_703 .array/port v0x122e144e0, 703;
v0x122e144e0_704 .array/port v0x122e144e0, 704;
v0x122e144e0_705 .array/port v0x122e144e0, 705;
v0x122e144e0_706 .array/port v0x122e144e0, 706;
E_0x122e04330/176 .event anyedge, v0x122e144e0_703, v0x122e144e0_704, v0x122e144e0_705, v0x122e144e0_706;
v0x122e144e0_707 .array/port v0x122e144e0, 707;
v0x122e144e0_708 .array/port v0x122e144e0, 708;
v0x122e144e0_709 .array/port v0x122e144e0, 709;
v0x122e144e0_710 .array/port v0x122e144e0, 710;
E_0x122e04330/177 .event anyedge, v0x122e144e0_707, v0x122e144e0_708, v0x122e144e0_709, v0x122e144e0_710;
v0x122e144e0_711 .array/port v0x122e144e0, 711;
v0x122e144e0_712 .array/port v0x122e144e0, 712;
v0x122e144e0_713 .array/port v0x122e144e0, 713;
v0x122e144e0_714 .array/port v0x122e144e0, 714;
E_0x122e04330/178 .event anyedge, v0x122e144e0_711, v0x122e144e0_712, v0x122e144e0_713, v0x122e144e0_714;
v0x122e144e0_715 .array/port v0x122e144e0, 715;
v0x122e144e0_716 .array/port v0x122e144e0, 716;
v0x122e144e0_717 .array/port v0x122e144e0, 717;
v0x122e144e0_718 .array/port v0x122e144e0, 718;
E_0x122e04330/179 .event anyedge, v0x122e144e0_715, v0x122e144e0_716, v0x122e144e0_717, v0x122e144e0_718;
v0x122e144e0_719 .array/port v0x122e144e0, 719;
v0x122e144e0_720 .array/port v0x122e144e0, 720;
v0x122e144e0_721 .array/port v0x122e144e0, 721;
v0x122e144e0_722 .array/port v0x122e144e0, 722;
E_0x122e04330/180 .event anyedge, v0x122e144e0_719, v0x122e144e0_720, v0x122e144e0_721, v0x122e144e0_722;
v0x122e144e0_723 .array/port v0x122e144e0, 723;
v0x122e144e0_724 .array/port v0x122e144e0, 724;
v0x122e144e0_725 .array/port v0x122e144e0, 725;
v0x122e144e0_726 .array/port v0x122e144e0, 726;
E_0x122e04330/181 .event anyedge, v0x122e144e0_723, v0x122e144e0_724, v0x122e144e0_725, v0x122e144e0_726;
v0x122e144e0_727 .array/port v0x122e144e0, 727;
v0x122e144e0_728 .array/port v0x122e144e0, 728;
v0x122e144e0_729 .array/port v0x122e144e0, 729;
v0x122e144e0_730 .array/port v0x122e144e0, 730;
E_0x122e04330/182 .event anyedge, v0x122e144e0_727, v0x122e144e0_728, v0x122e144e0_729, v0x122e144e0_730;
v0x122e144e0_731 .array/port v0x122e144e0, 731;
v0x122e144e0_732 .array/port v0x122e144e0, 732;
v0x122e144e0_733 .array/port v0x122e144e0, 733;
v0x122e144e0_734 .array/port v0x122e144e0, 734;
E_0x122e04330/183 .event anyedge, v0x122e144e0_731, v0x122e144e0_732, v0x122e144e0_733, v0x122e144e0_734;
v0x122e144e0_735 .array/port v0x122e144e0, 735;
v0x122e144e0_736 .array/port v0x122e144e0, 736;
v0x122e144e0_737 .array/port v0x122e144e0, 737;
v0x122e144e0_738 .array/port v0x122e144e0, 738;
E_0x122e04330/184 .event anyedge, v0x122e144e0_735, v0x122e144e0_736, v0x122e144e0_737, v0x122e144e0_738;
v0x122e144e0_739 .array/port v0x122e144e0, 739;
v0x122e144e0_740 .array/port v0x122e144e0, 740;
v0x122e144e0_741 .array/port v0x122e144e0, 741;
v0x122e144e0_742 .array/port v0x122e144e0, 742;
E_0x122e04330/185 .event anyedge, v0x122e144e0_739, v0x122e144e0_740, v0x122e144e0_741, v0x122e144e0_742;
v0x122e144e0_743 .array/port v0x122e144e0, 743;
v0x122e144e0_744 .array/port v0x122e144e0, 744;
v0x122e144e0_745 .array/port v0x122e144e0, 745;
v0x122e144e0_746 .array/port v0x122e144e0, 746;
E_0x122e04330/186 .event anyedge, v0x122e144e0_743, v0x122e144e0_744, v0x122e144e0_745, v0x122e144e0_746;
v0x122e144e0_747 .array/port v0x122e144e0, 747;
v0x122e144e0_748 .array/port v0x122e144e0, 748;
v0x122e144e0_749 .array/port v0x122e144e0, 749;
v0x122e144e0_750 .array/port v0x122e144e0, 750;
E_0x122e04330/187 .event anyedge, v0x122e144e0_747, v0x122e144e0_748, v0x122e144e0_749, v0x122e144e0_750;
v0x122e144e0_751 .array/port v0x122e144e0, 751;
v0x122e144e0_752 .array/port v0x122e144e0, 752;
v0x122e144e0_753 .array/port v0x122e144e0, 753;
v0x122e144e0_754 .array/port v0x122e144e0, 754;
E_0x122e04330/188 .event anyedge, v0x122e144e0_751, v0x122e144e0_752, v0x122e144e0_753, v0x122e144e0_754;
v0x122e144e0_755 .array/port v0x122e144e0, 755;
v0x122e144e0_756 .array/port v0x122e144e0, 756;
v0x122e144e0_757 .array/port v0x122e144e0, 757;
v0x122e144e0_758 .array/port v0x122e144e0, 758;
E_0x122e04330/189 .event anyedge, v0x122e144e0_755, v0x122e144e0_756, v0x122e144e0_757, v0x122e144e0_758;
v0x122e144e0_759 .array/port v0x122e144e0, 759;
v0x122e144e0_760 .array/port v0x122e144e0, 760;
v0x122e144e0_761 .array/port v0x122e144e0, 761;
v0x122e144e0_762 .array/port v0x122e144e0, 762;
E_0x122e04330/190 .event anyedge, v0x122e144e0_759, v0x122e144e0_760, v0x122e144e0_761, v0x122e144e0_762;
v0x122e144e0_763 .array/port v0x122e144e0, 763;
v0x122e144e0_764 .array/port v0x122e144e0, 764;
v0x122e144e0_765 .array/port v0x122e144e0, 765;
v0x122e144e0_766 .array/port v0x122e144e0, 766;
E_0x122e04330/191 .event anyedge, v0x122e144e0_763, v0x122e144e0_764, v0x122e144e0_765, v0x122e144e0_766;
v0x122e144e0_767 .array/port v0x122e144e0, 767;
v0x122e144e0_768 .array/port v0x122e144e0, 768;
v0x122e144e0_769 .array/port v0x122e144e0, 769;
v0x122e144e0_770 .array/port v0x122e144e0, 770;
E_0x122e04330/192 .event anyedge, v0x122e144e0_767, v0x122e144e0_768, v0x122e144e0_769, v0x122e144e0_770;
v0x122e144e0_771 .array/port v0x122e144e0, 771;
v0x122e144e0_772 .array/port v0x122e144e0, 772;
v0x122e144e0_773 .array/port v0x122e144e0, 773;
v0x122e144e0_774 .array/port v0x122e144e0, 774;
E_0x122e04330/193 .event anyedge, v0x122e144e0_771, v0x122e144e0_772, v0x122e144e0_773, v0x122e144e0_774;
v0x122e144e0_775 .array/port v0x122e144e0, 775;
v0x122e144e0_776 .array/port v0x122e144e0, 776;
v0x122e144e0_777 .array/port v0x122e144e0, 777;
v0x122e144e0_778 .array/port v0x122e144e0, 778;
E_0x122e04330/194 .event anyedge, v0x122e144e0_775, v0x122e144e0_776, v0x122e144e0_777, v0x122e144e0_778;
v0x122e144e0_779 .array/port v0x122e144e0, 779;
v0x122e144e0_780 .array/port v0x122e144e0, 780;
v0x122e144e0_781 .array/port v0x122e144e0, 781;
v0x122e144e0_782 .array/port v0x122e144e0, 782;
E_0x122e04330/195 .event anyedge, v0x122e144e0_779, v0x122e144e0_780, v0x122e144e0_781, v0x122e144e0_782;
v0x122e144e0_783 .array/port v0x122e144e0, 783;
v0x122e144e0_784 .array/port v0x122e144e0, 784;
v0x122e144e0_785 .array/port v0x122e144e0, 785;
v0x122e144e0_786 .array/port v0x122e144e0, 786;
E_0x122e04330/196 .event anyedge, v0x122e144e0_783, v0x122e144e0_784, v0x122e144e0_785, v0x122e144e0_786;
v0x122e144e0_787 .array/port v0x122e144e0, 787;
v0x122e144e0_788 .array/port v0x122e144e0, 788;
v0x122e144e0_789 .array/port v0x122e144e0, 789;
v0x122e144e0_790 .array/port v0x122e144e0, 790;
E_0x122e04330/197 .event anyedge, v0x122e144e0_787, v0x122e144e0_788, v0x122e144e0_789, v0x122e144e0_790;
v0x122e144e0_791 .array/port v0x122e144e0, 791;
v0x122e144e0_792 .array/port v0x122e144e0, 792;
v0x122e144e0_793 .array/port v0x122e144e0, 793;
v0x122e144e0_794 .array/port v0x122e144e0, 794;
E_0x122e04330/198 .event anyedge, v0x122e144e0_791, v0x122e144e0_792, v0x122e144e0_793, v0x122e144e0_794;
v0x122e144e0_795 .array/port v0x122e144e0, 795;
v0x122e144e0_796 .array/port v0x122e144e0, 796;
v0x122e144e0_797 .array/port v0x122e144e0, 797;
v0x122e144e0_798 .array/port v0x122e144e0, 798;
E_0x122e04330/199 .event anyedge, v0x122e144e0_795, v0x122e144e0_796, v0x122e144e0_797, v0x122e144e0_798;
v0x122e144e0_799 .array/port v0x122e144e0, 799;
v0x122e144e0_800 .array/port v0x122e144e0, 800;
v0x122e144e0_801 .array/port v0x122e144e0, 801;
v0x122e144e0_802 .array/port v0x122e144e0, 802;
E_0x122e04330/200 .event anyedge, v0x122e144e0_799, v0x122e144e0_800, v0x122e144e0_801, v0x122e144e0_802;
v0x122e144e0_803 .array/port v0x122e144e0, 803;
v0x122e144e0_804 .array/port v0x122e144e0, 804;
v0x122e144e0_805 .array/port v0x122e144e0, 805;
v0x122e144e0_806 .array/port v0x122e144e0, 806;
E_0x122e04330/201 .event anyedge, v0x122e144e0_803, v0x122e144e0_804, v0x122e144e0_805, v0x122e144e0_806;
v0x122e144e0_807 .array/port v0x122e144e0, 807;
v0x122e144e0_808 .array/port v0x122e144e0, 808;
v0x122e144e0_809 .array/port v0x122e144e0, 809;
v0x122e144e0_810 .array/port v0x122e144e0, 810;
E_0x122e04330/202 .event anyedge, v0x122e144e0_807, v0x122e144e0_808, v0x122e144e0_809, v0x122e144e0_810;
v0x122e144e0_811 .array/port v0x122e144e0, 811;
v0x122e144e0_812 .array/port v0x122e144e0, 812;
v0x122e144e0_813 .array/port v0x122e144e0, 813;
v0x122e144e0_814 .array/port v0x122e144e0, 814;
E_0x122e04330/203 .event anyedge, v0x122e144e0_811, v0x122e144e0_812, v0x122e144e0_813, v0x122e144e0_814;
v0x122e144e0_815 .array/port v0x122e144e0, 815;
v0x122e144e0_816 .array/port v0x122e144e0, 816;
v0x122e144e0_817 .array/port v0x122e144e0, 817;
v0x122e144e0_818 .array/port v0x122e144e0, 818;
E_0x122e04330/204 .event anyedge, v0x122e144e0_815, v0x122e144e0_816, v0x122e144e0_817, v0x122e144e0_818;
v0x122e144e0_819 .array/port v0x122e144e0, 819;
v0x122e144e0_820 .array/port v0x122e144e0, 820;
v0x122e144e0_821 .array/port v0x122e144e0, 821;
v0x122e144e0_822 .array/port v0x122e144e0, 822;
E_0x122e04330/205 .event anyedge, v0x122e144e0_819, v0x122e144e0_820, v0x122e144e0_821, v0x122e144e0_822;
v0x122e144e0_823 .array/port v0x122e144e0, 823;
v0x122e144e0_824 .array/port v0x122e144e0, 824;
v0x122e144e0_825 .array/port v0x122e144e0, 825;
v0x122e144e0_826 .array/port v0x122e144e0, 826;
E_0x122e04330/206 .event anyedge, v0x122e144e0_823, v0x122e144e0_824, v0x122e144e0_825, v0x122e144e0_826;
v0x122e144e0_827 .array/port v0x122e144e0, 827;
v0x122e144e0_828 .array/port v0x122e144e0, 828;
v0x122e144e0_829 .array/port v0x122e144e0, 829;
v0x122e144e0_830 .array/port v0x122e144e0, 830;
E_0x122e04330/207 .event anyedge, v0x122e144e0_827, v0x122e144e0_828, v0x122e144e0_829, v0x122e144e0_830;
v0x122e144e0_831 .array/port v0x122e144e0, 831;
v0x122e144e0_832 .array/port v0x122e144e0, 832;
v0x122e144e0_833 .array/port v0x122e144e0, 833;
v0x122e144e0_834 .array/port v0x122e144e0, 834;
E_0x122e04330/208 .event anyedge, v0x122e144e0_831, v0x122e144e0_832, v0x122e144e0_833, v0x122e144e0_834;
v0x122e144e0_835 .array/port v0x122e144e0, 835;
v0x122e144e0_836 .array/port v0x122e144e0, 836;
v0x122e144e0_837 .array/port v0x122e144e0, 837;
v0x122e144e0_838 .array/port v0x122e144e0, 838;
E_0x122e04330/209 .event anyedge, v0x122e144e0_835, v0x122e144e0_836, v0x122e144e0_837, v0x122e144e0_838;
v0x122e144e0_839 .array/port v0x122e144e0, 839;
v0x122e144e0_840 .array/port v0x122e144e0, 840;
v0x122e144e0_841 .array/port v0x122e144e0, 841;
v0x122e144e0_842 .array/port v0x122e144e0, 842;
E_0x122e04330/210 .event anyedge, v0x122e144e0_839, v0x122e144e0_840, v0x122e144e0_841, v0x122e144e0_842;
v0x122e144e0_843 .array/port v0x122e144e0, 843;
v0x122e144e0_844 .array/port v0x122e144e0, 844;
v0x122e144e0_845 .array/port v0x122e144e0, 845;
v0x122e144e0_846 .array/port v0x122e144e0, 846;
E_0x122e04330/211 .event anyedge, v0x122e144e0_843, v0x122e144e0_844, v0x122e144e0_845, v0x122e144e0_846;
v0x122e144e0_847 .array/port v0x122e144e0, 847;
v0x122e144e0_848 .array/port v0x122e144e0, 848;
v0x122e144e0_849 .array/port v0x122e144e0, 849;
v0x122e144e0_850 .array/port v0x122e144e0, 850;
E_0x122e04330/212 .event anyedge, v0x122e144e0_847, v0x122e144e0_848, v0x122e144e0_849, v0x122e144e0_850;
v0x122e144e0_851 .array/port v0x122e144e0, 851;
v0x122e144e0_852 .array/port v0x122e144e0, 852;
v0x122e144e0_853 .array/port v0x122e144e0, 853;
v0x122e144e0_854 .array/port v0x122e144e0, 854;
E_0x122e04330/213 .event anyedge, v0x122e144e0_851, v0x122e144e0_852, v0x122e144e0_853, v0x122e144e0_854;
v0x122e144e0_855 .array/port v0x122e144e0, 855;
v0x122e144e0_856 .array/port v0x122e144e0, 856;
v0x122e144e0_857 .array/port v0x122e144e0, 857;
v0x122e144e0_858 .array/port v0x122e144e0, 858;
E_0x122e04330/214 .event anyedge, v0x122e144e0_855, v0x122e144e0_856, v0x122e144e0_857, v0x122e144e0_858;
v0x122e144e0_859 .array/port v0x122e144e0, 859;
v0x122e144e0_860 .array/port v0x122e144e0, 860;
v0x122e144e0_861 .array/port v0x122e144e0, 861;
v0x122e144e0_862 .array/port v0x122e144e0, 862;
E_0x122e04330/215 .event anyedge, v0x122e144e0_859, v0x122e144e0_860, v0x122e144e0_861, v0x122e144e0_862;
v0x122e144e0_863 .array/port v0x122e144e0, 863;
v0x122e144e0_864 .array/port v0x122e144e0, 864;
v0x122e144e0_865 .array/port v0x122e144e0, 865;
v0x122e144e0_866 .array/port v0x122e144e0, 866;
E_0x122e04330/216 .event anyedge, v0x122e144e0_863, v0x122e144e0_864, v0x122e144e0_865, v0x122e144e0_866;
v0x122e144e0_867 .array/port v0x122e144e0, 867;
v0x122e144e0_868 .array/port v0x122e144e0, 868;
v0x122e144e0_869 .array/port v0x122e144e0, 869;
v0x122e144e0_870 .array/port v0x122e144e0, 870;
E_0x122e04330/217 .event anyedge, v0x122e144e0_867, v0x122e144e0_868, v0x122e144e0_869, v0x122e144e0_870;
v0x122e144e0_871 .array/port v0x122e144e0, 871;
v0x122e144e0_872 .array/port v0x122e144e0, 872;
v0x122e144e0_873 .array/port v0x122e144e0, 873;
v0x122e144e0_874 .array/port v0x122e144e0, 874;
E_0x122e04330/218 .event anyedge, v0x122e144e0_871, v0x122e144e0_872, v0x122e144e0_873, v0x122e144e0_874;
v0x122e144e0_875 .array/port v0x122e144e0, 875;
v0x122e144e0_876 .array/port v0x122e144e0, 876;
v0x122e144e0_877 .array/port v0x122e144e0, 877;
v0x122e144e0_878 .array/port v0x122e144e0, 878;
E_0x122e04330/219 .event anyedge, v0x122e144e0_875, v0x122e144e0_876, v0x122e144e0_877, v0x122e144e0_878;
v0x122e144e0_879 .array/port v0x122e144e0, 879;
v0x122e144e0_880 .array/port v0x122e144e0, 880;
v0x122e144e0_881 .array/port v0x122e144e0, 881;
v0x122e144e0_882 .array/port v0x122e144e0, 882;
E_0x122e04330/220 .event anyedge, v0x122e144e0_879, v0x122e144e0_880, v0x122e144e0_881, v0x122e144e0_882;
v0x122e144e0_883 .array/port v0x122e144e0, 883;
v0x122e144e0_884 .array/port v0x122e144e0, 884;
v0x122e144e0_885 .array/port v0x122e144e0, 885;
v0x122e144e0_886 .array/port v0x122e144e0, 886;
E_0x122e04330/221 .event anyedge, v0x122e144e0_883, v0x122e144e0_884, v0x122e144e0_885, v0x122e144e0_886;
v0x122e144e0_887 .array/port v0x122e144e0, 887;
v0x122e144e0_888 .array/port v0x122e144e0, 888;
v0x122e144e0_889 .array/port v0x122e144e0, 889;
v0x122e144e0_890 .array/port v0x122e144e0, 890;
E_0x122e04330/222 .event anyedge, v0x122e144e0_887, v0x122e144e0_888, v0x122e144e0_889, v0x122e144e0_890;
v0x122e144e0_891 .array/port v0x122e144e0, 891;
v0x122e144e0_892 .array/port v0x122e144e0, 892;
v0x122e144e0_893 .array/port v0x122e144e0, 893;
v0x122e144e0_894 .array/port v0x122e144e0, 894;
E_0x122e04330/223 .event anyedge, v0x122e144e0_891, v0x122e144e0_892, v0x122e144e0_893, v0x122e144e0_894;
v0x122e144e0_895 .array/port v0x122e144e0, 895;
v0x122e144e0_896 .array/port v0x122e144e0, 896;
v0x122e144e0_897 .array/port v0x122e144e0, 897;
v0x122e144e0_898 .array/port v0x122e144e0, 898;
E_0x122e04330/224 .event anyedge, v0x122e144e0_895, v0x122e144e0_896, v0x122e144e0_897, v0x122e144e0_898;
v0x122e144e0_899 .array/port v0x122e144e0, 899;
v0x122e144e0_900 .array/port v0x122e144e0, 900;
v0x122e144e0_901 .array/port v0x122e144e0, 901;
v0x122e144e0_902 .array/port v0x122e144e0, 902;
E_0x122e04330/225 .event anyedge, v0x122e144e0_899, v0x122e144e0_900, v0x122e144e0_901, v0x122e144e0_902;
v0x122e144e0_903 .array/port v0x122e144e0, 903;
v0x122e144e0_904 .array/port v0x122e144e0, 904;
v0x122e144e0_905 .array/port v0x122e144e0, 905;
v0x122e144e0_906 .array/port v0x122e144e0, 906;
E_0x122e04330/226 .event anyedge, v0x122e144e0_903, v0x122e144e0_904, v0x122e144e0_905, v0x122e144e0_906;
v0x122e144e0_907 .array/port v0x122e144e0, 907;
v0x122e144e0_908 .array/port v0x122e144e0, 908;
v0x122e144e0_909 .array/port v0x122e144e0, 909;
v0x122e144e0_910 .array/port v0x122e144e0, 910;
E_0x122e04330/227 .event anyedge, v0x122e144e0_907, v0x122e144e0_908, v0x122e144e0_909, v0x122e144e0_910;
v0x122e144e0_911 .array/port v0x122e144e0, 911;
v0x122e144e0_912 .array/port v0x122e144e0, 912;
v0x122e144e0_913 .array/port v0x122e144e0, 913;
v0x122e144e0_914 .array/port v0x122e144e0, 914;
E_0x122e04330/228 .event anyedge, v0x122e144e0_911, v0x122e144e0_912, v0x122e144e0_913, v0x122e144e0_914;
v0x122e144e0_915 .array/port v0x122e144e0, 915;
v0x122e144e0_916 .array/port v0x122e144e0, 916;
v0x122e144e0_917 .array/port v0x122e144e0, 917;
v0x122e144e0_918 .array/port v0x122e144e0, 918;
E_0x122e04330/229 .event anyedge, v0x122e144e0_915, v0x122e144e0_916, v0x122e144e0_917, v0x122e144e0_918;
v0x122e144e0_919 .array/port v0x122e144e0, 919;
v0x122e144e0_920 .array/port v0x122e144e0, 920;
v0x122e144e0_921 .array/port v0x122e144e0, 921;
v0x122e144e0_922 .array/port v0x122e144e0, 922;
E_0x122e04330/230 .event anyedge, v0x122e144e0_919, v0x122e144e0_920, v0x122e144e0_921, v0x122e144e0_922;
v0x122e144e0_923 .array/port v0x122e144e0, 923;
v0x122e144e0_924 .array/port v0x122e144e0, 924;
v0x122e144e0_925 .array/port v0x122e144e0, 925;
v0x122e144e0_926 .array/port v0x122e144e0, 926;
E_0x122e04330/231 .event anyedge, v0x122e144e0_923, v0x122e144e0_924, v0x122e144e0_925, v0x122e144e0_926;
v0x122e144e0_927 .array/port v0x122e144e0, 927;
v0x122e144e0_928 .array/port v0x122e144e0, 928;
v0x122e144e0_929 .array/port v0x122e144e0, 929;
v0x122e144e0_930 .array/port v0x122e144e0, 930;
E_0x122e04330/232 .event anyedge, v0x122e144e0_927, v0x122e144e0_928, v0x122e144e0_929, v0x122e144e0_930;
v0x122e144e0_931 .array/port v0x122e144e0, 931;
v0x122e144e0_932 .array/port v0x122e144e0, 932;
v0x122e144e0_933 .array/port v0x122e144e0, 933;
v0x122e144e0_934 .array/port v0x122e144e0, 934;
E_0x122e04330/233 .event anyedge, v0x122e144e0_931, v0x122e144e0_932, v0x122e144e0_933, v0x122e144e0_934;
v0x122e144e0_935 .array/port v0x122e144e0, 935;
v0x122e144e0_936 .array/port v0x122e144e0, 936;
v0x122e144e0_937 .array/port v0x122e144e0, 937;
v0x122e144e0_938 .array/port v0x122e144e0, 938;
E_0x122e04330/234 .event anyedge, v0x122e144e0_935, v0x122e144e0_936, v0x122e144e0_937, v0x122e144e0_938;
v0x122e144e0_939 .array/port v0x122e144e0, 939;
v0x122e144e0_940 .array/port v0x122e144e0, 940;
v0x122e144e0_941 .array/port v0x122e144e0, 941;
v0x122e144e0_942 .array/port v0x122e144e0, 942;
E_0x122e04330/235 .event anyedge, v0x122e144e0_939, v0x122e144e0_940, v0x122e144e0_941, v0x122e144e0_942;
v0x122e144e0_943 .array/port v0x122e144e0, 943;
v0x122e144e0_944 .array/port v0x122e144e0, 944;
v0x122e144e0_945 .array/port v0x122e144e0, 945;
v0x122e144e0_946 .array/port v0x122e144e0, 946;
E_0x122e04330/236 .event anyedge, v0x122e144e0_943, v0x122e144e0_944, v0x122e144e0_945, v0x122e144e0_946;
v0x122e144e0_947 .array/port v0x122e144e0, 947;
v0x122e144e0_948 .array/port v0x122e144e0, 948;
v0x122e144e0_949 .array/port v0x122e144e0, 949;
v0x122e144e0_950 .array/port v0x122e144e0, 950;
E_0x122e04330/237 .event anyedge, v0x122e144e0_947, v0x122e144e0_948, v0x122e144e0_949, v0x122e144e0_950;
v0x122e144e0_951 .array/port v0x122e144e0, 951;
v0x122e144e0_952 .array/port v0x122e144e0, 952;
v0x122e144e0_953 .array/port v0x122e144e0, 953;
v0x122e144e0_954 .array/port v0x122e144e0, 954;
E_0x122e04330/238 .event anyedge, v0x122e144e0_951, v0x122e144e0_952, v0x122e144e0_953, v0x122e144e0_954;
v0x122e144e0_955 .array/port v0x122e144e0, 955;
v0x122e144e0_956 .array/port v0x122e144e0, 956;
v0x122e144e0_957 .array/port v0x122e144e0, 957;
v0x122e144e0_958 .array/port v0x122e144e0, 958;
E_0x122e04330/239 .event anyedge, v0x122e144e0_955, v0x122e144e0_956, v0x122e144e0_957, v0x122e144e0_958;
v0x122e144e0_959 .array/port v0x122e144e0, 959;
v0x122e144e0_960 .array/port v0x122e144e0, 960;
v0x122e144e0_961 .array/port v0x122e144e0, 961;
v0x122e144e0_962 .array/port v0x122e144e0, 962;
E_0x122e04330/240 .event anyedge, v0x122e144e0_959, v0x122e144e0_960, v0x122e144e0_961, v0x122e144e0_962;
v0x122e144e0_963 .array/port v0x122e144e0, 963;
v0x122e144e0_964 .array/port v0x122e144e0, 964;
v0x122e144e0_965 .array/port v0x122e144e0, 965;
v0x122e144e0_966 .array/port v0x122e144e0, 966;
E_0x122e04330/241 .event anyedge, v0x122e144e0_963, v0x122e144e0_964, v0x122e144e0_965, v0x122e144e0_966;
v0x122e144e0_967 .array/port v0x122e144e0, 967;
v0x122e144e0_968 .array/port v0x122e144e0, 968;
v0x122e144e0_969 .array/port v0x122e144e0, 969;
v0x122e144e0_970 .array/port v0x122e144e0, 970;
E_0x122e04330/242 .event anyedge, v0x122e144e0_967, v0x122e144e0_968, v0x122e144e0_969, v0x122e144e0_970;
v0x122e144e0_971 .array/port v0x122e144e0, 971;
v0x122e144e0_972 .array/port v0x122e144e0, 972;
v0x122e144e0_973 .array/port v0x122e144e0, 973;
v0x122e144e0_974 .array/port v0x122e144e0, 974;
E_0x122e04330/243 .event anyedge, v0x122e144e0_971, v0x122e144e0_972, v0x122e144e0_973, v0x122e144e0_974;
v0x122e144e0_975 .array/port v0x122e144e0, 975;
v0x122e144e0_976 .array/port v0x122e144e0, 976;
v0x122e144e0_977 .array/port v0x122e144e0, 977;
v0x122e144e0_978 .array/port v0x122e144e0, 978;
E_0x122e04330/244 .event anyedge, v0x122e144e0_975, v0x122e144e0_976, v0x122e144e0_977, v0x122e144e0_978;
v0x122e144e0_979 .array/port v0x122e144e0, 979;
v0x122e144e0_980 .array/port v0x122e144e0, 980;
v0x122e144e0_981 .array/port v0x122e144e0, 981;
v0x122e144e0_982 .array/port v0x122e144e0, 982;
E_0x122e04330/245 .event anyedge, v0x122e144e0_979, v0x122e144e0_980, v0x122e144e0_981, v0x122e144e0_982;
v0x122e144e0_983 .array/port v0x122e144e0, 983;
v0x122e144e0_984 .array/port v0x122e144e0, 984;
v0x122e144e0_985 .array/port v0x122e144e0, 985;
v0x122e144e0_986 .array/port v0x122e144e0, 986;
E_0x122e04330/246 .event anyedge, v0x122e144e0_983, v0x122e144e0_984, v0x122e144e0_985, v0x122e144e0_986;
v0x122e144e0_987 .array/port v0x122e144e0, 987;
v0x122e144e0_988 .array/port v0x122e144e0, 988;
v0x122e144e0_989 .array/port v0x122e144e0, 989;
v0x122e144e0_990 .array/port v0x122e144e0, 990;
E_0x122e04330/247 .event anyedge, v0x122e144e0_987, v0x122e144e0_988, v0x122e144e0_989, v0x122e144e0_990;
v0x122e144e0_991 .array/port v0x122e144e0, 991;
v0x122e144e0_992 .array/port v0x122e144e0, 992;
v0x122e144e0_993 .array/port v0x122e144e0, 993;
v0x122e144e0_994 .array/port v0x122e144e0, 994;
E_0x122e04330/248 .event anyedge, v0x122e144e0_991, v0x122e144e0_992, v0x122e144e0_993, v0x122e144e0_994;
v0x122e144e0_995 .array/port v0x122e144e0, 995;
v0x122e144e0_996 .array/port v0x122e144e0, 996;
v0x122e144e0_997 .array/port v0x122e144e0, 997;
v0x122e144e0_998 .array/port v0x122e144e0, 998;
E_0x122e04330/249 .event anyedge, v0x122e144e0_995, v0x122e144e0_996, v0x122e144e0_997, v0x122e144e0_998;
v0x122e144e0_999 .array/port v0x122e144e0, 999;
v0x122e144e0_1000 .array/port v0x122e144e0, 1000;
v0x122e144e0_1001 .array/port v0x122e144e0, 1001;
v0x122e144e0_1002 .array/port v0x122e144e0, 1002;
E_0x122e04330/250 .event anyedge, v0x122e144e0_999, v0x122e144e0_1000, v0x122e144e0_1001, v0x122e144e0_1002;
v0x122e144e0_1003 .array/port v0x122e144e0, 1003;
v0x122e144e0_1004 .array/port v0x122e144e0, 1004;
v0x122e144e0_1005 .array/port v0x122e144e0, 1005;
v0x122e144e0_1006 .array/port v0x122e144e0, 1006;
E_0x122e04330/251 .event anyedge, v0x122e144e0_1003, v0x122e144e0_1004, v0x122e144e0_1005, v0x122e144e0_1006;
v0x122e144e0_1007 .array/port v0x122e144e0, 1007;
v0x122e144e0_1008 .array/port v0x122e144e0, 1008;
v0x122e144e0_1009 .array/port v0x122e144e0, 1009;
v0x122e144e0_1010 .array/port v0x122e144e0, 1010;
E_0x122e04330/252 .event anyedge, v0x122e144e0_1007, v0x122e144e0_1008, v0x122e144e0_1009, v0x122e144e0_1010;
v0x122e144e0_1011 .array/port v0x122e144e0, 1011;
v0x122e144e0_1012 .array/port v0x122e144e0, 1012;
v0x122e144e0_1013 .array/port v0x122e144e0, 1013;
v0x122e144e0_1014 .array/port v0x122e144e0, 1014;
E_0x122e04330/253 .event anyedge, v0x122e144e0_1011, v0x122e144e0_1012, v0x122e144e0_1013, v0x122e144e0_1014;
v0x122e144e0_1015 .array/port v0x122e144e0, 1015;
v0x122e144e0_1016 .array/port v0x122e144e0, 1016;
v0x122e144e0_1017 .array/port v0x122e144e0, 1017;
v0x122e144e0_1018 .array/port v0x122e144e0, 1018;
E_0x122e04330/254 .event anyedge, v0x122e144e0_1015, v0x122e144e0_1016, v0x122e144e0_1017, v0x122e144e0_1018;
v0x122e144e0_1019 .array/port v0x122e144e0, 1019;
v0x122e144e0_1020 .array/port v0x122e144e0, 1020;
v0x122e144e0_1021 .array/port v0x122e144e0, 1021;
v0x122e144e0_1022 .array/port v0x122e144e0, 1022;
E_0x122e04330/255 .event anyedge, v0x122e144e0_1019, v0x122e144e0_1020, v0x122e144e0_1021, v0x122e144e0_1022;
v0x122e144e0_1023 .array/port v0x122e144e0, 1023;
E_0x122e04330/256 .event anyedge, v0x122e144e0_1023;
E_0x122e04330 .event/or E_0x122e04330/0, E_0x122e04330/1, E_0x122e04330/2, E_0x122e04330/3, E_0x122e04330/4, E_0x122e04330/5, E_0x122e04330/6, E_0x122e04330/7, E_0x122e04330/8, E_0x122e04330/9, E_0x122e04330/10, E_0x122e04330/11, E_0x122e04330/12, E_0x122e04330/13, E_0x122e04330/14, E_0x122e04330/15, E_0x122e04330/16, E_0x122e04330/17, E_0x122e04330/18, E_0x122e04330/19, E_0x122e04330/20, E_0x122e04330/21, E_0x122e04330/22, E_0x122e04330/23, E_0x122e04330/24, E_0x122e04330/25, E_0x122e04330/26, E_0x122e04330/27, E_0x122e04330/28, E_0x122e04330/29, E_0x122e04330/30, E_0x122e04330/31, E_0x122e04330/32, E_0x122e04330/33, E_0x122e04330/34, E_0x122e04330/35, E_0x122e04330/36, E_0x122e04330/37, E_0x122e04330/38, E_0x122e04330/39, E_0x122e04330/40, E_0x122e04330/41, E_0x122e04330/42, E_0x122e04330/43, E_0x122e04330/44, E_0x122e04330/45, E_0x122e04330/46, E_0x122e04330/47, E_0x122e04330/48, E_0x122e04330/49, E_0x122e04330/50, E_0x122e04330/51, E_0x122e04330/52, E_0x122e04330/53, E_0x122e04330/54, E_0x122e04330/55, E_0x122e04330/56, E_0x122e04330/57, E_0x122e04330/58, E_0x122e04330/59, E_0x122e04330/60, E_0x122e04330/61, E_0x122e04330/62, E_0x122e04330/63, E_0x122e04330/64, E_0x122e04330/65, E_0x122e04330/66, E_0x122e04330/67, E_0x122e04330/68, E_0x122e04330/69, E_0x122e04330/70, E_0x122e04330/71, E_0x122e04330/72, E_0x122e04330/73, E_0x122e04330/74, E_0x122e04330/75, E_0x122e04330/76, E_0x122e04330/77, E_0x122e04330/78, E_0x122e04330/79, E_0x122e04330/80, E_0x122e04330/81, E_0x122e04330/82, E_0x122e04330/83, E_0x122e04330/84, E_0x122e04330/85, E_0x122e04330/86, E_0x122e04330/87, E_0x122e04330/88, E_0x122e04330/89, E_0x122e04330/90, E_0x122e04330/91, E_0x122e04330/92, E_0x122e04330/93, E_0x122e04330/94, E_0x122e04330/95, E_0x122e04330/96, E_0x122e04330/97, E_0x122e04330/98, E_0x122e04330/99, E_0x122e04330/100, E_0x122e04330/101, E_0x122e04330/102, E_0x122e04330/103, E_0x122e04330/104, E_0x122e04330/105, E_0x122e04330/106, E_0x122e04330/107, E_0x122e04330/108, E_0x122e04330/109, E_0x122e04330/110, E_0x122e04330/111, E_0x122e04330/112, E_0x122e04330/113, E_0x122e04330/114, E_0x122e04330/115, E_0x122e04330/116, E_0x122e04330/117, E_0x122e04330/118, E_0x122e04330/119, E_0x122e04330/120, E_0x122e04330/121, E_0x122e04330/122, E_0x122e04330/123, E_0x122e04330/124, E_0x122e04330/125, E_0x122e04330/126, E_0x122e04330/127, E_0x122e04330/128, E_0x122e04330/129, E_0x122e04330/130, E_0x122e04330/131, E_0x122e04330/132, E_0x122e04330/133, E_0x122e04330/134, E_0x122e04330/135, E_0x122e04330/136, E_0x122e04330/137, E_0x122e04330/138, E_0x122e04330/139, E_0x122e04330/140, E_0x122e04330/141, E_0x122e04330/142, E_0x122e04330/143, E_0x122e04330/144, E_0x122e04330/145, E_0x122e04330/146, E_0x122e04330/147, E_0x122e04330/148, E_0x122e04330/149, E_0x122e04330/150, E_0x122e04330/151, E_0x122e04330/152, E_0x122e04330/153, E_0x122e04330/154, E_0x122e04330/155, E_0x122e04330/156, E_0x122e04330/157, E_0x122e04330/158, E_0x122e04330/159, E_0x122e04330/160, E_0x122e04330/161, E_0x122e04330/162, E_0x122e04330/163, E_0x122e04330/164, E_0x122e04330/165, E_0x122e04330/166, E_0x122e04330/167, E_0x122e04330/168, E_0x122e04330/169, E_0x122e04330/170, E_0x122e04330/171, E_0x122e04330/172, E_0x122e04330/173, E_0x122e04330/174, E_0x122e04330/175, E_0x122e04330/176, E_0x122e04330/177, E_0x122e04330/178, E_0x122e04330/179, E_0x122e04330/180, E_0x122e04330/181, E_0x122e04330/182, E_0x122e04330/183, E_0x122e04330/184, E_0x122e04330/185, E_0x122e04330/186, E_0x122e04330/187, E_0x122e04330/188, E_0x122e04330/189, E_0x122e04330/190, E_0x122e04330/191, E_0x122e04330/192, E_0x122e04330/193, E_0x122e04330/194, E_0x122e04330/195, E_0x122e04330/196, E_0x122e04330/197, E_0x122e04330/198, E_0x122e04330/199, E_0x122e04330/200, E_0x122e04330/201, E_0x122e04330/202, E_0x122e04330/203, E_0x122e04330/204, E_0x122e04330/205, E_0x122e04330/206, E_0x122e04330/207, E_0x122e04330/208, E_0x122e04330/209, E_0x122e04330/210, E_0x122e04330/211, E_0x122e04330/212, E_0x122e04330/213, E_0x122e04330/214, E_0x122e04330/215, E_0x122e04330/216, E_0x122e04330/217, E_0x122e04330/218, E_0x122e04330/219, E_0x122e04330/220, E_0x122e04330/221, E_0x122e04330/222, E_0x122e04330/223, E_0x122e04330/224, E_0x122e04330/225, E_0x122e04330/226, E_0x122e04330/227, E_0x122e04330/228, E_0x122e04330/229, E_0x122e04330/230, E_0x122e04330/231, E_0x122e04330/232, E_0x122e04330/233, E_0x122e04330/234, E_0x122e04330/235, E_0x122e04330/236, E_0x122e04330/237, E_0x122e04330/238, E_0x122e04330/239, E_0x122e04330/240, E_0x122e04330/241, E_0x122e04330/242, E_0x122e04330/243, E_0x122e04330/244, E_0x122e04330/245, E_0x122e04330/246, E_0x122e04330/247, E_0x122e04330/248, E_0x122e04330/249, E_0x122e04330/250, E_0x122e04330/251, E_0x122e04330/252, E_0x122e04330/253, E_0x122e04330/254, E_0x122e04330/255, E_0x122e04330/256;
    .scope S_0x122e04170;
T_0 ;
    %vpi_call 2 8 "$readmemb", "code.txt", v0x122e144e0, 32'sb00000000000000000000000000000000, 32'sb00000000000000000000001111111111 {0 0 0};
    %end;
    .thread T_0;
    .scope S_0x122e04170;
T_1 ;
    %wait E_0x122e04330;
    %load/vec4 v0x122e04380_0;
    %addi 3, 0, 32;
    %ix/vec4 4;
    %load/vec4a v0x122e144e0, 4;
    %load/vec4 v0x122e04380_0;
    %addi 2, 0, 32;
    %ix/vec4 4;
    %load/vec4a v0x122e144e0, 4;
    %concat/vec4; draw_concat_vec4
    %load/vec4 v0x122e04380_0;
    %addi 1, 0, 32;
    %ix/vec4 4;
    %load/vec4a v0x122e144e0, 4;
    %concat/vec4; draw_concat_vec4
    %ix/getv 4, v0x122e04380_0;
    %load/vec4a v0x122e144e0, 4;
    %concat/vec4; draw_concat_vec4
    %assign/vec4 v0x122e14440_0, 0;
    %jmp T_1;
    .thread T_1, $push;
# The file index is used to find the file name in the following table.
:file_names 3;
    "N/A";
    "<interactive>";
    "im.v";
